<?xml version="1.0" ?>
<coverage version="7.14.1" timestamp="1782407528515" lines-valid="8" lines-covered="8" line-rate="1" branches-valid="4" branches-covered="2" branch-rate="0.5" complexity="0">
	<!-- Generated by coverage.py: https://coverage.readthedocs.io/en/7.14.1 -->
	<!-- Based on https://raw.githubusercontent.com/cobertura/web/master/htdocs/xml/coverage-04.dtd -->
	<sources>
		<source>/Users/foo/Projects/ec-dummy</source>
	</sources>
	<packages>
		<package name="." line-rate="1" branch-rate="0.5" complexity="0">
			<classes>
				<class name="foo.py" filename="foo.py" complexity="0" line-rate="1" branch-rate="0.5">
					<methods/>
					<lines>
						<line number="13" hits="1"/>
						<line number="15" hits="1"/>
						<line number="16" hits="1" branch="true" condition-coverage="50% (1/2)" missing-branches="18"/>
						<line number="17" hits="1"/>
						<line number="18" hits="1"/>
						<line number="21" hits="1"/>
						<line number="24" hits="1" branch="true" condition-coverage="50% (1/2)" missing-branches="exit"/>
						<line number="25" hits="1"/>
					</lines>
				</class>
			</classes>
		</package>
	</packages>
</coverage>
