<?xml version="1.0" ?>
<coverage branch-rate="0.828" branches-covered="361" branches-valid="436" complexity="0" line-rate="0.8897" lines-covered="1565" lines-valid="1759" timestamp="1645809963233" version="6.2">
	<!-- Generated by coverage.py: https://coverage.readthedocs.io -->
	<!-- Based on https://raw.githubusercontent.com/cobertura/web/master/htdocs/xml/coverage-04.dtd -->
	<sources>
		<source>/Users/foo/Projects/ec-dummy</source>
	</sources>
	<packages>
		<package branch-rate="0.9643" complexity="0" line-rate="1" name="controllers">
			<classes>
				<class branch-rate="1" complexity="0" filename="controllers/controller_01.py" line-rate="1" name="controller_01.py">
					<methods/>
					<lines>
						<line hits="1" number="1"/>
						<line branch="true" condition-coverage="100% (2/2)" hits="1" number="4"/>
						<line hits="1" number="5"/>
						<line hits="1" number="6"/>
						<line hits="1" number="7"/>
						<line hits="1" number="8"/>
						<line hits="1" number="10"/>
						<line hits="1" number="11"/>
						<line hits="1" number="13"/>
						<line branch="true" condition-coverage="100% (2/2)" hits="1" number="14"/>
						<line branch="true" condition-coverage="100% (2/2)" hits="1" number="15"/>
						<line hits="1" number="16"/>
						<line branch="true" condition-coverage="100% (2/2)" hits="1" number="18"/>
						<line hits="1" number="19"/>
						<line hits="1" number="20"/>
						<line hits="1" number="21"/>
						<line hits="1" number="23"/>
						<line hits="1" number="24"/>
						<line hits="1" number="25"/>
						<line hits="1" number="27"/>
						<line hits="1" number="28"/>
						<line hits="1" number="30"/>
						<line branch="true" condition-coverage="100% (2/2)" hits="1" number="31"/>
						<line hits="1" number="32"/>
						<line hits="1" number="33"/>
						<line hits="1" number="35"/>
						<line hits="1" number="36"/>
					</lines>
				</class>
				<class branch-rate="0.875" complexity="0" filename="controllers/controller_02.py" line-rate="1" name="controller_02.py">
					<methods/>
					<lines>
						<line hits="1" number="1"/>
						<line hits="1" number="2"/>
						<line hits="1" number="4"/>
						<line branch="true" condition-coverage="100% (2/2)" hits="1" number="7"/>
						<line hits="1" number="8"/>
						<line hits="1" number="9"/>
						<line hits="1" number="10"/>
						<line hits="1" number="11"/>
						<line hits="1" number="13"/>
						<line hits="1" number="14"/>
						<line hits="1" number="15"/>
						<line hits="1" number="16"/>
						<line hits="1" number="18"/>
						<line hits="1" number="19"/>
						<line hits="1" number="20"/>
						<line hits="1" number="22"/>
						<line hits="1" number="23"/>
						<line hits="1" number="24"/>
						<line hits="1" number="26"/>
						<line hits="1" number="27"/>
						<line hits="1" number="28"/>
						<line hits="1" number="30"/>
						<line hits="1" number="31"/>
						<line hits="1" number="33"/>
						<line hits="1" number="34"/>
						<line hits="1" number="35"/>
						<line hits="1" number="36"/>
						<line hits="1" number="37"/>
						<line hits="1" number="38"/>
						<line hits="1" number="40"/>
						<line hits="1" number="41"/>
						<line hits="1" number="43"/>
						<line hits="1" number="44"/>
						<line hits="1" number="45"/>
						<line hits="1" number="47"/>
						<line hits="1" number="48"/>
						<line hits="1" number="49"/>
						<line hits="1" number="50"/>
						<line hits="1" number="51"/>
						<line hits="1" number="53"/>
						<line hits="1" number="55"/>
						<line hits="1" number="56"/>
						<line hits="1" number="57"/>
						<line hits="1" number="59"/>
						<line branch="true" condition-coverage="100% (2/2)" hits="1" number="60"/>
						<line hits="1" number="61"/>
						<line branch="true" condition-coverage="50% (1/2)" hits="1" missing-branches="66" number="63"/>
						<line hits="1" number="64"/>
						<line hits="1" number="66"/>
						<line hits="1" number="67"/>
						<line hits="1" number="68"/>
						<line hits="1" number="73"/>
						<line hits="1" number="74"/>
						<line hits="1" number="76"/>
						<line hits="1" number="78"/>
						<line hits="1" number="80"/>
						<line hits="1" number="81"/>
						<line hits="1" number="83"/>
						<line hits="1" number="84"/>
						<line hits="1" number="85"/>
						<line branch="true" condition-coverage="100% (2/2)" hits="1" number="86"/>
						<line hits="1" number="87"/>
						<line hits="1" number="88"/>
					</lines>
				</class>
				<class branch-rate="1" complexity="0" filename="controllers/controller_03.py" line-rate="1" name="controller_03.py">
					<methods/>
					<lines>
						<line hits="1" number="1"/>
						<line hits="1" number="2"/>
						<line hits="1" number="3"/>
						<line hits="1" number="4"/>
						<line hits="1" number="5"/>
						<line hits="1" number="7"/>
						<line branch="true" condition-coverage="100% (2/2)" hits="1" number="10"/>
						<line hits="1" number="11"/>
						<line hits="1" number="13"/>
						<line hits="1" number="15"/>
						<line hits="1" number="17"/>
						<line hits="1" number="19"/>
						<line hits="1" number="21"/>
						<line branch="true" condition-coverage="100% (2/2)" hits="1" number="24"/>
						<line hits="1" number="25"/>
						<line hits="1" number="26"/>
						<line hits="1" number="27"/>
						<line hits="1" number="28"/>
						<line hits="1" number="30"/>
						<line hits="1" number="31"/>
						<line hits="1" number="32"/>
						<line hits="1" number="33"/>
						<line hits="1" number="34"/>
						<line hits="1" number="35"/>
						<line hits="1" number="36"/>
						<line hits="1" number="38"/>
						<line hits="1" number="39"/>
						<line hits="1" number="40"/>
						<line hits="1" number="42"/>
						<line hits="1" number="43"/>
						<line hits="1" number="44"/>
						<line hits="1" number="46"/>
						<line branch="true" condition-coverage="100% (2/2)" hits="1" number="47"/>
						<line hits="1" number="48"/>
						<line hits="1" number="50"/>
						<line hits="1" number="51"/>
						<line hits="1" number="53"/>
						<line hits="1" number="54"/>
						<line hits="1" number="59"/>
						<line hits="1" number="60"/>
						<line hits="1" number="62"/>
						<line hits="1" number="63"/>
						<line hits="1" number="65"/>
						<line hits="1" number="69"/>
						<line hits="1" number="70"/>
						<line hits="1" number="71"/>
						<line hits="1" number="73"/>
						<line hits="1" number="74"/>
						<line hits="1" number="75"/>
						<line hits="1" number="77"/>
						<line hits="1" number="78"/>
						<line hits="1" number="79"/>
						<line hits="1" number="80"/>
						<line hits="1" number="81"/>
						<line hits="1" number="83"/>
						<line hits="1" number="84"/>
						<line branch="true" condition-coverage="100% (2/2)" hits="1" number="85"/>
						<line hits="1" number="86"/>
						<line hits="1" number="88"/>
						<line hits="1" number="89"/>
						<line hits="1" number="91"/>
						<line hits="1" number="92"/>
						<line hits="1" number="93"/>
						<line hits="1" number="94"/>
						<line hits="1" number="95"/>
						<line hits="1" number="97"/>
						<line hits="1" number="98"/>
						<line hits="1" number="100"/>
						<line branch="true" condition-coverage="100% (2/2)" hits="1" number="101"/>
						<line hits="1" number="102"/>
						<line hits="1" number="104"/>
						<line hits="1" number="106"/>
						<line hits="1" number="107"/>
						<line hits="1" number="108"/>
						<line hits="1" number="109"/>
						<line hits="1" number="110"/>
						<line hits="1" number="111"/>
						<line hits="1" number="112"/>
						<line hits="1" number="114"/>
						<line hits="1" number="115"/>
						<line hits="1" number="116"/>
						<line hits="1" number="118"/>
						<line hits="1" number="119"/>
						<line hits="1" number="120"/>
						<line hits="1" number="122"/>
						<line hits="1" number="123"/>
						<line hits="1" number="124"/>
						<line hits="1" number="125"/>
						<line hits="1" number="127"/>
						<line hits="1" number="128"/>
						<line hits="1" number="129"/>
						<line hits="1" number="130"/>
						<line hits="1" number="131"/>
						<line hits="1" number="133"/>
						<line hits="1" number="134"/>
						<line hits="1" number="135"/>
						<line hits="1" number="136"/>
						<line hits="1" number="138"/>
						<line hits="1" number="139"/>
						<line hits="1" number="140"/>
						<line hits="1" number="142"/>
						<line hits="1" number="143"/>
						<line hits="1" number="145"/>
						<line hits="1" number="146"/>
					</lines>
				</class>
			</classes>
		</package>
		<package branch-rate="0.7059" complexity="0" line-rate="0.8842" name="controllers.ip_broker">
			<classes>
				<class branch-rate="0.7059" complexity="0" filename="controllers/controller_04.py" line-rate="0.8842" name="controller_04.py">
					<methods/>
					<lines>
						<line hits="1" number="1"/>
						<line hits="1" number="2"/>
						<line hits="1" number="3"/>
						<line hits="1" number="4"/>
						<line hits="1" number="5"/>
						<line hits="1" number="7"/>
						<line hits="1" number="9"/>
						<line hits="1" number="10"/>
						<line hits="1" number="12"/>
						<line hits="1" number="14"/>
						<line hits="1" number="16"/>
						<line hits="1" number="17"/>
						<line branch="true" condition-coverage="100% (2/2)" hits="1" number="19"/>
						<line hits="1" number="20"/>
						<line hits="1" number="21"/>
						<line hits="1" number="22"/>
						<line hits="1" number="23"/>
						<line hits="1" number="24"/>
						<line hits="1" number="25"/>
						<line hits="1" number="26"/>
						<line hits="1" number="27"/>
						<line hits="1" number="28"/>
						<line hits="1" number="31"/>
						<line hits="1" number="32"/>
						<line hits="1" number="34"/>
						<line hits="1" number="35"/>
						<line hits="1" number="37"/>
						<line branch="true" condition-coverage="50% (1/2)" hits="1" missing-branches="39" number="38"/>
						<line hits="0" number="39"/>
						<line branch="true" condition-coverage="0% (0/2)" hits="0" missing-branches="41,43" number="40"/>
						<line hits="0" number="41"/>
						<line hits="0" number="43"/>
						<line hits="1" number="45"/>
						<line hits="1" number="47"/>
						<line branch="true" condition-coverage="50% (1/2)" hits="1" missing-branches="54" number="48"/>
						<line hits="1" number="49"/>
						<line hits="1" number="54"/>
						<line branch="true" condition-coverage="50% (1/2)" hits="1" missing-branches="56" number="55"/>
						<line hits="0" number="56"/>
						<line hits="1" number="58"/>
						<line branch="true" condition-coverage="50% (1/2)" hits="1" missing-branches="114" number="111"/>
						<line hits="1" number="112"/>
						<line branch="true" condition-coverage="50% (1/2)" hits="1" missing-branches="117" number="114"/>
						<line hits="1" number="115"/>
						<line hits="0" number="117"/>
						<line hits="1" number="119"/>
						<line hits="1" number="120"/>
						<line hits="1" number="123"/>
						<line hits="1" number="124"/>
						<line hits="1" number="125"/>
						<line branch="true" condition-coverage="50% (1/2)" hits="1" missing-branches="129" number="128"/>
						<line hits="0" number="129"/>
						<line hits="0" number="130"/>
						<line hits="0" number="131"/>
						<line hits="1" number="134"/>
						<line hits="1" number="135"/>
						<line branch="true" condition-coverage="100% (2/2)" hits="1" number="136"/>
						<line branch="true" condition-coverage="100% (2/2)" hits="1" number="137"/>
						<line hits="1" number="138"/>
						<line hits="1" number="209"/>
						<line hits="1" number="211"/>
						<line branch="true" condition-coverage="100% (2/2)" hits="1" number="212"/>
						<line hits="1" number="213"/>
						<line hits="1" number="214"/>
						<line hits="1" number="218"/>
						<line hits="1" number="221"/>
						<line hits="1" number="222"/>
						<line hits="1" number="223"/>
						<line hits="1" number="224"/>
						<line hits="1" number="225"/>
						<line branch="true" condition-coverage="100% (2/2)" hits="1" number="228"/>
						<line branch="true" condition-coverage="100% (2/2)" hits="1" number="229"/>
						<line branch="true" condition-coverage="50% (1/2)" hits="1" missing-branches="235" number="231"/>
						<line hits="1" number="232"/>
						<line hits="1" number="233"/>
						<line hits="0" number="235"/>
						<line hits="1" number="237"/>
						<line branch="true" condition-coverage="100% (2/2)" hits="1" number="239"/>
						<line hits="1" number="257"/>
						<line hits="1" number="260"/>
						<line hits="1" number="261"/>
						<line hits="1" number="262"/>
						<line hits="1" number="264"/>
						<line hits="1" number="265"/>
						<line hits="1" number="268"/>
						<line hits="1" number="275"/>
						<line hits="1" number="276"/>
						<line hits="1" number="279"/>
						<line branch="true" condition-coverage="50% (1/2)" hits="1" missing-branches="281" number="280"/>
						<line hits="0" number="281"/>
						<line hits="1" number="283"/>
						<line branch="true" condition-coverage="100% (2/2)" hits="1" number="284"/>
						<line hits="1" number="285"/>
						<line hits="1" number="291"/>
						<line hits="1" number="293"/>
					</lines>
				</class>
			</classes>
		</package>
		<package branch-rate="0.725" complexity="0" line-rate="0.8357" name="controllers.result">
			<classes>
				<class branch-rate="0.725" complexity="0" filename="controllers/controller_05.py" line-rate="0.8357" name="controller_05.py">
					<methods/>
					<lines>
						<line hits="1" number="1"/>
						<line hits="1" number="2"/>
						<line hits="1" number="3"/>
						<line hits="1" number="4"/>
						<line hits="1" number="5"/>
						<line hits="1" number="6"/>
						<line hits="1" number="7"/>
						<line hits="1" number="9"/>
						<line hits="1" number="11"/>
						<line hits="1" number="13"/>
						<line hits="1" number="14"/>
						<line hits="1" number="15"/>
						<line hits="1" number="16"/>
						<line hits="1" number="17"/>
						<line hits="1" number="19"/>
						<line hits="1" number="20"/>
						<line hits="1" number="21"/>
						<line hits="1" number="22"/>
						<line hits="1" number="24"/>
						<line branch="true" condition-coverage="100% (2/2)" hits="1" number="27"/>
						<line hits="1" number="28"/>
						<line hits="1" number="29"/>
						<line hits="1" number="30"/>
						<line hits="1" number="31"/>
						<line hits="1" number="32"/>
						<line hits="1" number="33"/>
						<line hits="1" number="34"/>
						<line hits="1" number="35"/>
						<line hits="1" number="36"/>
						<line hits="1" number="39"/>
						<line hits="1" number="44"/>
						<line branch="true" condition-coverage="50% (1/2)" hits="1" missing-branches="47" number="46"/>
						<line hits="0" number="47"/>
						<line hits="1" number="49"/>
						<line branch="true" condition-coverage="50% (1/2)" hits="1" missing-branches="54" number="51"/>
						<line hits="1" number="52"/>
						<line hits="1" number="54"/>
						<line hits="1" number="55"/>
						<line hits="1" number="57"/>
						<line hits="1" number="58"/>
						<line branch="true" condition-coverage="50% (1/2)" hits="1" missing-branches="69" number="61"/>
						<line hits="1" number="62"/>
						<line hits="1" number="63"/>
						<line hits="1" number="64"/>
						<line hits="1" number="66"/>
						<line hits="0" number="69"/>
						<line hits="1" number="72"/>
						<line branch="true" condition-coverage="50% (1/2)" hits="1" missing-branches="78" number="75"/>
						<line hits="1" number="76"/>
						<line branch="true" condition-coverage="50% (1/2)" hits="1" missing-branches="81" number="78"/>
						<line hits="1" number="79"/>
						<line hits="1" number="81"/>
						<line hits="1" number="84"/>
						<line hits="1" number="95"/>
						<line branch="true" condition-coverage="100% (2/2)" hits="1" number="97"/>
						<line branch="true" condition-coverage="50% (1/2)" hits="1" missing-branches="100" number="99"/>
						<line hits="0" number="100"/>
						<line hits="0" number="101"/>
						<line hits="0" number="102"/>
						<line branch="true" condition-coverage="100% (2/2)" hits="1" number="105"/>
						<line hits="1" number="106"/>
						<line hits="1" number="107"/>
						<line hits="1" number="108"/>
						<line branch="true" condition-coverage="50% (1/2)" hits="1" missing-branches="138" number="109"/>
						<line hits="1" number="110"/>
						<line hits="1" number="111"/>
						<line hits="1" number="112"/>
						<line branch="true" condition-coverage="50% (1/2)" hits="1" missing-branches="134" number="113"/>
						<line branch="true" condition-coverage="50% (1/2)" hits="1" missing-branches="116" number="114"/>
						<line hits="1" number="115"/>
						<line branch="true" condition-coverage="50% (1/2)" hits="1" missing-branches="119" number="116"/>
						<line hits="1" number="117"/>
						<line branch="true" condition-coverage="50% (1/2)" hits="1" missing-branches="120" number="119"/>
						<line hits="0" number="120"/>
						<line hits="0" number="122"/>
						<line branch="true" condition-coverage="0% (0/2)" hits="0" missing-branches="124,129" number="123"/>
						<line branch="true" condition-coverage="0% (0/2)" hits="0" missing-branches="123,125" number="124"/>
						<line branch="true" condition-coverage="0% (0/2)" hits="0" missing-branches="124,126" number="125"/>
						<line hits="0" number="126"/>
						<line hits="0" number="127"/>
						<line hits="0" number="129"/>
						<line hits="0" number="130"/>
						<line hits="0" number="131"/>
						<line hits="0" number="132"/>
						<line hits="1" number="134"/>
						<line hits="0" number="138"/>
						<line branch="true" condition-coverage="100% (2/2)" hits="1" number="140"/>
						<line hits="1" number="141"/>
						<line hits="1" number="142"/>
						<line hits="1" number="143"/>
						<line hits="1" number="144"/>
						<line branch="true" condition-coverage="100% (2/2)" hits="1" number="146"/>
						<line hits="1" number="147"/>
						<line branch="true" condition-coverage="100% (2/2)" hits="1" number="148"/>
						<line hits="1" number="149"/>
						<line hits="1" number="150"/>
						<line hits="1" number="151"/>
						<line hits="1" number="154"/>
						<line hits="1" number="155"/>
						<line hits="1" number="158"/>
						<line hits="1" number="161"/>
						<line hits="1" number="164"/>
						<line hits="1" number="167"/>
						<line hits="1" number="170"/>
						<line branch="true" condition-coverage="100% (2/2)" hits="1" number="171"/>
						<line hits="1" number="172"/>
						<line hits="1" number="173"/>
						<line hits="1" number="176"/>
						<line hits="1" number="177"/>
						<line hits="1" number="178"/>
						<line hits="1" number="180"/>
						<line hits="1" number="182"/>
						<line hits="1" number="183"/>
						<line hits="1" number="184"/>
						<line hits="1" number="187"/>
						<line hits="1" number="188"/>
						<line branch="true" condition-coverage="100% (2/2)" hits="1" number="191"/>
						<line branch="true" condition-coverage="100% (2/2)" hits="1" number="192"/>
						<line hits="1" number="193"/>
						<line hits="1" number="194"/>
						<line branch="true" condition-coverage="50% (1/2)" hits="1" missing-branches="204" number="196"/>
						<line branch="true" condition-coverage="100% (2/2)" hits="1" number="197"/>
						<line hits="1" number="198"/>
						<line hits="1" number="199"/>
						<line hits="1" number="200"/>
						<line hits="1" number="201"/>
						<line hits="1" number="202"/>
						<line hits="1" number="204"/>
						<line hits="1" number="207"/>
						<line hits="1" number="208"/>
						<line hits="1" number="209"/>
						<line branch="true" condition-coverage="50% (1/2)" hits="1" missing-branches="213" number="210"/>
						<line branch="true" condition-coverage="100% (2/2)" hits="1" number="211"/>
						<line hits="1" number="212"/>
						<line branch="true" condition-coverage="100% (2/2)" hits="1" number="213"/>
						<line hits="1" number="214"/>
						<line hits="1" number="216"/>
						<line hits="1" number="219"/>
						<line hits="1" number="220"/>
						<line branch="true" condition-coverage="100% (2/2)" hits="1" number="222"/>
						<line hits="1" number="223"/>
						<line hits="1" number="224"/>
						<line hits="1" number="225"/>
						<line branch="true" condition-coverage="100% (2/2)" hits="1" number="227"/>
						<line branch="true" condition-coverage="50% (1/2)" hits="1" missing-branches="229" number="228"/>
						<line hits="0" number="229"/>
						<line branch="true" condition-coverage="100% (2/2)" hits="1" number="230"/>
						<line hits="1" number="231"/>
						<line branch="true" condition-coverage="100% (2/2)" hits="1" number="232"/>
						<line hits="1" number="233"/>
						<line hits="1" number="235"/>
						<line hits="1" number="243"/>
						<line hits="1" number="244"/>
						<line hits="1" number="247"/>
						<line hits="1" number="248"/>
						<line hits="1" number="251"/>
						<line hits="1" number="252"/>
						<line hits="1" number="254"/>
						<line hits="1" number="255"/>
						<line hits="1" number="257"/>
						<line hits="1" number="260"/>
						<line branch="true" condition-coverage="100% (2/2)" hits="1" number="261"/>
						<line hits="1" number="262"/>
						<line hits="1" number="263"/>
						<line branch="true" condition-coverage="100% (2/2)" hits="1" number="265"/>
						<line hits="1" number="266"/>
						<line hits="1" number="268"/>
						<line hits="1" number="269"/>
						<line hits="1" number="270"/>
						<line branch="true" condition-coverage="100% (2/2)" hits="1" number="271"/>
						<line hits="1" number="272"/>
						<line hits="1" number="273"/>
						<line branch="true" condition-coverage="50% (1/2)" hits="1" missing-branches="271" number="276"/>
						<line hits="1" number="277"/>
						<line hits="1" number="279"/>
						<line hits="1" number="280"/>
						<line branch="true" condition-coverage="50% (1/2)" hits="1" missing-branches="285" number="282"/>
						<line hits="0" number="285"/>
						<line hits="0" number="286"/>
						<line hits="1" number="288"/>
						<line hits="1" number="289"/>
						<line branch="true" condition-coverage="50% (1/2)" hits="1" missing-branches="292" number="291"/>
						<line hits="0" number="292"/>
						<line hits="0" number="293"/>
						<line branch="true" condition-coverage="100% (2/2)" hits="1" number="296"/>
						<line hits="1" number="297"/>
						<line hits="1" number="298"/>
						<line hits="1" number="299"/>
						<line branch="true" condition-coverage="100% (2/2)" hits="1" number="301"/>
						<line hits="1" number="302"/>
						<line hits="1" number="303"/>
						<line branch="true" condition-coverage="50% (1/2)" hits="1" missing-branches="306" number="305"/>
						<line hits="0" number="306"/>
						<line hits="0" number="307"/>
						<line hits="1" number="309"/>
						<line hits="1" number="310"/>
						<line branch="true" condition-coverage="50% (1/2)" hits="1" missing-branches="315" number="311"/>
						<line hits="1" number="312"/>
						<line branch="true" condition-coverage="50% (1/2)" hits="1" missing-branches="315" number="313"/>
						<line hits="1" number="314"/>
						<line hits="1" number="315"/>
						<line branch="true" condition-coverage="100% (2/2)" hits="1" number="317"/>
						<line branch="true" condition-coverage="50% (1/2)" hits="1" missing-branches="321" number="318"/>
						<line hits="1" number="319"/>
						<line hits="0" number="321"/>
						<line hits="1" number="322"/>
						<line branch="true" condition-coverage="50% (1/2)" hits="1" missing-branches="325" number="324"/>
						<line branch="true" condition-coverage="0% (0/2)" hits="0" missing-branches="326,329" number="325"/>
						<line hits="0" number="326"/>
						<line hits="0" number="327"/>
						<line hits="0" number="329"/>
						<line hits="0" number="330"/>
						<line branch="true" condition-coverage="100% (2/2)" hits="1" number="332"/>
						<line hits="1" number="343"/>
						<line branch="true" condition-coverage="50% (1/2)" hits="1" missing-branches="347" number="344"/>
						<line hits="1" number="345"/>
						<line hits="1" number="347"/>
						<line hits="1" number="349"/>
						<line hits="1" number="352"/>
						<line branch="true" condition-coverage="50% (1/2)" hits="1" missing-branches="355" number="354"/>
						<line hits="0" number="355"/>
						<line hits="0" number="356"/>
						<line hits="1" number="358"/>
						<line hits="1" number="359"/>
						<line hits="1" number="362"/>
						<line hits="1" number="363"/>
						<line hits="1" number="364"/>
						<line hits="1" number="365"/>
						<line hits="1" number="366"/>
						<line hits="0" number="367"/>
						<line hits="0" number="368"/>
						<line hits="0" number="369"/>
						<line hits="1" number="372"/>
						<line hits="1" number="373"/>
						<line hits="1" number="376"/>
						<line branch="true" condition-coverage="100% (2/2)" hits="1" number="377"/>
						<line branch="true" condition-coverage="100% (2/2)" hits="1" number="378"/>
						<line hits="1" number="379"/>
						<line hits="1" number="381"/>
						<line branch="true" condition-coverage="100% (2/2)" hits="1" number="384"/>
						<line hits="1" number="385"/>
						<line branch="true" condition-coverage="100% (2/2)" hits="1" number="387"/>
						<line hits="1" number="388"/>
						<line branch="true" condition-coverage="100% (2/2)" hits="1" number="389"/>
						<line hits="1" number="390"/>
						<line hits="1" number="391"/>
						<line hits="1" number="392"/>
						<line branch="true" condition-coverage="50% (1/2)" hits="1" missing-branches="395" number="394"/>
						<line hits="0" number="395"/>
						<line hits="1" number="398"/>
						<line hits="1" number="399"/>
						<line branch="true" condition-coverage="100% (2/2)" hits="1" number="400"/>
						<line hits="1" number="401"/>
						<line hits="1" number="402"/>
						<line hits="1" number="407"/>
						<line hits="1" number="408"/>
						<line hits="1" number="409"/>
						<line hits="1" number="411"/>
						<line hits="1" number="413"/>
						<line branch="true" condition-coverage="100% (2/2)" hits="1" number="415"/>
						<line hits="1" number="425"/>
						<line hits="1" number="428"/>
						<line hits="1" number="429"/>
						<line branch="true" condition-coverage="100% (2/2)" hits="1" number="430"/>
						<line hits="1" number="431"/>
						<line hits="1" number="432"/>
						<line hits="1" number="434"/>
						<line hits="1" number="442"/>
						<line hits="1" number="443"/>
						<line hits="1" number="447"/>
						<line hits="0" number="449"/>
						<line hits="0" number="451"/>
						<line hits="0" number="452"/>
						<line hits="0" number="453"/>
						<line hits="0" number="454"/>
						<line hits="0" number="458"/>
						<line hits="0" number="459"/>
						<line hits="0" number="473"/>
						<line hits="0" number="474"/>
						<line hits="0" number="475"/>
					</lines>
				</class>
			</classes>
		</package>
		<package branch-rate="0.625" complexity="0" line-rate="0.7517" name="handlers">
			<classes>
				<class branch-rate="0.625" complexity="0" filename="handlers/handle_01.py" line-rate="0.7798" name="handle_01.py">
					<methods/>
					<lines>
						<line hits="1" number="1"/>
						<line hits="1" number="2"/>
						<line hits="1" number="4"/>
						<line hits="1" number="6"/>
						<line hits="1" number="7"/>
						<line hits="1" number="8"/>
						<line hits="1" number="9"/>
						<line hits="1" number="11"/>
						<line hits="1" number="12"/>
						<line hits="1" number="13"/>
						<line branch="true" condition-coverage="50% (1/2)" hits="1" missing-branches="20" number="15"/>
						<line branch="true" condition-coverage="50% (1/2)" hits="1" missing-branches="15" number="16"/>
						<line hits="1" number="17"/>
						<line hits="1" number="18"/>
						<line hits="1" number="20"/>
						<line hits="1" number="25"/>
						<line hits="1" number="28"/>
						<line hits="1" number="29"/>
						<line hits="1" number="31"/>
						<line branch="true" condition-coverage="50% (1/2)" hits="1" missing-branches="34" number="33"/>
						<line hits="0" number="34"/>
						<line hits="0" number="35"/>
						<line branch="true" condition-coverage="100% (2/2)" hits="1" number="37"/>
						<line hits="1" number="38"/>
						<line hits="1" number="40"/>
						<line hits="1" number="42"/>
						<line branch="true" condition-coverage="100% (2/2)" hits="1" number="43"/>
						<line branch="true" condition-coverage="100% (2/2)" hits="1" number="44"/>
						<line hits="1" number="45"/>
						<line hits="1" number="46"/>
						<line branch="true" condition-coverage="100% (2/2)" hits="1" number="47"/>
						<line hits="1" number="48"/>
						<line hits="1" number="49"/>
						<line hits="1" number="51"/>
						<line hits="1" number="52"/>
						<line hits="1" number="54"/>
						<line hits="1" number="57"/>
						<line hits="1" number="65"/>
						<line hits="1" number="66"/>
						<line hits="1" number="68"/>
						<line hits="1" number="71"/>
						<line hits="1" number="72"/>
						<line hits="1" number="74"/>
						<line branch="true" condition-coverage="50% (1/2)" hits="1" missing-branches="77" number="76"/>
						<line hits="0" number="77"/>
						<line hits="0" number="78"/>
						<line branch="true" condition-coverage="50% (1/2)" hits="1" missing-branches="83" number="80"/>
						<line hits="1" number="81"/>
						<line hits="0" number="83"/>
						<line branch="true" condition-coverage="50% (1/2)" hits="1" missing-branches="87" number="85"/>
						<line hits="1" number="86"/>
						<line hits="1" number="87"/>
						<line branch="true" condition-coverage="50% (1/2)" hits="1" missing-branches="92" number="89"/>
						<line hits="1" number="90"/>
						<line hits="0" number="92"/>
						<line hits="0" number="93"/>
						<line hits="1" number="95"/>
						<line hits="1" number="96"/>
						<line branch="true" condition-coverage="50% (1/2)" hits="1" missing-branches="101" number="98"/>
						<line hits="1" number="99"/>
						<line hits="0" number="101"/>
						<line hits="1" number="103"/>
						<line hits="1" number="113"/>
						<line hits="1" number="114"/>
						<line hits="1" number="116"/>
						<line hits="1" number="119"/>
						<line hits="1" number="120"/>
						<line hits="1" number="121"/>
						<line hits="1" number="122"/>
						<line hits="1" number="123"/>
						<line hits="1" number="124"/>
						<line hits="1" number="125"/>
						<line branch="true" condition-coverage="50% (1/2)" hits="1" missing-branches="127" number="126"/>
						<line hits="0" number="127"/>
						<line hits="1" number="128"/>
						<line hits="1" number="129"/>
						<line hits="1" number="130"/>
						<line hits="1" number="131"/>
						<line hits="1" number="133"/>
						<line hits="1" number="134"/>
						<line hits="1" number="135"/>
						<line hits="1" number="136"/>
						<line branch="true" condition-coverage="50% (1/2)" hits="1" missing-branches="141" number="137"/>
						<line hits="1" number="138"/>
						<line hits="1" number="139"/>
						<line hits="1" number="141"/>
						<line hits="1" number="143"/>
						<line branch="true" condition-coverage="100% (2/2)" hits="1" number="144"/>
						<line hits="1" number="145"/>
						<line hits="1" number="147"/>
						<line hits="1" number="161"/>
						<line hits="1" number="162"/>
						<line hits="0" number="164"/>
						<line hits="0" number="165"/>
						<line hits="0" number="166"/>
						<line hits="1" number="169"/>
						<line hits="0" number="170"/>
						<line hits="1" number="173"/>
						<line hits="0" number="174"/>
						<line hits="0" number="176"/>
						<line branch="true" condition-coverage="0% (0/2)" hits="0" missing-branches="179,182" number="178"/>
						<line hits="0" number="179"/>
						<line hits="0" number="180"/>
						<line hits="0" number="182"/>
						<line hits="0" number="188"/>
						<line hits="0" number="189"/>
						<line hits="0" number="190"/>
						<line hits="0" number="191"/>
						<line hits="0" number="192"/>
					</lines>
				</class>
				<class branch-rate="0" complexity="0" filename="handlers/handle_02.py" line-rate="0" name="handle_02.py">
					<methods/>
					<lines>
						<line hits="0" number="1"/>
						<line hits="0" number="2"/>
						<line hits="0" number="3"/>
						<line hits="0" number="4"/>
						<line hits="0" number="7"/>
						<line hits="0" number="8"/>
						<line hits="0" number="9"/>
						<line hits="0" number="12"/>
						<line hits="0" number="17"/>
						<line hits="0" number="18"/>
						<line hits="0" number="20"/>
						<line hits="0" number="21"/>
						<line hits="0" number="23"/>
						<line hits="0" number="24"/>
						<line branch="true" condition-coverage="0% (0/2)" hits="0" missing-branches="27,29" number="26"/>
						<line hits="0" number="27"/>
						<line hits="0" number="29"/>
						<line hits="0" number="31"/>
						<line hits="0" number="32"/>
						<line hits="0" number="34"/>
						<line hits="0" number="44"/>
						<line hits="0" number="45"/>
					</lines>
				</class>
				<class branch-rate="1" complexity="0" filename="handlers/handle_03.py" line-rate="1" name="handle_03.py">
					<methods/>
					<lines>
						<line hits="1" number="1"/>
						<line hits="1" number="2"/>
						<line hits="1" number="4"/>
						<line hits="1" number="5"/>
						<line hits="1" number="8"/>
						<line hits="1" number="9"/>
						<line hits="1" number="11"/>
						<line hits="1" number="12"/>
						<line hits="1" number="13"/>
						<line hits="1" number="16"/>
						<line hits="1" number="17"/>
						<line hits="1" number="19"/>
						<line hits="1" number="20"/>
						<line hits="1" number="21"/>
						<line hits="1" number="22"/>
						<line hits="1" number="23"/>
					</lines>
				</class>
				<class branch-rate="1" complexity="0" filename="handlers/handle_04.py" line-rate="1" name="handle_04.py">
					<methods/>
					<lines>
						<line hits="1" number="1"/>
						<line hits="1" number="3"/>
						<line hits="1" number="4"/>
						<line hits="1" number="5"/>
						<line hits="1" number="8"/>
						<line hits="1" number="9"/>
						<line hits="1" number="10"/>
						<line hits="1" number="11"/>
						<line hits="1" number="12"/>
						<line hits="1" number="13"/>
						<line hits="1" number="16"/>
						<line branch="true" condition-coverage="100% (2/2)" hits="1" number="17"/>
						<line hits="1" number="18"/>
						<line hits="1" number="19"/>
						<line hits="1" number="21"/>
						<line hits="1" number="22"/>
						<line branch="true" condition-coverage="100% (2/2)" hits="1" number="23"/>
						<line hits="1" number="24"/>
						<line hits="1" number="26"/>
						<line hits="1" number="27"/>
						<line hits="1" number="30"/>
						<line hits="1" number="31"/>
						<line hits="1" number="36"/>
						<line hits="1" number="38"/>
						<line hits="1" number="39"/>
					</lines>
				</class>
				<class branch-rate="1" complexity="0" filename="handlers/handle_05.py" line-rate="0.4667" name="handle_05.py">
					<methods/>
					<lines>
						<line hits="1" number="1"/>
						<line hits="1" number="2"/>
						<line hits="1" number="4"/>
						<line hits="1" number="6"/>
						<line hits="1" number="7"/>
						<line hits="1" number="8"/>
						<line hits="1" number="11"/>
						<line hits="0" number="12"/>
						<line hits="0" number="13"/>
						<line hits="0" number="14"/>
						<line hits="0" number="15"/>
						<line hits="1" number="18"/>
						<line hits="1" number="19"/>
						<line hits="1" number="21"/>
						<line hits="1" number="22"/>
						<line hits="1" number="25"/>
						<line hits="0" number="26"/>
						<line hits="0" number="28"/>
						<line hits="0" number="29"/>
						<line hits="0" number="30"/>
						<line hits="1" number="33"/>
						<line hits="0" number="34"/>
						<line hits="0" number="36"/>
						<line hits="0" number="37"/>
						<line hits="0" number="38"/>
						<line hits="1" number="41"/>
						<line hits="0" number="42"/>
						<line hits="0" number="44"/>
						<line hits="0" number="45"/>
						<line hits="0" number="46"/>
					</lines>
				</class>
				<class branch-rate="0.5" complexity="0" filename="handlers/handle_06.py" line-rate="0.9792" name="handle_06.py">
					<methods/>
					<lines>
						<line hits="1" number="1"/>
						<line hits="1" number="3"/>
						<line hits="1" number="4"/>
						<line hits="1" number="5"/>
						<line hits="1" number="7"/>
						<line hits="1" number="8"/>
						<line hits="1" number="9"/>
						<line hits="1" number="10"/>
						<line hits="1" number="11"/>
						<line hits="1" number="14"/>
						<line hits="1" number="15"/>
						<line hits="1" number="18"/>
						<line hits="1" number="19"/>
						<line hits="1" number="21"/>
						<line hits="1" number="22"/>
						<line hits="1" number="23"/>
						<line hits="1" number="24"/>
						<line hits="1" number="27"/>
						<line hits="1" number="28"/>
						<line hits="1" number="31"/>
						<line branch="true" condition-coverage="50% (1/2)" hits="1" missing-branches="33" number="32"/>
						<line hits="0" number="33"/>
						<line hits="1" number="35"/>
						<line hits="1" number="36"/>
						<line hits="1" number="37"/>
						<line hits="1" number="38"/>
						<line hits="1" number="41"/>
						<line hits="1" number="42"/>
						<line hits="1" number="44"/>
						<line hits="1" number="45"/>
						<line hits="1" number="46"/>
						<line hits="1" number="47"/>
						<line hits="1" number="50"/>
						<line hits="1" number="51"/>
						<line hits="1" number="53"/>
						<line hits="1" number="54"/>
						<line hits="1" number="55"/>
						<line hits="1" number="56"/>
						<line hits="1" number="59"/>
						<line hits="1" number="60"/>
						<line hits="1" number="62"/>
						<line hits="1" number="63"/>
						<line hits="1" number="64"/>
						<line hits="1" number="65"/>
						<line hits="1" number="68"/>
						<line hits="1" number="69"/>
						<line hits="1" number="71"/>
						<line hits="1" number="72"/>
					</lines>
				</class>
				<class branch-rate="1" complexity="0" filename="handlers/handle_07.py" line-rate="0.7778" name="handle_07.py">
					<methods/>
					<lines>
						<line hits="1" number="1"/>
						<line hits="1" number="3"/>
						<line hits="1" number="4"/>
						<line hits="1" number="7"/>
						<line hits="1" number="8"/>
						<line hits="1" number="10"/>
						<line hits="1" number="11"/>
						<line hits="1" number="12"/>
						<line hits="1" number="15"/>
						<line hits="1" number="16"/>
						<line hits="1" number="18"/>
						<line hits="1" number="19"/>
						<line hits="1" number="20"/>
						<line hits="1" number="23"/>
						<line hits="0" number="25"/>
						<line hits="0" number="27"/>
						<line hits="0" number="28"/>
						<line hits="0" number="29"/>
					</lines>
				</class>
				<class branch-rate="1" complexity="0" filename="handlers/handle_08.py" line-rate="0.7647" name="handle_08.py">
					<methods/>
					<lines>
						<line hits="1" number="1"/>
						<line hits="1" number="3"/>
						<line hits="1" number="4"/>
						<line hits="1" number="5"/>
						<line hits="1" number="7"/>
						<line hits="1" number="8"/>
						<line hits="1" number="9"/>
						<line hits="1" number="12"/>
						<line hits="1" number="13"/>
						<line hits="1" number="16"/>
						<line hits="1" number="17"/>
						<line hits="1" number="19"/>
						<line hits="1" number="20"/>
						<line hits="1" number="21"/>
						<line hits="1" number="24"/>
						<line hits="0" number="25"/>
						<line hits="0" number="27"/>
						<line hits="0" number="28"/>
						<line hits="0" number="29"/>
						<line hits="1" number="32"/>
						<line hits="1" number="33"/>
						<line hits="1" number="35"/>
						<line hits="1" number="36"/>
						<line hits="1" number="37"/>
						<line hits="1" number="40"/>
						<line hits="1" number="41"/>
						<line hits="1" number="43"/>
						<line hits="1" number="44"/>
						<line hits="1" number="45"/>
						<line hits="1" number="48"/>
						<line hits="0" number="49"/>
						<line hits="0" number="51"/>
						<line hits="0" number="52"/>
						<line hits="0" number="53"/>
					</lines>
				</class>
			</classes>
		</package>
		<package branch-rate="0.9722" complexity="0" line-rate="0.9865" name="models">
			<classes>
				<class branch-rate="1" complexity="0" filename="models/model_01.py" line-rate="1" name="model_01.py">
					<methods/>
					<lines>
						<line hits="1" number="1"/>
						<line hits="1" number="2"/>
						<line hits="1" number="4"/>
						<line branch="true" condition-coverage="100% (2/2)" hits="1" number="7"/>
						<line hits="1" number="8"/>
						<line hits="1" number="9"/>
						<line hits="1" number="10"/>
						<line hits="1" number="11"/>
						<line hits="1" number="12"/>
						<line branch="true" condition-coverage="100% (2/2)" hits="1" number="14"/>
						<line hits="1" number="15"/>
						<line branch="true" condition-coverage="100% (2/2)" hits="1" number="17"/>
						<line hits="1" number="18"/>
						<line hits="1" number="19"/>
						<line hits="1" number="20"/>
						<line branch="true" condition-coverage="100% (2/2)" hits="1" number="22"/>
						<line hits="1" number="23"/>
						<line hits="1" number="24"/>
						<line hits="1" number="25"/>
						<line hits="1" number="26"/>
						<line hits="1" number="27"/>
						<line hits="1" number="28"/>
						<line branch="true" condition-coverage="100% (2/2)" hits="1" number="30"/>
						<line hits="1" number="31"/>
						<line hits="1" number="32"/>
						<line hits="1" number="33"/>
						<line hits="1" number="34"/>
						<line hits="1" number="35"/>
						<line hits="1" number="36"/>
						<line hits="1" number="37"/>
						<line hits="1" number="38"/>
						<line branch="true" condition-coverage="100% (2/2)" hits="1" number="40"/>
						<line hits="1" number="41"/>
						<line hits="1" number="42"/>
						<line branch="true" condition-coverage="100% (2/2)" hits="1" number="44"/>
						<line hits="1" number="45"/>
						<line hits="1" number="46"/>
						<line hits="1" number="47"/>
						<line hits="1" number="48"/>
						<line hits="1" number="49"/>
						<line hits="1" number="50"/>
						<line hits="1" number="51"/>
						<line branch="true" condition-coverage="100% (2/2)" hits="1" number="53"/>
						<line hits="1" number="54"/>
						<line hits="1" number="55"/>
						<line branch="true" condition-coverage="100% (2/2)" hits="1" number="57"/>
						<line hits="1" number="58"/>
						<line hits="1" number="59"/>
						<line hits="1" number="60"/>
						<line hits="1" number="61"/>
						<line branch="true" condition-coverage="100% (2/2)" hits="1" number="63"/>
						<line branch="true" condition-coverage="100% (2/2)" hits="1" number="64"/>
						<line hits="1" number="65"/>
						<line hits="1" number="66"/>
						<line hits="1" number="67"/>
						<line branch="true" condition-coverage="100% (2/2)" hits="1" number="69"/>
						<line hits="1" number="70"/>
						<line hits="1" number="71"/>
						<line branch="true" condition-coverage="100% (2/2)" hits="1" number="73"/>
						<line hits="1" number="74"/>
						<line hits="1" number="75"/>
						<line branch="true" condition-coverage="100% (2/2)" hits="1" number="77"/>
						<line hits="1" number="78"/>
						<line hits="1" number="79"/>
						<line branch="true" condition-coverage="100% (2/2)" hits="1" number="82"/>
						<line branch="true" condition-coverage="100% (2/2)" hits="1" number="83"/>
						<line hits="1" number="84"/>
						<line hits="1" number="85"/>
						<line hits="1" number="87"/>
						<line hits="1" number="88"/>
						<line hits="1" number="89"/>
						<line hits="1" number="90"/>
						<line hits="1" number="91"/>
						<line hits="1" number="92"/>
						<line hits="1" number="93"/>
						<line hits="1" number="94"/>
						<line hits="1" number="95"/>
						<line hits="1" number="96"/>
						<line hits="1" number="97"/>
						<line hits="1" number="98"/>
						<line hits="1" number="99"/>
						<line hits="1" number="100"/>
						<line hits="1" number="101"/>
						<line hits="1" number="102"/>
						<line hits="1" number="103"/>
						<line hits="1" number="104"/>
						<line hits="1" number="105"/>
						<line hits="1" number="106"/>
						<line hits="1" number="107"/>
						<line hits="1" number="108"/>
						<line hits="1" number="109"/>
						<line hits="1" number="110"/>
						<line hits="1" number="111"/>
						<line hits="1" number="112"/>
						<line hits="1" number="113"/>
						<line hits="1" number="114"/>
						<line hits="1" number="115"/>
						<line hits="1" number="116"/>
						<line hits="1" number="117"/>
						<line hits="1" number="118"/>
						<line hits="1" number="119"/>
						<line hits="1" number="120"/>
						<line hits="1" number="121"/>
						<line hits="1" number="122"/>
						<line hits="1" number="123"/>
						<line hits="1" number="124"/>
						<line hits="1" number="125"/>
						<line hits="1" number="126"/>
						<line hits="1" number="127"/>
						<line hits="1" number="128"/>
						<line hits="1" number="129"/>
						<line hits="1" number="130"/>
						<line hits="1" number="131"/>
						<line hits="1" number="132"/>
						<line hits="1" number="133"/>
						<line hits="1" number="134"/>
						<line hits="1" number="135"/>
						<line hits="1" number="136"/>
						<line hits="1" number="137"/>
						<line hits="1" number="138"/>
						<line hits="1" number="139"/>
						<line hits="1" number="140"/>
						<line hits="1" number="141"/>
						<line hits="1" number="142"/>
						<line hits="1" number="143"/>
						<line hits="1" number="144"/>
						<line hits="1" number="145"/>
						<line hits="1" number="147"/>
						<line hits="1" number="148"/>
						<line hits="1" number="150"/>
						<line hits="1" number="151"/>
					</lines>
				</class>
				<class branch-rate="1" complexity="0" filename="models/model_02.py" line-rate="1" name="model_02.py">
					<methods/>
					<lines>
						<line hits="1" number="1"/>
						<line hits="1" number="2"/>
						<line hits="1" number="4"/>
						<line hits="1" number="5"/>
						<line hits="1" number="7"/>
						<line hits="1" number="8"/>
						<line branch="true" condition-coverage="100% (2/2)" hits="1" number="10"/>
						<line branch="true" condition-coverage="100% (2/2)" hits="1" number="11"/>
						<line hits="1" number="12"/>
						<line hits="1" number="13"/>
						<line hits="1" number="15"/>
						<line hits="1" number="16"/>
						<line hits="1" number="17"/>
						<line hits="1" number="18"/>
						<line hits="1" number="19"/>
						<line hits="1" number="20"/>
						<line hits="1" number="21"/>
						<line hits="1" number="23"/>
						<line hits="1" number="24"/>
						<line hits="1" number="25"/>
						<line branch="true" condition-coverage="100% (2/2)" hits="1" number="26"/>
						<line hits="1" number="27"/>
						<line branch="true" condition-coverage="100% (2/2)" hits="1" number="28"/>
						<line hits="1" number="29"/>
						<line hits="1" number="31"/>
						<line branch="true" condition-coverage="100% (2/2)" hits="1" number="34"/>
						<line branch="true" condition-coverage="100% (2/2)" hits="1" number="35"/>
						<line hits="1" number="36"/>
						<line hits="1" number="38"/>
						<line hits="1" number="39"/>
						<line hits="1" number="40"/>
						<line hits="1" number="41"/>
						<line hits="1" number="42"/>
						<line hits="1" number="43"/>
						<line hits="1" number="44"/>
						<line hits="1" number="45"/>
						<line hits="1" number="47"/>
						<line hits="1" number="48"/>
						<line hits="1" number="49"/>
						<line hits="1" number="50"/>
						<line branch="true" condition-coverage="100% (2/2)" hits="1" number="53"/>
						<line hits="1" number="54"/>
						<line hits="1" number="55"/>
						<line hits="1" number="61"/>
						<line hits="1" number="62"/>
						<line branch="true" condition-coverage="100% (2/2)" hits="1" number="65"/>
						<line branch="true" condition-coverage="100% (2/2)" hits="1" number="66"/>
						<line hits="1" number="67"/>
						<line hits="1" number="69"/>
						<line branch="true" condition-coverage="100% (2/2)" hits="1" number="72"/>
						<line hits="1" number="73"/>
						<line hits="1" number="75"/>
						<line hits="1" number="76"/>
						<line hits="1" number="77"/>
						<line hits="1" number="79"/>
						<line hits="1" number="80"/>
						<line hits="1" number="81"/>
						<line branch="true" condition-coverage="100% (2/2)" hits="1" number="84"/>
						<line branch="true" condition-coverage="100% (2/2)" hits="1" number="85"/>
						<line hits="1" number="86"/>
						<line hits="1" number="88"/>
						<line hits="1" number="89"/>
						<line hits="1" number="90"/>
						<line branch="true" condition-coverage="100% (2/2)" hits="1" number="93"/>
						<line branch="true" condition-coverage="100% (2/2)" hits="1" number="94"/>
						<line hits="1" number="95"/>
						<line hits="1" number="97"/>
						<line hits="1" number="98"/>
						<line hits="1" number="99"/>
						<line hits="1" number="100"/>
						<line hits="1" number="101"/>
						<line branch="true" condition-coverage="100% (2/2)" hits="1" number="104"/>
						<line branch="true" condition-coverage="100% (2/2)" hits="1" number="105"/>
						<line hits="1" number="106"/>
						<line hits="1" number="108"/>
						<line hits="1" number="109"/>
						<line hits="1" number="110"/>
						<line hits="1" number="111"/>
					</lines>
				</class>
				<class branch-rate="1" complexity="0" filename="models/model_03.py" line-rate="1" name="model_03.py">
					<methods/>
					<lines>
						<line hits="1" number="1"/>
						<line hits="1" number="2"/>
						<line hits="1" number="3"/>
						<line hits="1" number="4"/>
						<line branch="true" condition-coverage="100% (2/2)" hits="1" number="6"/>
						<line hits="1" number="7"/>
						<line hits="1" number="8"/>
						<line hits="1" number="9"/>
						<line branch="true" condition-coverage="100% (2/2)" hits="1" number="11"/>
						<line hits="1" number="12"/>
						<line hits="1" number="13"/>
						<line hits="1" number="14"/>
						<line hits="1" number="15"/>
						<line hits="1" number="16"/>
						<line hits="1" number="17"/>
						<line branch="true" condition-coverage="100% (2/2)" hits="1" number="19"/>
						<line hits="1" number="20"/>
						<line hits="1" number="21"/>
						<line hits="1" number="22"/>
						<line hits="1" number="23"/>
						<line hits="1" number="24"/>
						<line hits="1" number="25"/>
						<line hits="1" number="26"/>
						<line hits="1" number="27"/>
						<line hits="1" number="28"/>
						<line hits="1" number="29"/>
						<line hits="1" number="30"/>
						<line hits="1" number="31"/>
						<line branch="true" condition-coverage="100% (2/2)" hits="1" number="33"/>
						<line branch="true" condition-coverage="100% (2/2)" hits="1" number="34"/>
						<line hits="1" number="35"/>
						<line hits="1" number="36"/>
						<line hits="1" number="38"/>
						<line hits="1" number="39"/>
						<line hits="1" number="40"/>
						<line hits="1" number="41"/>
						<line hits="1" number="42"/>
						<line hits="1" number="43"/>
						<line hits="1" number="44"/>
						<line hits="1" number="45"/>
						<line hits="1" number="46"/>
						<line hits="1" number="47"/>
						<line hits="1" number="48"/>
						<line hits="1" number="49"/>
						<line hits="1" number="50"/>
						<line hits="1" number="51"/>
						<line hits="1" number="52"/>
						<line hits="1" number="53"/>
						<line hits="1" number="54"/>
						<line hits="1" number="55"/>
						<line hits="1" number="56"/>
						<line hits="1" number="57"/>
						<line hits="1" number="58"/>
						<line hits="1" number="59"/>
						<line hits="1" number="60"/>
						<line hits="1" number="61"/>
						<line hits="1" number="62"/>
						<line hits="1" number="63"/>
						<line hits="1" number="64"/>
						<line hits="1" number="65"/>
						<line hits="1" number="66"/>
						<line hits="1" number="67"/>
						<line hits="1" number="68"/>
						<line hits="1" number="69"/>
						<line branch="true" condition-coverage="100% (2/2)" hits="1" number="71"/>
						<line hits="1" number="72"/>
						<line hits="1" number="73"/>
						<line hits="1" number="74"/>
						<line hits="1" number="75"/>
						<line hits="1" number="76"/>
						<line hits="1" number="77"/>
						<line hits="1" number="78"/>
						<line hits="1" number="79"/>
						<line hits="1" number="80"/>
						<line hits="1" number="81"/>
						<line hits="1" number="82"/>
						<line hits="1" number="83"/>
						<line branch="true" condition-coverage="100% (2/2)" hits="1" number="85"/>
						<line branch="true" condition-coverage="100% (2/2)" hits="1" number="86"/>
						<line hits="1" number="87"/>
						<line hits="1" number="88"/>
						<line hits="1" number="90"/>
						<line hits="1" number="91"/>
						<line hits="1" number="92"/>
						<line hits="1" number="93"/>
						<line hits="1" number="94"/>
						<line hits="1" number="95"/>
						<line hits="1" number="96"/>
						<line hits="1" number="97"/>
						<line hits="1" number="98"/>
						<line hits="1" number="99"/>
						<line hits="1" number="100"/>
						<line hits="1" number="101"/>
						<line hits="1" number="102"/>
						<line hits="1" number="103"/>
						<line hits="1" number="104"/>
						<line hits="1" number="105"/>
						<line hits="1" number="106"/>
						<line hits="1" number="107"/>
						<line hits="1" number="108"/>
						<line hits="1" number="109"/>
					</lines>
				</class>
				<class branch-rate="1" complexity="0" filename="models/model_04.py" line-rate="1" name="model_04.py">
					<methods/>
					<lines>
						<line hits="1" number="1"/>
						<line hits="1" number="2"/>
						<line branch="true" condition-coverage="100% (2/2)" hits="1" number="5"/>
						<line hits="1" number="6"/>
						<line hits="1" number="7"/>
						<line branch="true" condition-coverage="100% (2/2)" hits="1" number="10"/>
						<line hits="1" number="11"/>
						<line branch="true" condition-coverage="100% (2/2)" hits="1" number="14"/>
						<line hits="1" number="15"/>
						<line hits="1" number="16"/>
					</lines>
				</class>
				<class branch-rate="0.925" complexity="0" filename="models/model_05.py" line-rate="0.96" name="model_05.py">
					<methods/>
					<lines>
						<line hits="1" number="1"/>
						<line hits="1" number="2"/>
						<line hits="1" number="3"/>
						<line hits="1" number="5"/>
						<line hits="1" number="6"/>
						<line hits="1" number="7"/>
						<line hits="1" number="8"/>
						<line hits="1" number="9"/>
						<line branch="true" condition-coverage="100% (2/2)" hits="1" number="11"/>
						<line hits="1" number="12"/>
						<line hits="1" number="13"/>
						<line hits="1" number="14"/>
						<line hits="1" number="15"/>
						<line hits="1" number="16"/>
						<line hits="1" number="17"/>
						<line hits="1" number="18"/>
						<line hits="1" number="19"/>
						<line hits="1" number="20"/>
						<line hits="1" number="21"/>
						<line hits="1" number="22"/>
						<line hits="1" number="23"/>
						<line hits="1" number="24"/>
						<line hits="1" number="25"/>
						<line hits="1" number="26"/>
						<line hits="1" number="27"/>
						<line hits="1" number="28"/>
						<line branch="true" condition-coverage="100% (2/2)" hits="1" number="30"/>
						<line hits="1" number="31"/>
						<line hits="1" number="32"/>
						<line hits="1" number="33"/>
						<line branch="true" condition-coverage="100% (2/2)" hits="1" number="35"/>
						<line hits="1" number="36"/>
						<line hits="1" number="37"/>
						<line hits="1" number="38"/>
						<line hits="1" number="39"/>
						<line branch="true" condition-coverage="100% (2/2)" hits="1" number="41"/>
						<line hits="1" number="42"/>
						<line hits="1" number="43"/>
						<line branch="true" condition-coverage="100% (2/2)" hits="1" number="45"/>
						<line branch="true" condition-coverage="100% (2/2)" hits="1" number="46"/>
						<line hits="1" number="47"/>
						<line hits="1" number="48"/>
						<line hits="1" number="50"/>
						<line hits="1" number="51"/>
						<line hits="1" number="52"/>
						<line hits="1" number="53"/>
						<line hits="1" number="54"/>
						<line hits="1" number="55"/>
						<line hits="1" number="56"/>
						<line hits="1" number="57"/>
						<line hits="1" number="58"/>
						<line hits="1" number="59"/>
						<line hits="1" number="60"/>
						<line hits="1" number="61"/>
						<line hits="1" number="62"/>
						<line hits="1" number="63"/>
						<line hits="1" number="64"/>
						<line hits="1" number="65"/>
						<line hits="1" number="66"/>
						<line hits="1" number="67"/>
						<line hits="1" number="68"/>
						<line hits="1" number="69"/>
						<line hits="1" number="70"/>
						<line hits="1" number="71"/>
						<line hits="1" number="72"/>
						<line hits="1" number="73"/>
						<line hits="1" number="74"/>
						<line hits="1" number="75"/>
						<line hits="1" number="76"/>
						<line hits="1" number="77"/>
						<line hits="1" number="78"/>
						<line hits="1" number="79"/>
						<line hits="1" number="80"/>
						<line hits="1" number="81"/>
						<line hits="1" number="82"/>
						<line hits="1" number="83"/>
						<line hits="1" number="84"/>
						<line hits="1" number="85"/>
						<line hits="1" number="86"/>
						<line hits="1" number="87"/>
						<line hits="1" number="88"/>
						<line hits="1" number="89"/>
						<line hits="1" number="90"/>
						<line hits="1" number="91"/>
						<line hits="1" number="92"/>
						<line hits="1" number="93"/>
						<line hits="1" number="94"/>
						<line hits="1" number="95"/>
						<line hits="1" number="96"/>
						<line hits="1" number="97"/>
						<line hits="1" number="98"/>
						<line hits="1" number="99"/>
						<line hits="1" number="100"/>
						<line hits="1" number="101"/>
						<line hits="1" number="102"/>
						<line hits="1" number="103"/>
						<line hits="1" number="104"/>
						<line hits="1" number="105"/>
						<line hits="1" number="106"/>
						<line hits="1" number="107"/>
						<line hits="1" number="108"/>
						<line hits="1" number="109"/>
						<line hits="1" number="110"/>
						<line hits="1" number="111"/>
						<line hits="1" number="113"/>
						<line hits="1" number="115"/>
						<line branch="true" condition-coverage="50% (1/2)" hits="1" missing-branches="117" number="116"/>
						<line hits="0" number="117"/>
						<line branch="true" condition-coverage="50% (1/2)" hits="1" missing-branches="119" number="118"/>
						<line hits="0" number="119"/>
						<line branch="true" condition-coverage="50% (1/2)" hits="1" missing-branches="121" number="120"/>
						<line hits="0" number="121"/>
						<line hits="1" number="122"/>
						<line branch="true" condition-coverage="100% (2/2)" hits="1" number="124"/>
						<line hits="1" number="125"/>
						<line hits="1" number="126"/>
						<line hits="1" number="127"/>
						<line hits="1" number="128"/>
						<line hits="1" number="129"/>
						<line hits="1" number="130"/>
						<line hits="1" number="132"/>
						<line hits="1" number="133"/>
						<line hits="0" number="134"/>
						<line hits="0" number="135"/>
						<line hits="0" number="136"/>
						<line hits="0" number="137"/>
						<line branch="true" condition-coverage="100% (2/2)" hits="1" number="139"/>
						<line hits="1" number="140"/>
						<line hits="1" number="141"/>
						<line hits="1" number="142"/>
						<line hits="1" number="143"/>
						<line hits="1" number="144"/>
						<line hits="1" number="145"/>
						<line hits="1" number="146"/>
						<line hits="1" number="147"/>
						<line hits="1" number="148"/>
						<line hits="1" number="149"/>
						<line hits="1" number="150"/>
						<line hits="1" number="151"/>
						<line branch="true" condition-coverage="100% (2/2)" hits="1" number="153"/>
						<line branch="true" condition-coverage="100% (2/2)" hits="1" number="154"/>
						<line hits="1" number="155"/>
						<line hits="1" number="157"/>
						<line hits="1" number="158"/>
						<line hits="1" number="159"/>
						<line hits="1" number="160"/>
						<line branch="true" condition-coverage="100% (2/2)" hits="1" number="162"/>
						<line branch="true" condition-coverage="100% (2/2)" hits="1" number="163"/>
						<line hits="1" number="164"/>
						<line hits="1" number="165"/>
						<line hits="1" number="166"/>
						<line branch="true" condition-coverage="100% (2/2)" hits="1" number="168"/>
						<line hits="1" number="169"/>
						<line hits="1" number="170"/>
						<line hits="1" number="171"/>
						<line hits="1" number="172"/>
						<line hits="1" number="173"/>
						<line hits="1" number="174"/>
						<line hits="1" number="176"/>
						<line hits="1" number="177"/>
						<line hits="1" number="178"/>
						<line hits="1" number="179"/>
						<line hits="1" number="180"/>
						<line hits="1" number="181"/>
						<line branch="true" condition-coverage="100% (2/2)" hits="1" number="183"/>
						<line branch="true" condition-coverage="100% (2/2)" hits="1" number="184"/>
						<line hits="1" number="185"/>
						<line hits="1" number="186"/>
						<line hits="1" number="187"/>
						<line hits="1" number="188"/>
						<line branch="true" condition-coverage="100% (2/2)" hits="1" number="190"/>
						<line branch="true" condition-coverage="100% (2/2)" hits="1" number="191"/>
						<line hits="1" number="192"/>
						<line hits="1" number="193"/>
						<line hits="1" number="194"/>
					</lines>
				</class>
				<class branch-rate="0.9444" complexity="0" filename="models/model_06.py" line-rate="0.9895" name="model_06.py">
					<methods/>
					<lines>
						<line hits="1" number="1"/>
						<line hits="1" number="2"/>
						<line hits="1" number="3"/>
						<line hits="1" number="4"/>
						<line hits="1" number="6"/>
						<line hits="1" number="7"/>
						<line branch="true" condition-coverage="100% (2/2)" hits="1" number="9"/>
						<line hits="1" number="10"/>
						<line hits="1" number="11"/>
						<line hits="1" number="12"/>
						<line hits="1" number="13"/>
						<line branch="true" condition-coverage="100% (2/2)" hits="1" number="15"/>
						<line hits="1" number="16"/>
						<line hits="1" number="17"/>
						<line hits="1" number="18"/>
						<line hits="1" number="19"/>
						<line branch="true" condition-coverage="100% (2/2)" hits="1" number="21"/>
						<line hits="1" number="22"/>
						<line hits="1" number="23"/>
						<line hits="1" number="24"/>
						<line hits="1" number="25"/>
						<line hits="1" number="26"/>
						<line hits="1" number="27"/>
						<line hits="1" number="28"/>
						<line hits="1" number="29"/>
						<line hits="1" number="30"/>
						<line hits="1" number="31"/>
						<line hits="1" number="32"/>
						<line hits="1" number="33"/>
						<line branch="true" condition-coverage="100% (2/2)" hits="1" number="35"/>
						<line hits="1" number="36"/>
						<line hits="1" number="37"/>
						<line branch="true" condition-coverage="100% (2/2)" hits="1" number="39"/>
						<line hits="1" number="40"/>
						<line hits="1" number="41"/>
						<line hits="1" number="42"/>
						<line hits="1" number="43"/>
						<line hits="1" number="44"/>
						<line hits="1" number="45"/>
						<line hits="1" number="46"/>
						<line hits="1" number="47"/>
						<line hits="1" number="48"/>
						<line hits="1" number="49"/>
						<line hits="1" number="50"/>
						<line hits="1" number="51"/>
						<line hits="1" number="53"/>
						<line hits="1" number="55"/>
						<line hits="1" number="57"/>
						<line hits="1" number="58"/>
						<line hits="1" number="59"/>
						<line hits="1" number="60"/>
						<line hits="1" number="62"/>
						<line hits="1" number="63"/>
						<line branch="true" condition-coverage="100% (2/2)" hits="1" number="66"/>
						<line hits="1" number="67"/>
						<line branch="true" condition-coverage="100% (2/2)" hits="1" number="69"/>
						<line branch="true" condition-coverage="100% (2/2)" hits="1" number="70"/>
						<line hits="1" number="71"/>
						<line hits="1" number="72"/>
						<line hits="1" number="74"/>
						<line hits="1" number="75"/>
						<line hits="1" number="76"/>
						<line hits="1" number="77"/>
						<line hits="1" number="78"/>
						<line hits="1" number="79"/>
						<line hits="1" number="80"/>
						<line hits="1" number="81"/>
						<line hits="1" number="82"/>
						<line hits="1" number="83"/>
						<line hits="1" number="84"/>
						<line hits="1" number="85"/>
						<line hits="1" number="86"/>
						<line hits="1" number="87"/>
						<line hits="1" number="88"/>
						<line hits="1" number="89"/>
						<line hits="1" number="90"/>
						<line hits="1" number="91"/>
						<line hits="1" number="92"/>
						<line hits="1" number="93"/>
						<line hits="1" number="94"/>
						<line hits="1" number="95"/>
						<line hits="1" number="96"/>
						<line hits="1" number="97"/>
						<line hits="1" number="99"/>
						<line hits="1" number="100"/>
						<line hits="1" number="101"/>
						<line hits="1" number="103"/>
						<line hits="1" number="104"/>
						<line hits="1" number="105"/>
						<line branch="true" condition-coverage="50% (1/2)" hits="1" missing-branches="109" number="106"/>
						<line hits="1" number="107"/>
						<line hits="0" number="109"/>
						<line hits="1" number="110"/>
						<line hits="1" number="112"/>
						<line hits="1" number="113"/>
					</lines>
				</class>
				<class branch-rate="1" complexity="0" filename="models/model_07.py" line-rate="1" name="model_07.py">
					<methods/>
					<lines>
						<line hits="1" number="1"/>
						<line hits="1" number="4"/>
						<line hits="1" number="5"/>
					</lines>
				</class>
			</classes>
		</package>
		<package branch-rate="1" complexity="0" line-rate="0.3684" name="repositories">
			<classes>
				<class branch-rate="1" complexity="0" filename="repositories/repository_01.py" line-rate="0.3684" name="repository_01.py">
					<methods/>
					<lines>
						<line hits="1" number="1"/>
						<line hits="1" number="2"/>
						<line branch="true" condition-coverage="100% (2/2)" hits="1" number="5"/>
						<line hits="1" number="6"/>
						<line hits="0" number="7"/>
						<line hits="0" number="8"/>
						<line hits="0" number="9"/>
						<line hits="1" number="11"/>
						<line hits="0" number="12"/>
						<line hits="0" number="13"/>
						<line hits="1" number="16"/>
						<line hits="0" number="17"/>
						<line hits="0" number="18"/>
						<line hits="0" number="19"/>
						<line hits="0" number="20"/>
						<line hits="1" number="23"/>
						<line hits="0" number="24"/>
						<line hits="0" number="28"/>
						<line hits="0" number="29"/>
					</lines>
				</class>
			</classes>
		</package>
		<package branch-rate="0.8125" complexity="0" line-rate="0.8391" name="services">
			<classes>
				<class branch-rate="0.75" complexity="0" filename="services/service_01.py" line-rate="0.8421" name="service_01.py">
					<methods/>
					<lines>
						<line hits="1" number="1"/>
						<line hits="1" number="2"/>
						<line hits="1" number="4"/>
						<line hits="1" number="5"/>
						<line branch="true" condition-coverage="100% (2/2)" hits="1" number="8"/>
						<line hits="1" number="9"/>
						<line hits="1" number="10"/>
						<line hits="1" number="12"/>
						<line hits="1" number="13"/>
						<line hits="1" number="14"/>
						<line hits="1" number="16"/>
						<line hits="1" number="21"/>
						<line hits="1" number="23"/>
						<line branch="true" condition-coverage="50% (1/2)" hits="1" missing-branches="25" number="24"/>
						<line hits="0" number="25"/>
						<line hits="0" number="26"/>
						<line hits="0" number="27"/>
						<line hits="1" number="29"/>
						<line hits="1" number="30"/>
					</lines>
				</class>
				<class branch-rate="1" complexity="0" filename="services/service_02.py" line-rate="1" name="service_02.py">
					<methods/>
					<lines>
						<line hits="1" number="1"/>
						<line branch="true" condition-coverage="100% (2/2)" hits="1" number="3"/>
						<line hits="1" number="4"/>
						<line hits="1" number="5"/>
					</lines>
				</class>
				<class branch-rate="0.75" complexity="0" filename="services/service_03.py" line-rate="0.913" name="service_03.py">
					<methods/>
					<lines>
						<line hits="1" number="1"/>
						<line hits="1" number="2"/>
						<line hits="1" number="4"/>
						<line hits="1" number="5"/>
						<line branch="true" condition-coverage="100% (2/2)" hits="1" number="7"/>
						<line hits="1" number="9"/>
						<line hits="1" number="10"/>
						<line hits="1" number="11"/>
						<line hits="1" number="12"/>
						<line hits="1" number="14"/>
						<line hits="1" number="15"/>
						<line hits="1" number="18"/>
						<line hits="1" number="27"/>
						<line hits="1" number="28"/>
						<line hits="1" number="29"/>
						<line branch="true" condition-coverage="50% (1/2)" hits="1" missing-branches="34" number="33"/>
						<line hits="0" number="34"/>
						<line hits="0" number="35"/>
						<line hits="1" number="36"/>
						<line hits="1" number="37"/>
						<line hits="1" number="38"/>
						<line hits="1" number="39"/>
						<line hits="1" number="41"/>
					</lines>
				</class>
				<class branch-rate="0.85" complexity="0" filename="services/service_04.py" line-rate="0.9167" name="service_04.py">
					<methods/>
					<lines>
						<line hits="1" number="1"/>
						<line hits="1" number="2"/>
						<line hits="1" number="3"/>
						<line hits="1" number="5"/>
						<line hits="1" number="7"/>
						<line hits="1" number="8"/>
						<line branch="true" condition-coverage="100% (2/2)" hits="1" number="11"/>
						<line hits="1" number="12"/>
						<line hits="1" number="13"/>
						<line hits="1" number="14"/>
						<line hits="1" number="15"/>
						<line hits="1" number="16"/>
						<line hits="1" number="18"/>
						<line branch="true" condition-coverage="100% (2/2)" hits="1" number="19"/>
						<line hits="1" number="20"/>
						<line hits="1" number="21"/>
						<line hits="1" number="23"/>
						<line branch="true" condition-coverage="50% (1/2)" hits="1" missing-branches="25" number="24"/>
						<line hits="0" number="25"/>
						<line hits="1" number="31"/>
						<line hits="1" number="32"/>
						<line hits="1" number="34"/>
						<line hits="1" number="42"/>
						<line hits="1" number="44"/>
						<line branch="true" condition-coverage="50% (1/2)" hits="1" missing-branches="46" number="45"/>
						<line hits="0" number="46"/>
						<line hits="0" number="47"/>
						<line hits="0" number="48"/>
						<line hits="1" number="50"/>
						<line hits="1" number="51"/>
						<line hits="1" number="53"/>
						<line branch="true" condition-coverage="50% (1/2)" hits="1" missing-branches="55" number="54"/>
						<line hits="0" number="55"/>
						<line branch="true" condition-coverage="100% (2/2)" hits="1" number="58"/>
						<line branch="true" condition-coverage="100% (2/2)" hits="1" number="59"/>
						<line branch="true" condition-coverage="100% (2/2)" hits="1" number="60"/>
						<line hits="1" number="61"/>
						<line branch="true" condition-coverage="100% (2/2)" hits="1" number="62"/>
						<line hits="1" number="63"/>
						<line hits="1" number="65"/>
						<line hits="1" number="68"/>
						<line hits="1" number="69"/>
						<line hits="1" number="70"/>
						<line hits="1" number="72"/>
						<line hits="1" number="73"/>
						<line hits="1" number="76"/>
						<line branch="true" condition-coverage="100% (2/2)" hits="1" number="77"/>
						<line hits="1" number="78"/>
						<line hits="1" number="79"/>
						<line hits="1" number="80"/>
						<line hits="1" number="81"/>
						<line hits="1" number="82"/>
						<line hits="1" number="84"/>
						<line hits="1" number="89"/>
						<line hits="1" number="91"/>
						<line hits="1" number="92"/>
						<line hits="1" number="93"/>
						<line hits="1" number="95"/>
						<line hits="1" number="96"/>
						<line hits="1" number="97"/>
					</lines>
				</class>
				<class branch-rate="0.6667" complexity="0" filename="services/service_05.py" line-rate="0.75" name="service_05.py">
					<methods/>
					<lines>
						<line hits="1" number="1"/>
						<line hits="1" number="2"/>
						<line hits="1" number="4"/>
						<line hits="1" number="5"/>
						<line branch="true" condition-coverage="100% (2/2)" hits="1" number="8"/>
						<line hits="1" number="10"/>
						<line hits="1" number="11"/>
						<line hits="1" number="13"/>
						<line hits="1" number="15"/>
						<line hits="1" number="16"/>
						<line hits="1" number="18"/>
						<line hits="1" number="27"/>
						<line hits="1" number="29"/>
						<line branch="true" condition-coverage="50% (1/2)" hits="1" missing-branches="31" number="30"/>
						<line hits="0" number="31"/>
						<line hits="0" number="32"/>
						<line hits="0" number="33"/>
						<line hits="1" number="35"/>
						<line branch="true" condition-coverage="50% (1/2)" hits="1" missing-branches="37" number="36"/>
						<line hits="0" number="37"/>
						<line hits="0" number="38"/>
						<line hits="0" number="39"/>
						<line hits="1" number="41"/>
						<line hits="1" number="43"/>
					</lines>
				</class>
				<class branch-rate="1" complexity="0" filename="services/service_06.py" line-rate="1" name="service_06.py">
					<methods/>
					<lines>
						<line hits="1" number="1"/>
						<line hits="1" number="3"/>
						<line hits="1" number="5"/>
						<line branch="true" condition-coverage="100% (2/2)" hits="1" number="7"/>
						<line hits="1" number="9"/>
						<line hits="1" number="10"/>
						<line hits="1" number="13"/>
						<line hits="1" number="14"/>
						<line hits="1" number="16"/>
						<line hits="1" number="18"/>
						<line hits="1" number="20"/>
						<line hits="1" number="22"/>
						<line hits="1" number="24"/>
						<line hits="1" number="26"/>
					</lines>
				</class>
				<class branch-rate="1" complexity="0" filename="services/service_07.py" line-rate="0.9778" name="service_07.py">
					<methods/>
					<lines>
						<line hits="1" number="1"/>
						<line hits="1" number="3"/>
						<line hits="1" number="4"/>
						<line hits="1" number="5"/>
						<line hits="1" number="6"/>
						<line branch="true" condition-coverage="100% (2/2)" hits="1" number="9"/>
						<line hits="1" number="10"/>
						<line hits="1" number="11"/>
						<line hits="1" number="12"/>
						<line hits="1" number="20"/>
						<line hits="1" number="21"/>
						<line hits="1" number="22"/>
						<line hits="1" number="23"/>
						<line branch="true" condition-coverage="100% (2/2)" hits="1" number="24"/>
						<line hits="1" number="25"/>
						<line branch="true" condition-coverage="100% (2/2)" hits="1" number="26"/>
						<line hits="1" number="27"/>
						<line hits="1" number="29"/>
						<line branch="true" condition-coverage="100% (2/2)" hits="1" number="30"/>
						<line hits="1" number="33"/>
						<line hits="1" number="34"/>
						<line hits="1" number="36"/>
						<line hits="1" number="37"/>
						<line hits="1" number="39"/>
						<line hits="1" number="40"/>
						<line hits="1" number="41"/>
						<line hits="1" number="42"/>
						<line hits="1" number="47"/>
						<line hits="1" number="48"/>
						<line hits="1" number="49"/>
						<line branch="true" condition-coverage="100% (2/2)" hits="1" number="50"/>
						<line hits="1" number="51"/>
						<line hits="1" number="52"/>
						<line hits="1" number="54"/>
						<line hits="1" number="55"/>
						<line hits="1" number="57"/>
						<line hits="1" number="66"/>
						<line hits="1" number="68"/>
						<line hits="1" number="69"/>
						<line hits="1" number="74"/>
						<line hits="1" number="75"/>
						<line hits="1" number="77"/>
						<line hits="1" number="78"/>
						<line hits="1" number="80"/>
						<line hits="0" number="81"/>
					</lines>
				</class>
				<class branch-rate="0.6667" complexity="0" filename="services/service_08.py" line-rate="0.6957" name="service_08.py">
					<methods/>
					<lines>
						<line hits="1" number="1"/>
						<line hits="1" number="2"/>
						<line hits="1" number="4"/>
						<line hits="1" number="5"/>
						<line branch="true" condition-coverage="100% (2/2)" hits="1" number="7"/>
						<line hits="1" number="9"/>
						<line hits="1" number="10"/>
						<line hits="1" number="12"/>
						<line hits="1" number="13"/>
						<line hits="1" number="14"/>
						<line branch="true" condition-coverage="50% (1/2)" hits="1" missing-branches="16" number="15"/>
						<line hits="0" number="16"/>
						<line hits="1" number="17"/>
						<line hits="1" number="18"/>
						<line hits="1" number="23"/>
						<line hits="1" number="24"/>
						<line branch="true" condition-coverage="50% (1/2)" hits="1" missing-branches="26" number="25"/>
						<line hits="0" number="26"/>
						<line hits="0" number="27"/>
						<line hits="0" number="28"/>
						<line hits="0" number="29"/>
						<line hits="0" number="30"/>
						<line hits="0" number="31"/>
					</lines>
				</class>
				<class branch-rate="0.625" complexity="0" filename="services/service_09.py" line-rate="0.5263" name="service_09.py">
					<methods/>
					<lines>
						<line hits="1" number="1"/>
						<line hits="1" number="2"/>
						<line hits="1" number="3"/>
						<line hits="1" number="5"/>
						<line hits="1" number="7"/>
						<line hits="1" number="8"/>
						<line hits="1" number="9"/>
						<line branch="true" condition-coverage="100% (2/2)" hits="1" number="12"/>
						<line hits="1" number="14"/>
						<line hits="1" number="15"/>
						<line hits="1" number="18"/>
						<line hits="0" number="19"/>
						<line hits="0" number="21"/>
						<line hits="0" number="23"/>
						<line hits="0" number="24"/>
						<line branch="true" condition-coverage="0% (0/2)" hits="0" missing-branches="28,32" number="27"/>
						<line hits="0" number="28"/>
						<line hits="0" number="29"/>
						<line hits="0" number="30"/>
						<line hits="0" number="32"/>
						<line hits="0" number="33"/>
						<line hits="0" number="35"/>
						<line hits="1" number="38"/>
						<line hits="1" number="39"/>
						<line branch="true" condition-coverage="100% (2/2)" hits="1" number="40"/>
						<line hits="1" number="41"/>
						<line hits="1" number="43"/>
						<line branch="true" condition-coverage="50% (1/2)" hits="1" missing-branches="47" number="46"/>
						<line hits="0" number="47"/>
						<line hits="0" number="49"/>
						<line hits="1" number="51"/>
						<line hits="1" number="58"/>
						<line hits="1" number="60"/>
						<line hits="0" number="61"/>
						<line hits="0" number="62"/>
						<line hits="0" number="64"/>
						<line hits="0" number="65"/>
						<line hits="0" number="66"/>
					</lines>
				</class>
				<class branch-rate="1" complexity="0" filename="services/service_10.py" line-rate="1" name="service_10.py">
					<methods/>
					<lines>
						<line hits="1" number="1"/>
						<line hits="1" number="2"/>
						<line hits="1" number="3"/>
						<line branch="true" condition-coverage="100% (2/2)" hits="1" number="6"/>
						<line hits="1" number="7"/>
						<line hits="1" number="8"/>
						<line hits="1" number="9"/>
						<line hits="1" number="11"/>
						<line hits="1" number="12"/>
						<line hits="1" number="13"/>
						<line hits="1" number="14"/>
					</lines>
				</class>
			</classes>
		</package>
		<package branch-rate="1" complexity="0" line-rate="1" name="utils">
			<classes>
				<class branch-rate="1" complexity="0" filename="utils/util_01.py" line-rate="1" name="util_01.py">
					<methods/>
					<lines>
						<line hits="1" number="1"/>
						<line hits="1" number="3"/>
						<line hits="1" number="10"/>
						<line hits="1" number="11"/>
						<line hits="1" number="12"/>
						<line branch="true" condition-coverage="100% (2/2)" hits="1" number="14"/>
						<line hits="1" number="15"/>
						<line hits="1" number="16"/>
						<line hits="1" number="17"/>
						<line hits="1" number="19"/>
						<line hits="1" number="20"/>
						<line hits="1" number="21"/>
						<line branch="true" condition-coverage="100% (2/2)" hits="1" number="23"/>
						<line hits="1" number="24"/>
						<line hits="1" number="26"/>
					</lines>
				</class>
			</classes>
		</package>
	</packages>
</coverage>
