<?xml version="1.0" encoding="utf-8"?><testsuites><testsuite name="pytest" errors="0" failures="0" skipped="32" tests="3216" time="277.310" timestamp="2022-04-26T11:06:31.219159" hostname="fv-az38-856"><testcase classname="" name="tests.openbb_terminal.etf.prediction_techniques.test_pred_controller" time="0.000"><skipped message="collection skipped">('/home/runner/work/OpenBBTerminal/OpenBBTerminal/tests/openbb_terminal/etf/prediction_techniques/test_pred_controller.py', 10, 'Skipped: Requires prediction dependencies, like tensorflow')</skipped></testcase><testcase classname="" name="tests.openbb_terminal.stocks.prediction_techniques.test_pred_api" time="0.000"><skipped message="collection skipped">('/home/runner/work/OpenBBTerminal/OpenBBTerminal/tests/openbb_terminal/stocks/prediction_techniques/test_pred_api.py', 12, 'Skipped')</skipped></testcase><testcase classname="" name="tests.openbb_terminal.stocks.prediction_techniques.test_pred_controller" time="0.000"><skipped message="collection skipped">('/home/runner/work/OpenBBTerminal/OpenBBTerminal/tests/openbb_terminal/stocks/prediction_techniques/test_pred_controller.py', 13, 'Skipped')</skipped></testcase><testcase classname="tests.test_terminal" name="test_terminal_quick_exit" time="0.002"><skipped type="pytest.skip" message="unconditional skip">/home/runner/work/OpenBBTerminal/OpenBBTerminal/tests/test_terminal.py:6: unconditional skip</skipped></testcase><testcase classname="tests.test_terminal" name="test_terminal_quit" time="0.000"><skipped type="pytest.skip" message="unconditional skip">/home/runner/work/OpenBBTerminal/OpenBBTerminal/tests/test_terminal.py:20: unconditional skip</skipped></testcase><testcase classname="tests.test_terminal" name="test_menu[True-False-False-None-None]" time="0.000"><skipped type="pytest.skip" message="unconditional skip">/home/runner/work/OpenBBTerminal/OpenBBTerminal/tests/test_terminal.py:45: unconditional skip</skipped></testcase><testcase classname="tests.test_terminal" name="test_menu[False-False-False-None-path1]" time="0.000"><skipped type="pytest.skip" message="unconditional skip">/home/runner/work/OpenBBTerminal/OpenBBTerminal/tests/test_terminal.py:45: unconditional skip</skipped></testcase><testcase classname="tests.openbb_terminal.test_debug_mode" name="test_debug_false" time="0.006" /><testcase classname="tests.openbb_terminal.test_debug_mode" name="test_debug_true" time="0.003" /><testcase classname="tests.openbb_terminal.test_keys_controller" name="test_check_github_key[REPLACE_ME-True]" time="0.016" /><testcase classname="tests.openbb_terminal.test_keys_controller" name="test_check_github_key[VALIDKEY-False]" time="0.012" /><testcase classname="tests.openbb_terminal.test_keys_controller" name="test_check_av_key[REPLACE_ME-True]" time="0.011" /><testcase classname="tests.openbb_terminal.test_keys_controller" name="test_check_av_key[VALIDKEY-False]" time="0.025" /><testcase classname="tests.openbb_terminal.test_keys_controller" name="test_check_fmp_key[REPLACE_ME-True]" time="0.011" /><testcase classname="tests.openbb_terminal.test_keys_controller" name="test_check_fmp_key[VALIDKEY-False]" time="0.021" /><testcase classname="tests.openbb_terminal.test_keys_controller" name="test_check_quandl_key[REPLACE_ME-True]" time="0.011" /><testcase classname="tests.openbb_terminal.test_keys_controller" name="test_check_quandl_key[VALIDKEY-False]" time="0.041" /><testcase classname="tests.openbb_terminal.test_keys_controller" name="test_check_polygon_key[REPLACE_ME-True]" time="0.012" /><testcase classname="tests.openbb_terminal.test_keys_controller" name="test_check_polygon_key[VALIDKEY-False]" time="0.021" /><testcase classname="tests.openbb_terminal.test_keys_controller" name="test_check_fred_key[REPLACE_ME-True]" time="0.012" /><testcase classname="tests.openbb_terminal.test_keys_controller" name="test_check_fred_key[VALIDKEY-False]" time="0.022" /><testcase classname="tests.openbb_terminal.test_keys_controller" name="test_check_news_key[REPLACE_ME-True]" time="0.013" /><testcase classname="tests.openbb_terminal.test_keys_controller" name="test_check_news_key[VALIDKEY-False]" time="0.021" /><testcase classname="tests.openbb_terminal.test_keys_controller" name="test_check_tradier_key[REPLACE_ME-True]" time="0.011" /><testcase classname="tests.openbb_terminal.test_keys_controller" name="test_check_tradier_key[VALIDKEY-False]" time="0.021" /><testcase classname="tests.openbb_terminal.test_keys_controller" name="test_check_cmc_key[REPLACE_ME-True]" time="0.011" /><testcase classname="tests.openbb_terminal.test_keys_controller" name="test_check_cmc_key[VALIDKEY-False]" time="0.023" /><testcase classname="tests.openbb_terminal.test_keys_controller" name="test_check_finnhub_key[REPLACE_ME-True]" time="0.012" /><testcase classname="tests.openbb_terminal.test_keys_controller" name="test_check_finnhub_key[VALIDKEY-False]" time="0.023" /><testcase classname="tests.openbb_terminal.test_keys_controller" name="test_check_iex_key[REPLACE_ME-True]" time="0.011" /><testcase classname="tests.openbb_terminal.test_keys_controller" name="test_check_iex_key[VALIDKEY-False]" time="0.018" /><testcase classname="tests.openbb_terminal.test_keys_controller" name="test_check_reddit_key[REPLACE_ME-True]" time="0.023" /><testcase classname="tests.openbb_terminal.test_keys_controller" name="test_check_reddit_key[VALIDKEY-False]" time="0.022" /><testcase classname="tests.openbb_terminal.test_keys_controller" name="test_check_twitter_key[REPLACE_ME-True]" time="0.011" /><testcase classname="tests.openbb_terminal.test_keys_controller" name="test_check_twitter_key[VALIDKEY-False]" time="0.021" /><testcase classname="tests.openbb_terminal.test_keys_controller" name="test_check_rh_key[REPLACE_ME-True]" time="0.010" /><testcase classname="tests.openbb_terminal.test_keys_controller" name="test_check_rh_key[VALIDKEY-False]" time="0.010" /><testcase classname="tests.openbb_terminal.test_keys_controller" name="test_check_degiro_key[REPLACE_ME-True]" time="0.011" /><testcase classname="tests.openbb_terminal.test_keys_controller" name="test_check_degiro_key[VALIDKEY-False]" time="0.012" /><testcase classname="tests.openbb_terminal.test_keys_controller" name="test_check_oanda_key[REPLACE_ME-True]" time="0.010" /><testcase classname="tests.openbb_terminal.test_keys_controller" name="test_check_oanda_key[VALIDKEY-False]" time="0.011" /><testcase classname="tests.openbb_terminal.test_keys_controller" name="test_check_binance_key[REPLACE_ME-True]" time="0.011" /><testcase classname="tests.openbb_terminal.test_keys_controller" name="test_check_binance_key[VALIDKEY-False]" time="0.011" /><testcase classname="tests.openbb_terminal.test_keys_controller" name="test_check_bitquery_key[REPLACE_ME-True]" time="0.011" /><testcase classname="tests.openbb_terminal.test_keys_controller" name="test_check_bitquery_key[VALIDKEY-False]" time="0.021" /><testcase classname="tests.openbb_terminal.test_keys_controller" name="test_check_si_key[REPLACE_ME-True]" time="0.011" /><testcase classname="tests.openbb_terminal.test_keys_controller" name="test_check_si_key[VALIDKEY-False]" time="0.021" /><testcase classname="tests.openbb_terminal.test_keys_controller" name="test_check_coinbase_key[REPLACE_ME-True]" time="0.011" /><testcase classname="tests.openbb_terminal.test_keys_controller" name="test_check_coinbase_key[VALIDKEY-False]" time="0.020" /><testcase classname="tests.openbb_terminal.test_keys_controller" name="test_check_walert_key[REPLACE_ME-True]" time="0.011" /><testcase classname="tests.openbb_terminal.test_keys_controller" name="test_check_walert_key[VALIDKEY-False]" time="0.021" /><testcase classname="tests.openbb_terminal.test_keys_controller" name="test_check_glassnode_key[REPLACE_ME-True]" time="0.011" /><testcase classname="tests.openbb_terminal.test_keys_controller" name="test_check_glassnode_key[VALIDKEY-False]" time="0.021" /><testcase classname="tests.openbb_terminal.test_keys_controller" name="test_check_coinglass_key[REPLACE_ME-True]" time="0.011" /><testcase classname="tests.openbb_terminal.test_keys_controller" name="test_check_coinglass_key[VALIDKEY-False]" time="0.020" /><testcase classname="tests.openbb_terminal.test_keys_controller" name="test_check_cpanic_key[REPLACE_ME-True]" time="0.010" /><testcase classname="tests.openbb_terminal.test_keys_controller" name="test_check_cpanic_key[VALIDKEY-False]" time="0.019" /><testcase classname="tests.openbb_terminal.test_keys_controller" name="test_check_ethplorer_key[REPLACE_ME-True]" time="0.011" /><testcase classname="tests.openbb_terminal.test_keys_controller" name="test_check_ethplorer_key[VALIDKEY-False]" time="0.019" /><testcase classname="tests.openbb_terminal.test_keys_controller" name="test_check_smartstake_key[REPLACE_ME-True]" time="0.011" /><testcase classname="tests.openbb_terminal.test_keys_controller" name="test_check_smartstake_key[VALIDKEY-False]" time="0.019" /><testcase classname="tests.openbb_terminal.test_keys_controller" name="test_print_help" time="0.455" /><testcase classname="tests.openbb_terminal.test_keys_controller" name="test_call_github[other0]" time="0.006" /><testcase classname="tests.openbb_terminal.test_keys_controller" name="test_call_github[other1]" time="0.005" /><testcase classname="tests.openbb_terminal.test_keys_controller" name="test_call_github[other2]" time="0.005" /><testcase classname="tests.openbb_terminal.test_keys_controller" name="test_call_av[other0]" time="0.005" /><testcase classname="tests.openbb_terminal.test_keys_controller" name="test_call_av[other1]" time="0.242" /><testcase classname="tests.openbb_terminal.test_keys_controller" name="test_call_av[other2]" time="0.191" /><testcase classname="tests.openbb_terminal.test_keys_controller" name="test_call_fmp[other0]" time="0.005" /><testcase classname="tests.openbb_terminal.test_keys_controller" name="test_call_fmp[other1]" time="0.104" /><testcase classname="tests.openbb_terminal.test_keys_controller" name="test_call_fmp[other2]" time="0.071" /><testcase classname="tests.openbb_terminal.test_keys_controller" name="test_call_quandl[other0]" time="0.005" /><testcase classname="tests.openbb_terminal.test_keys_controller" name="test_call_quandl[other1]" time="0.152" /><testcase classname="tests.openbb_terminal.test_keys_controller" name="test_call_quandl[other2]" time="0.136" /><testcase classname="tests.openbb_terminal.test_keys_controller" name="test_call_polygon[other0]" time="0.004" /><testcase classname="tests.openbb_terminal.test_keys_controller" name="test_call_polygon[other1]" time="0.115" /><testcase classname="tests.openbb_terminal.test_keys_controller" name="test_call_polygon[other2]" time="0.099" /><testcase classname="tests.openbb_terminal.test_keys_controller" name="test_call_fred[other0]" time="0.004" /><testcase classname="tests.openbb_terminal.test_keys_controller" name="test_call_fred[other1]" time="0.391" /><testcase classname="tests.openbb_terminal.test_keys_controller" name="test_call_fred[other2]" time="0.107" /><testcase classname="tests.openbb_terminal.test_keys_controller" name="test_call_news[other0]" time="0.007" /><testcase classname="tests.openbb_terminal.test_keys_controller" name="test_call_news[other1]" time="0.273" /><testcase classname="tests.openbb_terminal.test_keys_controller" name="test_call_news[other2]" time="0.092" /><testcase classname="tests.openbb_terminal.test_keys_controller" name="test_call_tradier[other0]" time="0.005" /><testcase classname="tests.openbb_terminal.test_keys_controller" name="test_call_tradier[other1]" time="0.154" /><testcase classname="tests.openbb_terminal.test_keys_controller" name="test_call_tradier[other2]" time="0.076" /><testcase classname="tests.openbb_terminal.test_keys_controller" name="test_call_cmc[other0]" time="0.006" /><testcase classname="tests.openbb_terminal.test_keys_controller" name="test_call_cmc[other1]" time="0.090" /><testcase classname="tests.openbb_terminal.test_keys_controller" name="test_call_cmc[other2]" time="0.085" /><testcase classname="tests.openbb_terminal.test_keys_controller" name="test_call_finnhub[other0]" time="0.005" /><testcase classname="tests.openbb_terminal.test_keys_controller" name="test_call_finnhub[other1]" time="0.131" /><testcase classname="tests.openbb_terminal.test_keys_controller" name="test_call_finnhub[other2]" time="0.126" /><testcase classname="tests.openbb_terminal.test_keys_controller" name="test_call_iex[other0]" time="0.008" /><testcase classname="tests.openbb_terminal.test_keys_controller" name="test_call_iex[other1]" time="0.014" /><testcase classname="tests.openbb_terminal.test_keys_controller" name="test_call_iex[other2]" time="0.013" /><testcase classname="tests.openbb_terminal.test_keys_controller" name="test_call_reddit[other0]" time="0.005" /><testcase classname="tests.openbb_terminal.test_keys_controller" name="test_call_reddit[other1]" time="0.120" /><testcase classname="tests.openbb_terminal.test_keys_controller" name="test_call_twitter[other0]" time="0.005" /><testcase classname="tests.openbb_terminal.test_keys_controller" name="test_call_twitter[other1]" time="0.084" /><testcase classname="tests.openbb_terminal.test_keys_controller" name="test_call_rh[other0]" time="0.004" /><testcase classname="tests.openbb_terminal.test_keys_controller" name="test_call_rh[other1]" time="0.005" /><testcase classname="tests.openbb_terminal.test_keys_controller" name="test_call_degiro[other0]" time="0.004" /><testcase classname="tests.openbb_terminal.test_keys_controller" name="test_call_degiro[other1]" time="0.005" /><testcase classname="tests.openbb_terminal.test_keys_controller" name="test_call_oanda[other0]" time="0.005" /><testcase classname="tests.openbb_terminal.test_keys_controller" name="test_call_oanda[other1]" time="0.004" /><testcase classname="tests.openbb_terminal.test_keys_controller" name="test_call_binance[other0]" time="0.005" /><testcase classname="tests.openbb_terminal.test_keys_controller" name="test_call_binance[other1]" time="0.006" /><testcase classname="tests.openbb_terminal.test_keys_controller" name="test_call_bitquery[other0]" time="0.004" /><testcase classname="tests.openbb_terminal.test_keys_controller" name="test_call_bitquery[other1]" time="0.533" /><testcase classname="tests.openbb_terminal.test_keys_controller" name="test_call_bitquery[other2]" time="0.517" /><testcase classname="tests.openbb_terminal.test_keys_controller" name="test_call_si[other0]" time="0.008" /><testcase classname="tests.openbb_terminal.test_keys_controller" name="test_call_si[other1]" time="0.325" /><testcase classname="tests.openbb_terminal.test_keys_controller" name="test_call_si[other2]" time="0.313" /><testcase classname="tests.openbb_terminal.test_keys_controller" name="test_call_coinbase[other0]" time="0.005" /><testcase classname="tests.openbb_terminal.test_keys_controller" name="test_call_coinbase[other1]" time="0.085" /><testcase classname="tests.openbb_terminal.test_keys_controller" name="test_call_walert[other0]" time="0.007" /><testcase classname="tests.openbb_terminal.test_keys_controller" name="test_call_walert[other1]" time="0.097" /><testcase classname="tests.openbb_terminal.test_keys_controller" name="test_call_walert[other2]" time="0.078" /><testcase classname="tests.openbb_terminal.test_keys_controller" name="test_call_glassnode[other0]" time="0.005" /><testcase classname="tests.openbb_terminal.test_keys_controller" name="test_call_glassnode[other1]" time="0.323" /><testcase classname="tests.openbb_terminal.test_keys_controller" name="test_call_glassnode[other2]" time="0.353" /><testcase classname="tests.openbb_terminal.test_keys_controller" name="test_call_coinglass[other0]" time="0.005" /><testcase classname="tests.openbb_terminal.test_keys_controller" name="test_call_coinglass[other1]" time="0.847" /><testcase classname="tests.openbb_terminal.test_keys_controller" name="test_call_coinglass[other2]" time="0.742" /><testcase classname="tests.openbb_terminal.test_keys_controller" name="test_call_cpanic[other0]" time="0.006" /><testcase classname="tests.openbb_terminal.test_keys_controller" name="test_call_cpanic[other1]" time="0.435" /><testcase classname="tests.openbb_terminal.test_keys_controller" name="test_call_cpanic[other2]" time="0.454" /><testcase classname="tests.openbb_terminal.test_keys_controller" name="test_call_ethplorer[other0]" time="0.005" /><testcase classname="tests.openbb_terminal.test_keys_controller" name="test_call_ethplorer[other1]" time="0.407" /><testcase classname="tests.openbb_terminal.test_keys_controller" name="test_call_ethplorer[other2]" time="0.437" /><testcase classname="tests.openbb_terminal.test_keys_controller" name="test_call_smartstake[other0]" time="0.005" /><testcase classname="tests.openbb_terminal.test_keys_controller" name="test_call_smartstake[other1]" time="0.145" /><testcase classname="tests.openbb_terminal.test_settings_controller" name="test_print_help" time="0.026" /><testcase classname="tests.openbb_terminal.test_settings_controller" name="test_call_logcollection" time="0.010" /><testcase classname="tests.openbb_terminal.test_settings_controller" name="test_call_tab" time="0.011" /><testcase classname="tests.openbb_terminal.test_settings_controller" name="test_call_cls" time="0.011" /><testcase classname="tests.openbb_terminal.test_settings_controller" name="test_call_color" time="0.010" /><testcase classname="tests.openbb_terminal.test_settings_controller" name="test_call_promptkit" time="0.011" /><testcase classname="tests.openbb_terminal.test_settings_controller" name="test_call_predict" time="0.011" /><testcase classname="tests.openbb_terminal.test_settings_controller" name="test_call_thoughts" time="0.009" /><testcase classname="tests.openbb_terminal.test_settings_controller" name="test_call_reporthtml" time="0.009" /><testcase classname="tests.openbb_terminal.test_settings_controller" name="test_call_exithelp" time="0.010" /><testcase classname="tests.openbb_terminal.test_settings_controller" name="test_call_rcontext" time="0.011" /><testcase classname="tests.openbb_terminal.test_settings_controller" name="test_call_dt" time="0.009" /><testcase classname="tests.openbb_terminal.test_settings_controller" name="test_call_rich" time="0.010" /><testcase classname="tests.openbb_terminal.test_settings_controller" name="test_call_richpanel" time="0.011" /><testcase classname="tests.openbb_terminal.test_settings_controller" name="test_call_ion" time="0.009" /><testcase classname="tests.openbb_terminal.test_settings_controller" name="test_call_watermark" time="0.009" /><testcase classname="tests.openbb_terminal.test_settings_controller" name="test_call_cmdloc" time="0.010" /><testcase classname="tests.openbb_terminal.test_settings_controller" name="test_call_autoscaling" time="0.011" /><testcase classname="tests.openbb_terminal.test_settings_controller" name="test_call_dpi[other0]" time="0.010" /><testcase classname="tests.openbb_terminal.test_settings_controller" name="test_call_dpi[other1]" time="0.009" /><testcase classname="tests.openbb_terminal.test_settings_controller" name="test_call_height[other0]" time="0.009" /><testcase classname="tests.openbb_terminal.test_settings_controller" name="test_call_height[other1]" time="0.009" /><testcase classname="tests.openbb_terminal.test_settings_controller" name="test_call_width[other0]" time="0.010" /><testcase classname="tests.openbb_terminal.test_settings_controller" name="test_call_width[other1]" time="0.009" /><testcase classname="tests.openbb_terminal.test_settings_controller" name="test_call_pheight[other0]" time="0.009" /><testcase classname="tests.openbb_terminal.test_settings_controller" name="test_call_pheight[other1]" time="0.009" /><testcase classname="tests.openbb_terminal.test_settings_controller" name="test_call_pwidth[other0]" time="0.011" /><testcase classname="tests.openbb_terminal.test_settings_controller" name="test_call_pwidth[other1]" time="0.010" /><testcase classname="tests.openbb_terminal.test_settings_controller" name="test_call_monitor[other0]" time="0.009" /><testcase classname="tests.openbb_terminal.test_settings_controller" name="test_call_monitor[other1]" time="0.009" /><testcase classname="tests.openbb_terminal.test_settings_controller" name="test_call_backend[other0]" time="0.010" /><testcase classname="tests.openbb_terminal.test_settings_controller" name="test_call_backend[other1]" time="0.011" /><testcase classname="tests.openbb_terminal.test_settings_controller" name="test_call_backend[other2]" time="0.011" /><testcase classname="tests.openbb_terminal.test_terminal_helper.TestMainHelper" name="test_about_us" time="0.003" /><testcase classname="tests.openbb_terminal.test_terminal_helper.TestMainHelper" name="test_print_goodbye" time="0.003" /><testcase classname="tests.openbb_terminal.test_terminal_helper.TestMainHelper" name="test_reset" time="0.004" /><testcase classname="tests.openbb_terminal.test_terminal_helper.TestMainHelper" name="test_update_terminal" time="0.005" /><testcase classname="tests.openbb_terminal.test_terminal_helper.TestMainHelper" name="test_welcome_message" time="0.003" /><testcase classname="tests.openbb_terminal.test_thought_of_the_day.TestThoughtOfTheDay" name="test_get_urls[base_case]" time="0.003" /><testcase classname="tests.openbb_terminal.test_thought_of_the_day.TestThoughtOfTheDay" name="test_get_metadata[base_case]" time="0.008" /><testcase classname="tests.openbb_terminal.alternative.test_alt_controller" name="test_menu_with_queue[queue0-expected0]" time="0.014" /><testcase classname="tests.openbb_terminal.alternative.test_alt_controller" name="test_menu_with_queue[queue1-expected1]" time="0.014" /><testcase classname="tests.openbb_terminal.alternative.test_alt_controller" name="test_menu_without_queue_completion" time="0.019" /><testcase classname="tests.openbb_terminal.alternative.test_alt_controller" name="test_menu_without_queue_sys_exit[help]" time="0.018" /><testcase classname="tests.openbb_terminal.alternative.test_alt_controller" name="test_menu_without_queue_sys_exit[homee help]" time="0.017" /><testcase classname="tests.openbb_terminal.alternative.test_alt_controller" name="test_menu_without_queue_sys_exit[home help]" time="0.016" /><testcase classname="tests.openbb_terminal.alternative.test_alt_controller" name="test_menu_without_queue_sys_exit[mock]" time="0.016" /><testcase classname="tests.openbb_terminal.alternative.test_alt_controller" name="test_print_help" time="0.013" /><testcase classname="tests.openbb_terminal.alternative.test_alt_controller" name="test_switch[-expected_queue0]" time="0.014" /><testcase classname="tests.openbb_terminal.alternative.test_alt_controller" name="test_switch[/help-expected_queue1]" time="0.012" /><testcase classname="tests.openbb_terminal.alternative.test_alt_controller" name="test_switch[help/help-expected_queue2]" time="0.012" /><testcase classname="tests.openbb_terminal.alternative.test_alt_controller" name="test_switch[q-expected_queue3]" time="0.013" /><testcase classname="tests.openbb_terminal.alternative.test_alt_controller" name="test_switch[h-expected_queue4]" time="0.013" /><testcase classname="tests.openbb_terminal.alternative.test_alt_controller" name="test_switch[r-expected_queue5]" time="0.012" /><testcase classname="tests.openbb_terminal.alternative.test_alt_controller" name="test_call_cls" time="0.013" /><testcase classname="tests.openbb_terminal.alternative.test_alt_controller" name="test_call_func_expect_queue[call_exit-queue0-expected_queue0]" time="0.013" /><testcase classname="tests.openbb_terminal.alternative.test_alt_controller" name="test_call_func_expect_queue[call_exit-queue1-expected_queue1]" time="0.013" /><testcase classname="tests.openbb_terminal.alternative.test_alt_controller" name="test_call_func_expect_queue[call_home-queue2-expected_queue2]" time="0.013" /><testcase classname="tests.openbb_terminal.alternative.test_alt_controller" name="test_call_func_expect_queue[call_help-queue3-expected_queue3]" time="0.013" /><testcase classname="tests.openbb_terminal.alternative.test_alt_controller" name="test_call_func_expect_queue[call_quit-queue4-expected_queue4]" time="0.014" /><testcase classname="tests.openbb_terminal.alternative.test_alt_controller" name="test_call_func_expect_queue[call_quit-queue5-expected_queue5]" time="0.012" /><testcase classname="tests.openbb_terminal.alternative.test_alt_controller" name="test_call_func_expect_queue[call_reset-queue6-expected_queue6]" time="0.013" /><testcase classname="tests.openbb_terminal.alternative.test_alt_controller" name="test_call_func_expect_queue[call_reset-queue7-expected_queue7]" time="0.013" /><testcase classname="tests.openbb_terminal.alternative.test_alt_controller" name="test_call_func[call_covid-other_args0-AlternativeDataController.load_class-called_args0-called_kwargs0]" time="0.015" /><testcase classname="tests.openbb_terminal.alternative.covid.test_covid_controller" name="test_menu_with_queue[queue0-expected0]" time="0.017" /><testcase classname="tests.openbb_terminal.alternative.covid.test_covid_controller" name="test_menu_with_queue[queue1-expected1]" time="0.016" /><testcase classname="tests.openbb_terminal.alternative.covid.test_covid_controller" name="test_menu_without_queue_completion" time="0.022" /><testcase classname="tests.openbb_terminal.alternative.covid.test_covid_controller" name="test_menu_without_queue_sys_exit[help]" time="0.020" /><testcase classname="tests.openbb_terminal.alternative.covid.test_covid_controller" name="test_menu_without_queue_sys_exit[homee help]" time="0.019" /><testcase classname="tests.openbb_terminal.alternative.covid.test_covid_controller" name="test_menu_without_queue_sys_exit[home help]" time="0.018" /><testcase classname="tests.openbb_terminal.alternative.covid.test_covid_controller" name="test_menu_without_queue_sys_exit[mock]" time="0.018" /><testcase classname="tests.openbb_terminal.alternative.covid.test_covid_controller" name="test_print_help" time="0.015" /><testcase classname="tests.openbb_terminal.alternative.covid.test_covid_controller" name="test_switch[-expected_queue0]" time="0.014" /><testcase classname="tests.openbb_terminal.alternative.covid.test_covid_controller" name="test_switch[/help-expected_queue1]" time="0.016" /><testcase classname="tests.openbb_terminal.alternative.covid.test_covid_controller" name="test_switch[help/help-expected_queue2]" time="0.014" /><testcase classname="tests.openbb_terminal.alternative.covid.test_covid_controller" name="test_switch[q-expected_queue3]" time="0.015" /><testcase classname="tests.openbb_terminal.alternative.covid.test_covid_controller" name="test_switch[h-expected_queue4]" time="0.014" /><testcase classname="tests.openbb_terminal.alternative.covid.test_covid_controller" name="test_switch[r-expected_queue5]" time="0.014" /><testcase classname="tests.openbb_terminal.alternative.covid.test_covid_controller" name="test_call_cls" time="0.015" /><testcase classname="tests.openbb_terminal.alternative.covid.test_covid_controller" name="test_call_func_expect_queue[call_exit-queue0-expected_queue0]" time="0.014" /><testcase classname="tests.openbb_terminal.alternative.covid.test_covid_controller" name="test_call_func_expect_queue[call_exit-queue1-expected_queue1]" time="0.014" /><testcase classname="tests.openbb_terminal.alternative.covid.test_covid_controller" name="test_call_func_expect_queue[call_home-queue2-expected_queue2]" time="0.015" /><testcase classname="tests.openbb_terminal.alternative.covid.test_covid_controller" name="test_call_func_expect_queue[call_help-queue3-expected_queue3]" time="0.015" /><testcase classname="tests.openbb_terminal.alternative.covid.test_covid_controller" name="test_call_func_expect_queue[call_quit-queue4-expected_queue4]" time="0.014" /><testcase classname="tests.openbb_terminal.alternative.covid.test_covid_controller" name="test_call_func_expect_queue[call_quit-queue5-expected_queue5]" time="0.015" /><testcase classname="tests.openbb_terminal.alternative.covid.test_covid_controller" name="test_call_func_expect_queue[call_reset-queue6-expected_queue6]" time="0.309" /><testcase classname="tests.openbb_terminal.alternative.covid.test_covid_controller" name="test_call_func_expect_queue[call_reset-queue7-expected_queue7]" time="0.015" /><testcase classname="tests.openbb_terminal.alternative.covid.test_covid_controller" name="test_call_func[call_country-other_args0--called_args0-called_kwargs0]" time="0.015" /><testcase classname="tests.openbb_terminal.alternative.covid.test_covid_controller" name="test_call_func[call_rates-other_args1-covid_view.display_covid_stat-called_args1-called_kwargs1]" time="0.016" /><testcase classname="tests.openbb_terminal.alternative.covid.test_covid_controller" name="test_call_func[call_deaths-other_args2-covid_view.display_covid_stat-called_args2-called_kwargs2]" time="0.015" /><testcase classname="tests.openbb_terminal.alternative.covid.test_covid_controller" name="test_call_func[call_cases-other_args3-covid_view.display_covid_stat-called_args3-called_kwargs3]" time="0.015" /><testcase classname="tests.openbb_terminal.alternative.covid.test_covid_controller" name="test_call_func[call_slopes-other_args4-covid_view.display_country_slopes-called_args4-called_kwargs4]" time="0.017" /><testcase classname="tests.openbb_terminal.alternative.oss.test_github_model" name="test_get_repo_summary[openbb-finance/openbbterminal]" time="0.037" /><testcase classname="tests.openbb_terminal.alternative.oss.test_github_model" name="test_get_stars_history[openbb-finance/openbbterminal]" time="5.906" /><testcase classname="tests.openbb_terminal.alternative.oss.test_github_model" name="test_get_top_repos[stars-10-]" time="0.042" /><testcase classname="tests.openbb_terminal.alternative.oss.test_github_view" name="test_display_star_history" time="5.892" /><testcase classname="tests.openbb_terminal.alternative.oss.test_github_view" name="test_display_top_repos" time="0.370" /><testcase classname="tests.openbb_terminal.alternative.oss.test_github_view" name="test_display_repo_summary" time="0.037" /><testcase classname="tests.openbb_terminal.alternative.oss.test_oss_controller" name="test_menu_with_queue[queue0-expected0]" time="0.013" /><testcase classname="tests.openbb_terminal.alternative.oss.test_oss_controller" name="test_menu_with_queue[queue1-expected1]" time="0.015" /><testcase classname="tests.openbb_terminal.alternative.oss.test_oss_controller" name="test_menu_without_queue_completion" time="0.018" /><testcase classname="tests.openbb_terminal.alternative.oss.test_oss_controller" name="test_menu_without_queue_sys_exit[help]" time="0.016" /><testcase classname="tests.openbb_terminal.alternative.oss.test_oss_controller" name="test_menu_without_queue_sys_exit[homee help]" time="0.017" /><testcase classname="tests.openbb_terminal.alternative.oss.test_oss_controller" name="test_menu_without_queue_sys_exit[home help]" time="0.015" /><testcase classname="tests.openbb_terminal.alternative.oss.test_oss_controller" name="test_menu_without_queue_sys_exit[mock]" time="0.018" /><testcase classname="tests.openbb_terminal.alternative.oss.test_oss_controller" name="test_print_help" time="0.013" /><testcase classname="tests.openbb_terminal.alternative.oss.test_oss_controller" name="test_switch[-expected_queue0]" time="0.013" /><testcase classname="tests.openbb_terminal.alternative.oss.test_oss_controller" name="test_switch[/help-expected_queue1]" time="0.012" /><testcase classname="tests.openbb_terminal.alternative.oss.test_oss_controller" name="test_switch[help/help-expected_queue2]" time="0.013" /><testcase classname="tests.openbb_terminal.alternative.oss.test_oss_controller" name="test_switch[q-expected_queue3]" time="0.012" /><testcase classname="tests.openbb_terminal.alternative.oss.test_oss_controller" name="test_switch[h-expected_queue4]" time="0.012" /><testcase classname="tests.openbb_terminal.alternative.oss.test_oss_controller" name="test_switch[r-expected_queue5]" time="0.012" /><testcase classname="tests.openbb_terminal.alternative.oss.test_oss_controller" name="test_call_cls" time="0.013" /><testcase classname="tests.openbb_terminal.alternative.oss.test_oss_controller" name="test_call_func_expect_queue[call_exit-queue0-expected_queue0]" time="0.012" /><testcase classname="tests.openbb_terminal.alternative.oss.test_oss_controller" name="test_call_func_expect_queue[call_exit-queue1-expected_queue1]" time="0.014" /><testcase classname="tests.openbb_terminal.alternative.oss.test_oss_controller" name="test_call_func_expect_queue[call_home-queue2-expected_queue2]" time="0.012" /><testcase classname="tests.openbb_terminal.alternative.oss.test_oss_controller" name="test_call_func_expect_queue[call_help-queue3-expected_queue3]" time="0.012" /><testcase classname="tests.openbb_terminal.alternative.oss.test_oss_controller" name="test_call_func_expect_queue[call_quit-queue4-expected_queue4]" time="0.012" /><testcase classname="tests.openbb_terminal.alternative.oss.test_oss_controller" name="test_call_func_expect_queue[call_quit-queue5-expected_queue5]" time="0.012" /><testcase classname="tests.openbb_terminal.alternative.oss.test_oss_controller" name="test_call_func_expect_queue[call_reset-queue6-expected_queue6]" time="0.013" /><testcase classname="tests.openbb_terminal.alternative.oss.test_oss_controller" name="test_call_func_expect_queue[call_reset-queue7-expected_queue7]" time="0.012" /><testcase classname="tests.openbb_terminal.alternative.oss.test_oss_controller" name="test_call_func[call_tr-other_args0-github_view.display_top_repos-called_args0-called_kwargs0]" time="0.014" /><testcase classname="tests.openbb_terminal.alternative.oss.test_runa_model" name="test_get_startups" time="0.082" /><testcase classname="tests.openbb_terminal.alternative.oss.test_runa_view" name="test_display_rossindex" time="0.132" /><testcase classname="tests.openbb_terminal.api.test_api" name="test_import_api" time="0.169" /><testcase classname="tests.openbb_terminal.common.behavioural_analysis.test_finbrain_model" name="test_get_sentiment" time="0.024" /><testcase classname="tests.openbb_terminal.common.behavioural_analysis.test_finbrain_view" name="test_display_sentiment_analysis[True]" time="0.087" /><testcase classname="tests.openbb_terminal.common.behavioural_analysis.test_finbrain_view" name="test_display_sentiment_analysis[False]" time="0.083" /><testcase classname="tests.openbb_terminal.common.behavioural_analysis.test_finbrain_view" name="test_display_sentiment_analysis_empty_df" time="0.013" /><testcase classname="tests.openbb_terminal.common.behavioural_analysis.test_sentimentinvestor_model" name="test_check_supported_ticker[BTC]" time="0.020" /><testcase classname="tests.openbb_terminal.common.behavioural_analysis.test_sentimentinvestor_model" name="test_check_supported_ticker[BTC-USD]" time="0.020" /><testcase classname="tests.openbb_terminal.common.behavioural_analysis.test_sentimentinvestor_model" name="test_get_historical[AAPL-2020-12-1-2020-12-7-100]" time="0.021" /><testcase classname="tests.openbb_terminal.common.behavioural_analysis.test_sentimentinvestor_model" name="test_get_trending[start0-9-10]" time="0.024" /><testcase classname="tests.openbb_terminal.common.behavioural_analysis.test_sentimentinvestor_model" name="test_get_trending_status_400" time="0.011" /><testcase classname="tests.openbb_terminal.common.behavioural_analysis.test_sentimentinvestor_view" name="test_display_historical" time="0.107" /><testcase classname="tests.openbb_terminal.common.behavioural_analysis.test_sentimentinvestor_view" name="test_display_historical_supported_ticker" time="0.012" /><testcase classname="tests.openbb_terminal.common.behavioural_analysis.test_sentimentinvestor_view" name="test_display_historical_empty_df" time="0.012" /><testcase classname="tests.openbb_terminal.common.behavioural_analysis.test_sentimentinvestor_view" name="test_display_trending" time="0.029" /><testcase classname="tests.openbb_terminal.common.behavioural_analysis.test_sentimentinvestor_view" name="test_display_trending_empty_df" time="0.012" /><testcase classname="tests.openbb_terminal.common.prediction_techniques.test_neural_networks_view.TestPredNeuralNetworks" name="test_mlp" time="0.004" /><testcase classname="tests.openbb_terminal.common.quantitative_analysis.test_qa_view" name="test_lambda_color_red[0.04]" time="0.003" /><testcase classname="tests.openbb_terminal.common.quantitative_analysis.test_qa_view" name="test_lambda_color_red[1]" time="0.003" /><testcase classname="tests.openbb_terminal.common.quantitative_analysis.test_qa_view" name="test_display_summary" time="0.038" /><testcase classname="tests.openbb_terminal.common.quantitative_analysis.test_qa_view" name="test_display_hist[df_use0-None]" time="0.102" /><testcase classname="tests.openbb_terminal.common.quantitative_analysis.test_qa_view" name="test_display_hist[df_use1-None]" time="0.092" /><testcase classname="tests.openbb_terminal.common.quantitative_analysis.test_qa_view" name="test_display_hist[df_use2-external2]" time="0.010" /><testcase classname="tests.openbb_terminal.common.quantitative_analysis.test_qa_view" name="test_display_hist_fail" time="0.021" /><testcase classname="tests.openbb_terminal.common.quantitative_analysis.test_qa_view" name="test_display_cdf[None]" time="0.089" /><testcase classname="tests.openbb_terminal.common.quantitative_analysis.test_qa_view" name="test_display_cdf[external1]" time="0.011" /><testcase classname="tests.openbb_terminal.common.quantitative_analysis.test_qa_view" name="test_display_cdf_fail" time="0.016" /><testcase classname="tests.openbb_terminal.common.quantitative_analysis.test_qa_view" name="test_display_bw[None-False]" time="0.064" /><testcase classname="tests.openbb_terminal.common.quantitative_analysis.test_qa_view" name="test_display_bw[None-True]" time="0.066" /><testcase classname="tests.openbb_terminal.common.quantitative_analysis.test_qa_view" name="test_display_bw[external2-False]" time="0.010" /><testcase classname="tests.openbb_terminal.common.quantitative_analysis.test_qa_view" name="test_display_acf[external0-False]" time="0.009" /><testcase classname="tests.openbb_terminal.common.quantitative_analysis.test_qa_view" name="test_display_qqplot[None]" time="0.062" /><testcase classname="tests.openbb_terminal.common.quantitative_analysis.test_qa_view" name="test_display_qqplot[external1]" time="0.009" /><testcase classname="tests.openbb_terminal.common.quantitative_analysis.test_qa_view" name="test_display_cusum" time="0.107" /><testcase classname="tests.openbb_terminal.common.quantitative_analysis.test_qa_view" name="test_display_cusum_fail" time="0.009" /><testcase classname="tests.openbb_terminal.common.quantitative_analysis.test_qa_view" name="test_display_seasonal[False]" time="0.229" /><testcase classname="tests.openbb_terminal.common.quantitative_analysis.test_qa_view" name="test_display_seasonal[True]" time="0.234" /><testcase classname="tests.openbb_terminal.common.quantitative_analysis.test_qa_view" name="test_display_normality" time="0.028" /><testcase classname="tests.openbb_terminal.common.quantitative_analysis.test_qa_view" name="test_display_unitroot" time="0.015" /><testcase classname="tests.openbb_terminal.common.quantitative_analysis.test_qa_view" name="test_display_raw[use_df0]" time="0.010" /><testcase classname="tests.openbb_terminal.common.quantitative_analysis.test_qa_view" name="test_display_raw[use_df1]" time="0.006" /><testcase classname="tests.openbb_terminal.common.quantitative_analysis.test_qa_view" name="test_display_line[True-None]" time="0.169" /><testcase classname="tests.openbb_terminal.common.quantitative_analysis.test_qa_view" name="test_display_line[False-None]" time="0.133" /><testcase classname="tests.openbb_terminal.common.quantitative_analysis.test_qa_view" name="test_display_line[True-external2]" time="0.004" /><testcase classname="tests.openbb_terminal.common.quantitative_analysis.test_qa_view" name="test_display_var" time="0.014" /><testcase classname="tests.openbb_terminal.cryptocurrency.test_crypto_api" name="test_models" time="0.003" /><testcase classname="tests.openbb_terminal.cryptocurrency.test_crypto_controller" name="test_menu_with_queue[queue0-expected0]" time="0.015" /><testcase classname="tests.openbb_terminal.cryptocurrency.test_crypto_controller" name="test_menu_with_queue[queue1-expected1]" time="0.013" /><testcase classname="tests.openbb_terminal.cryptocurrency.test_crypto_controller" name="test_menu_without_queue_completion" time="0.018" /><testcase classname="tests.openbb_terminal.cryptocurrency.test_crypto_controller" name="test_menu_without_queue_sys_exit[help]" time="0.015" /><testcase classname="tests.openbb_terminal.cryptocurrency.test_crypto_controller" name="test_menu_without_queue_sys_exit[homee help]" time="0.016" /><testcase classname="tests.openbb_terminal.cryptocurrency.test_crypto_controller" name="test_menu_without_queue_sys_exit[home help]" time="0.016" /><testcase classname="tests.openbb_terminal.cryptocurrency.test_crypto_controller" name="test_menu_without_queue_sys_exit[mock]" time="0.016" /><testcase classname="tests.openbb_terminal.cryptocurrency.test_crypto_controller" name="test_print_help" time="0.013" /><testcase classname="tests.openbb_terminal.cryptocurrency.test_crypto_controller" name="test_switch[-expected_queue0]" time="0.014" /><testcase classname="tests.openbb_terminal.cryptocurrency.test_crypto_controller" name="test_switch[/help-expected_queue1]" time="0.012" /><testcase classname="tests.openbb_terminal.cryptocurrency.test_crypto_controller" name="test_switch[help/help-expected_queue2]" time="0.011" /><testcase classname="tests.openbb_terminal.cryptocurrency.test_crypto_controller" name="test_switch[q-expected_queue3]" time="0.011" /><testcase classname="tests.openbb_terminal.cryptocurrency.test_crypto_controller" name="test_switch[h-expected_queue4]" time="0.012" /><testcase classname="tests.openbb_terminal.cryptocurrency.test_crypto_controller" name="test_switch[r-expected_queue5]" time="0.012" /><testcase classname="tests.openbb_terminal.cryptocurrency.test_crypto_controller" name="test_call_cls" time="0.012" /><testcase classname="tests.openbb_terminal.cryptocurrency.test_crypto_controller" name="test_call_func_expect_queue[call_exit-queue0-expected_queue0]" time="0.012" /><testcase classname="tests.openbb_terminal.cryptocurrency.test_crypto_controller" name="test_call_func_expect_queue[call_exit-queue1-expected_queue1]" time="0.012" /><testcase classname="tests.openbb_terminal.cryptocurrency.test_crypto_controller" name="test_call_func_expect_queue[call_home-queue2-expected_queue2]" time="0.012" /><testcase classname="tests.openbb_terminal.cryptocurrency.test_crypto_controller" name="test_call_func_expect_queue[call_help-queue3-expected_queue3]" time="0.011" /><testcase classname="tests.openbb_terminal.cryptocurrency.test_crypto_controller" name="test_call_func_expect_queue[call_quit-queue4-expected_queue4]" time="0.013" /><testcase classname="tests.openbb_terminal.cryptocurrency.test_crypto_controller" name="test_call_func_expect_queue[call_quit-queue5-expected_queue5]" time="0.012" /><testcase classname="tests.openbb_terminal.cryptocurrency.test_crypto_controller" name="test_call_func_expect_queue[call_reset-queue6-expected_queue6]" time="0.012" /><testcase classname="tests.openbb_terminal.cryptocurrency.test_crypto_controller" name="test_call_func_expect_queue[call_reset-queue7-expected_queue7]" time="0.012" /><testcase classname="tests.openbb_terminal.cryptocurrency.test_crypto_controller" name="test_call_func[call_prt-other_args0-pycoingecko_view.display_coin_potential_returns-called_args0-called_kwargs0]" time="0.037" /><testcase classname="tests.openbb_terminal.cryptocurrency.test_crypto_controller" name="test_call_func[call_disc-other_args1-CryptoController.load_class-called_args1-called_kwargs1]" time="0.014" /><testcase classname="tests.openbb_terminal.cryptocurrency.test_crypto_controller" name="test_call_func[call_ov-other_args2-CryptoController.load_class-called_args2-called_kwargs2]" time="0.013" /><testcase classname="tests.openbb_terminal.cryptocurrency.test_crypto_controller" name="test_call_func[call_defi-other_args3-CryptoController.load_class-called_args3-called_kwargs3]" time="0.013" /><testcase classname="tests.openbb_terminal.cryptocurrency.test_crypto_controller" name="test_call_func[call_headlines-other_args4-finbrain_crypto_view.display_crypto_sentiment_analysis-called_args4-called_kwargs4]" time="0.014" /><testcase classname="tests.openbb_terminal.cryptocurrency.test_crypto_controller" name="test_call_func[call_dd-other_args5-CryptoController.load_class-called_args5-called_kwargs5]" time="0.015" /><testcase classname="tests.openbb_terminal.cryptocurrency.test_crypto_controller" name="test_call_func[call_onchain-other_args6-CryptoController.load_class-called_args6-called_kwargs6]" time="0.016" /><testcase classname="tests.openbb_terminal.cryptocurrency.test_crypto_controller" name="test_call_func[call_nft-other_args7-CryptoController.load_class-called_args7-called_kwargs7]" time="0.014" /><testcase classname="tests.openbb_terminal.cryptocurrency.test_crypto_controller" name="test_call_func[call_tools-other_args8-CryptoController.load_class-called_args8-called_kwargs8]" time="0.015" /><testcase classname="tests.openbb_terminal.cryptocurrency.test_crypto_controller" name="test_call_func_no_current_coin[call_prt]" time="0.011" /><testcase classname="tests.openbb_terminal.cryptocurrency.test_crypto_controller" name="test_call_func_no_current_coin[call_chart]" time="0.011" /><testcase classname="tests.openbb_terminal.cryptocurrency.test_crypto_controller" name="test_call_func_no_current_coin[call_ta]" time="0.015" /><testcase classname="tests.openbb_terminal.cryptocurrency.test_crypto_controller" name="test_call_func_no_current_coin[call_dd]" time="0.011" /><testcase classname="tests.openbb_terminal.cryptocurrency.test_crypto_controller" name="test_call_func_no_current_coin[call_pred]" time="0.015" /><testcase classname="tests.openbb_terminal.cryptocurrency.test_cryptocurrency_helpers.TestCoinGeckoAPI" name="test_coin_api_load" time="0.003" /><testcase classname="tests.openbb_terminal.cryptocurrency.test_cryptocurrency_helpers.TestCoinGeckoAPI" name="test_coin_api_load_df_for_ta" time="0.013" /><testcase classname="tests.openbb_terminal.cryptocurrency.test_cryptocurrency_helpers.TestCoinGeckoAPI" name="test_coin_chart" time="0.329" /><testcase classname="tests.openbb_terminal.cryptocurrency.test_cryptocurrency_helpers.TestCoinGeckoAPI" name="test_get_coins" time="0.081" /><testcase classname="tests.openbb_terminal.cryptocurrency.defi.test_coindix_model" name="test_get_defi_vaults" time="0.026" /><testcase classname="tests.openbb_terminal.cryptocurrency.defi.test_coindix_model" name="test_get_defi_vaults_no_data" time="0.010" /><testcase classname="tests.openbb_terminal.cryptocurrency.defi.test_coindix_view" name="test_display_defi_vaults" time="0.037" /><testcase classname="tests.openbb_terminal.cryptocurrency.defi.test_coindix_view" name="test_display_defi_vaults_empty_df" time="0.011" /><testcase classname="tests.openbb_terminal.cryptocurrency.defi.test_cryptosaurio_model" name="test_get_anchor_data[terra13kc0x8kr3sq8226myf4nmanmn2mrk9s5s9wsnz]" time="0.029" /><testcase classname="tests.openbb_terminal.cryptocurrency.defi.test_cryptosaurio_view" name="test_display_anchor_data" time="0.052" /><testcase classname="tests.openbb_terminal.cryptocurrency.defi.test_defi_api" name="test_models" time="0.003" /><testcase classname="tests.openbb_terminal.cryptocurrency.defi.test_defi_controller" name="test_menu_with_queue[queue0-expected0]" time="0.012" /><testcase classname="tests.openbb_terminal.cryptocurrency.defi.test_defi_controller" name="test_menu_with_queue[queue1-expected1]" time="0.012" /><testcase classname="tests.openbb_terminal.cryptocurrency.defi.test_defi_controller" name="test_menu_without_queue_completion" time="0.017" /><testcase classname="tests.openbb_terminal.cryptocurrency.defi.test_defi_controller" name="test_menu_without_queue_sys_exit[help]" time="0.016" /><testcase classname="tests.openbb_terminal.cryptocurrency.defi.test_defi_controller" name="test_menu_without_queue_sys_exit[homee help]" time="0.016" /><testcase classname="tests.openbb_terminal.cryptocurrency.defi.test_defi_controller" name="test_menu_without_queue_sys_exit[home help]" time="0.016" /><testcase classname="tests.openbb_terminal.cryptocurrency.defi.test_defi_controller" name="test_menu_without_queue_sys_exit[mock]" time="0.015" /><testcase classname="tests.openbb_terminal.cryptocurrency.defi.test_defi_controller" name="test_print_help" time="0.011" /><testcase classname="tests.openbb_terminal.cryptocurrency.defi.test_defi_controller" name="test_switch[-expected_queue0]" time="0.011" /><testcase classname="tests.openbb_terminal.cryptocurrency.defi.test_defi_controller" name="test_switch[/help-expected_queue1]" time="0.011" /><testcase classname="tests.openbb_terminal.cryptocurrency.defi.test_defi_controller" name="test_switch[help/help-expected_queue2]" time="0.013" /><testcase classname="tests.openbb_terminal.cryptocurrency.defi.test_defi_controller" name="test_switch[q-expected_queue3]" time="0.012" /><testcase classname="tests.openbb_terminal.cryptocurrency.defi.test_defi_controller" name="test_switch[h-expected_queue4]" time="0.011" /><testcase classname="tests.openbb_terminal.cryptocurrency.defi.test_defi_controller" name="test_switch[r-expected_queue5]" time="0.012" /><testcase classname="tests.openbb_terminal.cryptocurrency.defi.test_defi_controller" name="test_call_cls" time="0.012" /><testcase classname="tests.openbb_terminal.cryptocurrency.defi.test_defi_controller" name="test_call_func_expect_queue[call_exit-queue0-expected_queue0]" time="0.011" /><testcase classname="tests.openbb_terminal.cryptocurrency.defi.test_defi_controller" name="test_call_func_expect_queue[call_exit-queue1-expected_queue1]" time="0.011" /><testcase classname="tests.openbb_terminal.cryptocurrency.defi.test_defi_controller" name="test_call_func_expect_queue[call_home-queue2-expected_queue2]" time="0.012" /><testcase classname="tests.openbb_terminal.cryptocurrency.defi.test_defi_controller" name="test_call_func_expect_queue[call_help-queue3-expected_queue3]" time="0.012" /><testcase classname="tests.openbb_terminal.cryptocurrency.defi.test_defi_controller" name="test_call_func_expect_queue[call_quit-queue4-expected_queue4]" time="0.013" /><testcase classname="tests.openbb_terminal.cryptocurrency.defi.test_defi_controller" name="test_call_func_expect_queue[call_quit-queue5-expected_queue5]" time="0.012" /><testcase classname="tests.openbb_terminal.cryptocurrency.defi.test_defi_controller" name="test_call_func_expect_queue[call_reset-queue6-expected_queue6]" time="0.013" /><testcase classname="tests.openbb_terminal.cryptocurrency.defi.test_defi_controller" name="test_call_func_expect_queue[call_reset-queue7-expected_queue7]" time="0.012" /><testcase classname="tests.openbb_terminal.cryptocurrency.defi.test_defi_controller" name="test_call_func[call_aterra-other_args0-terraengineer_view.display_terra_asset_history-called_args0-called_kwargs0]" time="0.014" /><testcase classname="tests.openbb_terminal.cryptocurrency.defi.test_defi_controller" name="test_call_func[call_ayr-other_args1-terraengineer_view.display_anchor_yield_reserve-called_args1-called_kwargs1]" time="0.012" /><testcase classname="tests.openbb_terminal.cryptocurrency.defi.test_defi_controller" name="test_call_func[call_sinfo-other_args2-terramoney_fcd_view.display_account_staking_info-called_args2-called_kwargs2]" time="0.013" /><testcase classname="tests.openbb_terminal.cryptocurrency.defi.test_defi_controller" name="test_call_func[call_validators-other_args3-terramoney_fcd_view.display_validators-called_args3-called_kwargs3]" time="0.013" /><testcase classname="tests.openbb_terminal.cryptocurrency.defi.test_defi_controller" name="test_call_func[call_govp-other_args4-terramoney_fcd_view.display_gov_proposals-called_args4-called_kwargs4]" time="0.014" /><testcase classname="tests.openbb_terminal.cryptocurrency.defi.test_defi_controller" name="test_call_func[call_gacc-other_args5-terramoney_fcd_view.display_account_growth-called_args5-called_kwargs5]" time="0.013" /><testcase classname="tests.openbb_terminal.cryptocurrency.defi.test_defi_controller" name="test_call_func[call_sratio-other_args6-terramoney_fcd_view.display_staking_ratio_history-called_args6-called_kwargs6]" time="0.013" /><testcase classname="tests.openbb_terminal.cryptocurrency.defi.test_defi_controller" name="test_call_func[call_sreturn-other_args7-terramoney_fcd_view.display_staking_returns_history-called_args7-called_kwargs7]" time="0.013" /><testcase classname="tests.openbb_terminal.cryptocurrency.defi.test_defi_controller" name="test_call_func[call_dpi-other_args8-defipulse_view.display_defipulse-called_args8-called_kwargs8]" time="0.014" /><testcase classname="tests.openbb_terminal.cryptocurrency.defi.test_defi_controller" name="test_call_func[call_gdapps-other_args9-llama_view.display_grouped_defi_protocols-called_args9-called_kwargs9]" time="0.014" /><testcase classname="tests.openbb_terminal.cryptocurrency.defi.test_defi_controller" name="test_call_func[call_dtvl-other_args10-llama_view.display_historical_tvl-called_args10-called_kwargs10]" time="0.015" /><testcase classname="tests.openbb_terminal.cryptocurrency.defi.test_defi_controller" name="test_call_func[call_ldapps-other_args11-llama_view.display_defi_protocols-called_args11-called_kwargs11]" time="0.014" /><testcase classname="tests.openbb_terminal.cryptocurrency.defi.test_defi_controller" name="test_call_func[call_stvl-other_args12-llama_view.display_defi_tvl-called_args12-called_kwargs12]" time="0.014" /><testcase classname="tests.openbb_terminal.cryptocurrency.defi.test_defi_controller" name="test_call_func[call_funding-other_args13-defirate_view.display_funding_rates-called_args13-called_kwargs13]" time="0.014" /><testcase classname="tests.openbb_terminal.cryptocurrency.defi.test_defi_controller" name="test_call_func[call_borrow-other_args14-defirate_view.display_borrow_rates-called_args14-called_kwargs14]" time="0.014" /><testcase classname="tests.openbb_terminal.cryptocurrency.defi.test_defi_controller" name="test_call_func[call_lending-other_args15-defirate_view.display_lending_rates-called_args15-called_kwargs15]" time="0.014" /><testcase classname="tests.openbb_terminal.cryptocurrency.defi.test_defi_controller" name="test_call_func[call_newsletter-other_args16-substack_view.display_newsletters-called_args16-called_kwargs16]" time="0.014" /><testcase classname="tests.openbb_terminal.cryptocurrency.defi.test_defi_controller" name="test_call_func[call_tokens-other_args17-graph_view.display_uni_tokens-called_args17-called_kwargs17]" time="0.014" /><testcase classname="tests.openbb_terminal.cryptocurrency.defi.test_defi_controller" name="test_call_func[call_stats-other_args18-graph_view.display_uni_stats-called_args18-called_kwargs18]" time="0.013" /><testcase classname="tests.openbb_terminal.cryptocurrency.defi.test_defi_controller" name="test_call_func[call_pairs-other_args19-graph_view.display_recently_added-called_args19-called_kwargs19]" time="0.014" /><testcase classname="tests.openbb_terminal.cryptocurrency.defi.test_defi_controller" name="test_call_func[call_pools-other_args20-graph_view.display_uni_pools-called_args20-called_kwargs20]" time="0.013" /><testcase classname="tests.openbb_terminal.cryptocurrency.defi.test_defi_controller" name="test_call_func[call_swaps-other_args21-graph_view.display_last_uni_swaps-called_args21-called_kwargs21]" time="0.013" /><testcase classname="tests.openbb_terminal.cryptocurrency.defi.test_defi_controller" name="test_call_func[call_vaults-other_args22-coindix_view.display_defi_vaults-called_args22-called_kwargs22]" time="0.015" /><testcase classname="tests.openbb_terminal.cryptocurrency.defi.test_defi_controller" name="test_call_func[call_lcsc-other_args23-smartstake_view.display_luna_circ_supply_change-called_args23-called_kwargs23]" time="0.015" /><testcase classname="tests.openbb_terminal.cryptocurrency.defi.test_defipulse_model" name="test_get_defipulse_index" time="0.476" /><testcase classname="tests.openbb_terminal.cryptocurrency.defi.test_defipulse_view" name="test_display_defipulse" time="0.136" /><testcase classname="tests.openbb_terminal.cryptocurrency.defi.test_defirate_model" name="test_get_funding_rates" time="0.491" /><testcase classname="tests.openbb_terminal.cryptocurrency.defi.test_defirate_model" name="test_get_lending_rates" time="0.242" /><testcase classname="tests.openbb_terminal.cryptocurrency.defi.test_defirate_model" name="test_get_borrow_rates" time="0.236" /><testcase classname="tests.openbb_terminal.cryptocurrency.defi.test_defirate_view" name="test_display_funding_rates" time="0.473" /><testcase classname="tests.openbb_terminal.cryptocurrency.defi.test_defirate_view" name="test_display_lending_rates" time="0.646" /><testcase classname="tests.openbb_terminal.cryptocurrency.defi.test_defirate_view" name="test_display_borrow_rates" time="0.243" /><testcase classname="tests.openbb_terminal.cryptocurrency.defi.test_graph_model" name="test_query_graph_status_400" time="0.011" /><testcase classname="tests.openbb_terminal.cryptocurrency.defi.test_graph_model" name="test_call_func[get_uni_tokens-kwargs0]" time="0.020" /><testcase classname="tests.openbb_terminal.cryptocurrency.defi.test_graph_model" name="test_call_func[get_uniswap_stats-kwargs1]" time="0.020" /><testcase classname="tests.openbb_terminal.cryptocurrency.defi.test_graph_model" name="test_call_func[get_uni_pools_by_volume-kwargs2]" time="0.039" /><testcase classname="tests.openbb_terminal.cryptocurrency.defi.test_graph_model" name="test_call_func[get_last_uni_swaps-kwargs3]" time="0.020" /><testcase classname="tests.openbb_terminal.cryptocurrency.defi.test_graph_model" name="test_get_uniswap_pool_recently_added" time="0.022" /><testcase classname="tests.openbb_terminal.cryptocurrency.defi.test_graph_model" name="test_call_func_empty_df[get_uni_tokens-kwargs0]" time="0.010" /><testcase classname="tests.openbb_terminal.cryptocurrency.defi.test_graph_model" name="test_call_func_empty_df[get_uniswap_stats-kwargs1]" time="0.011" /><testcase classname="tests.openbb_terminal.cryptocurrency.defi.test_graph_model" name="test_call_func_empty_df[get_uniswap_pool_recently_added-kwargs2]" time="0.010" /><testcase classname="tests.openbb_terminal.cryptocurrency.defi.test_graph_model" name="test_call_func_empty_df[get_uni_pools_by_volume-kwargs3]" time="0.011" /><testcase classname="tests.openbb_terminal.cryptocurrency.defi.test_graph_model" name="test_call_func_empty_df[get_last_uni_swaps-kwargs4]" time="0.010" /><testcase classname="tests.openbb_terminal.cryptocurrency.defi.test_graph_view" name="test_call_func[display_uni_tokens-kwargs0]" time="0.026" /><testcase classname="tests.openbb_terminal.cryptocurrency.defi.test_graph_view" name="test_call_func[display_uni_stats-kwargs1]" time="0.025" /><testcase classname="tests.openbb_terminal.cryptocurrency.defi.test_graph_view" name="test_call_func[display_uni_pools-kwargs2]" time="0.055" /><testcase classname="tests.openbb_terminal.cryptocurrency.defi.test_graph_view" name="test_call_func[display_last_uni_swaps-kwargs3]" time="0.025" /><testcase classname="tests.openbb_terminal.cryptocurrency.defi.test_graph_view" name="test_display_recently_added" time="0.030" /><testcase classname="tests.openbb_terminal.cryptocurrency.defi.test_llama_model" name="test_get_defi_protocol[anchor]" time="0.030" /><testcase classname="tests.openbb_terminal.cryptocurrency.defi.test_llama_model" name="test_get_defi_protocols" time="0.024" /><testcase classname="tests.openbb_terminal.cryptocurrency.defi.test_llama_model" name="test_get_defi_tvl" time="0.001"><skipped type="pytest.skip" message="unconditional skip">/home/runner/work/OpenBBTerminal/OpenBBTerminal/tests/openbb_terminal/cryptocurrency/defi/test_llama_model.py:90: unconditional skip</skipped></testcase><testcase classname="tests.openbb_terminal.cryptocurrency.defi.test_llama_view" name="test_display_defi_protocols" time="0.031" /><testcase classname="tests.openbb_terminal.cryptocurrency.defi.test_llama_view" name="test_display_defi_tvl" time="0.050" /><testcase classname="tests.openbb_terminal.cryptocurrency.defi.test_llama_view" name="test_display_grouped_defi_protocols" time="0.070" /><testcase classname="tests.openbb_terminal.cryptocurrency.defi.test_llama_view" name="test_display_historical_tvl" time="0.055" /><testcase classname="tests.openbb_terminal.cryptocurrency.defi.test_smartstake_model" name="test_get_luna_supply_stats[30]" time="0.000"><skipped type="pytest.skip" message="unconditional skip">/home/runner/work/OpenBBTerminal/OpenBBTerminal/tests/openbb_terminal/cryptocurrency/defi/test_smartstake_model.py:21: unconditional skip</skipped></testcase><testcase classname="tests.openbb_terminal.cryptocurrency.defi.test_smartstake_model" name="test_get_luna_supply_stats[60]" time="0.000"><skipped type="pytest.skip" message="unconditional skip">/home/runner/work/OpenBBTerminal/OpenBBTerminal/tests/openbb_terminal/cryptocurrency/defi/test_smartstake_model.py:21: unconditional skip</skipped></testcase><testcase classname="tests.openbb_terminal.cryptocurrency.defi.test_smartstake_model" name="test_get_luna_supply_stats[90]" time="0.000"><skipped type="pytest.skip" message="unconditional skip">/home/runner/work/OpenBBTerminal/OpenBBTerminal/tests/openbb_terminal/cryptocurrency/defi/test_smartstake_model.py:21: unconditional skip</skipped></testcase><testcase classname="tests.openbb_terminal.cryptocurrency.defi.test_smartstake_view" name="test_display_luna_circ_supply_change" time="0.060" /><testcase classname="tests.openbb_terminal.cryptocurrency.defi.test_substack_model" name="test_get_newsletters" time="0.452" /><testcase classname="tests.openbb_terminal.cryptocurrency.defi.test_substack_view" name="test_display_newsletters" time="0.439" /><testcase classname="tests.openbb_terminal.cryptocurrency.defi.test_terraengineer_model" name="test_get_history_asset_from_terra_address[ust-terra1tmnqgvg567ypvsvk6rwsga3srp7e3lg6u0elp8]" time="0.025" /><testcase classname="tests.openbb_terminal.cryptocurrency.defi.test_terraengineer_view" name="test_display_anchor_yield_reserve" time="0.045" /><testcase classname="tests.openbb_terminal.cryptocurrency.defi.test_terraengineer_view" name="test_display_terra_asset_history" time="0.046" /><testcase classname="tests.openbb_terminal.cryptocurrency.defi.test_terramoney_fcd_model" name="test_get_staking_account_info" time="0.043" /><testcase classname="tests.openbb_terminal.cryptocurrency.defi.test_terramoney_fcd_model" name="test_get_validators" time="0.041" /><testcase classname="tests.openbb_terminal.cryptocurrency.defi.test_terramoney_fcd_model" name="test_get_proposals" time="0.055" /><testcase classname="tests.openbb_terminal.cryptocurrency.defi.test_terramoney_fcd_model" name="test_get_account_growth" time="0.026" /><testcase classname="tests.openbb_terminal.cryptocurrency.defi.test_terramoney_fcd_model" name="test_get_staking_ratio_history" time="0.026" /><testcase classname="tests.openbb_terminal.cryptocurrency.defi.test_terramoney_fcd_model" name="test_get_staking_returns_history" time="0.029" /><testcase classname="tests.openbb_terminal.cryptocurrency.defi.test_terramoney_fcd_view" name="test_call_func[display_account_staking_info-kwargs0]" time="0.051" /><testcase classname="tests.openbb_terminal.cryptocurrency.defi.test_terramoney_fcd_view" name="test_call_func[display_validators-kwargs1]" time="0.060" /><testcase classname="tests.openbb_terminal.cryptocurrency.defi.test_terramoney_fcd_view" name="test_call_func[display_gov_proposals-kwargs2]" time="0.076" /><testcase classname="tests.openbb_terminal.cryptocurrency.defi.test_terramoney_fcd_view" name="test_call_func[display_account_growth-kwargs3]" time="0.137" /><testcase classname="tests.openbb_terminal.cryptocurrency.defi.test_terramoney_fcd_view" name="test_call_func[display_staking_ratio_history-kwargs4]" time="0.060" /><testcase classname="tests.openbb_terminal.cryptocurrency.defi.test_terramoney_fcd_view" name="test_call_func[display_staking_returns_history-kwargs5]" time="0.054" /><testcase classname="tests.openbb_terminal.cryptocurrency.discovery.test_coinmarketcap_model" name="test_get_cmc_top_n" time="0.028" /><testcase classname="tests.openbb_terminal.cryptocurrency.discovery.test_coinmarketcap_view" name="test_display_cmc_top_coins" time="0.033" /><testcase classname="tests.openbb_terminal.cryptocurrency.discovery.test_coinmarketcap_view" name="test_display_cmc_top_coins_empty_df" time="0.011" /><testcase classname="tests.openbb_terminal.cryptocurrency.discovery.test_coinpaprika_model" name="test_get_search_results" time="0.020" /><testcase classname="tests.openbb_terminal.cryptocurrency.discovery.test_coinpaprika_view" name="test_display_search_results" time="0.024" /><testcase classname="tests.openbb_terminal.cryptocurrency.discovery.test_coinpaprika_view" name="test_display_search_results_empty_df" time="0.011" /><testcase classname="tests.openbb_terminal.cryptocurrency.discovery.test_dappradar_model" name="test_call_func[get_top_nfts-kwargs0]" time="0.023" /><testcase classname="tests.openbb_terminal.cryptocurrency.discovery.test_dappradar_model" name="test_call_func[get_top_dexes-kwargs1]" time="0.023" /><testcase classname="tests.openbb_terminal.cryptocurrency.discovery.test_dappradar_model" name="test_call_func[get_top_games-kwargs2]" time="0.024" /><testcase classname="tests.openbb_terminal.cryptocurrency.discovery.test_dappradar_model" name="test_call_func[get_top_dapps-kwargs3]" time="0.023" /><testcase classname="tests.openbb_terminal.cryptocurrency.discovery.test_dappradar_view" name="test_call_func[display_top_nfts-kwargs0]" time="0.029" /><testcase classname="tests.openbb_terminal.cryptocurrency.discovery.test_dappradar_view" name="test_call_func[display_top_games-kwargs1]" time="0.027" /><testcase classname="tests.openbb_terminal.cryptocurrency.discovery.test_dappradar_view" name="test_call_func[display_top_dexes-kwargs2]" time="0.025" /><testcase classname="tests.openbb_terminal.cryptocurrency.discovery.test_dappradar_view" name="test_call_func[display_top_dapps-kwargs3]" time="0.028" /><testcase classname="tests.openbb_terminal.cryptocurrency.discovery.test_dappradar_view" name="test_call_func_empty_df[display_top_nfts-kwargs0-get_top_nfts]" time="0.011" /><testcase classname="tests.openbb_terminal.cryptocurrency.discovery.test_dappradar_view" name="test_call_func_empty_df[display_top_games-kwargs1-get_top_games]" time="0.012" /><testcase classname="tests.openbb_terminal.cryptocurrency.discovery.test_dappradar_view" name="test_call_func_empty_df[display_top_dexes-kwargs2-get_top_dexes]" time="0.011" /><testcase classname="tests.openbb_terminal.cryptocurrency.discovery.test_dappradar_view" name="test_call_func_empty_df[display_top_dapps-kwargs3-get_top_dapps]" time="0.012" /><testcase classname="tests.openbb_terminal.cryptocurrency.discovery.test_discovery_api" name="test_models" time="0.003" /><testcase classname="tests.openbb_terminal.cryptocurrency.discovery.test_discovery_controller" name="test_menu_with_queue[queue0-expected0]" time="0.011" /><testcase classname="tests.openbb_terminal.cryptocurrency.discovery.test_discovery_controller" name="test_menu_with_queue[queue1-expected1]" time="0.012" /><testcase classname="tests.openbb_terminal.cryptocurrency.discovery.test_discovery_controller" name="test_menu_without_queue_completion" time="0.017" /><testcase classname="tests.openbb_terminal.cryptocurrency.discovery.test_discovery_controller" name="test_menu_without_queue_sys_exit[help]" time="0.014" /><testcase classname="tests.openbb_terminal.cryptocurrency.discovery.test_discovery_controller" name="test_menu_without_queue_sys_exit[homee help]" time="0.014" /><testcase classname="tests.openbb_terminal.cryptocurrency.discovery.test_discovery_controller" name="test_menu_without_queue_sys_exit[home help]" time="0.014" /><testcase classname="tests.openbb_terminal.cryptocurrency.discovery.test_discovery_controller" name="test_menu_without_queue_sys_exit[mock]" time="0.013" /><testcase classname="tests.openbb_terminal.cryptocurrency.discovery.test_discovery_controller" name="test_print_help" time="0.012" /><testcase classname="tests.openbb_terminal.cryptocurrency.discovery.test_discovery_controller" name="test_switch[-expected_queue0]" time="0.011" /><testcase classname="tests.openbb_terminal.cryptocurrency.discovery.test_discovery_controller" name="test_switch[/help-expected_queue1]" time="0.012" /><testcase classname="tests.openbb_terminal.cryptocurrency.discovery.test_discovery_controller" name="test_switch[help/help-expected_queue2]" time="0.011" /><testcase classname="tests.openbb_terminal.cryptocurrency.discovery.test_discovery_controller" name="test_switch[q-expected_queue3]" time="0.011" /><testcase classname="tests.openbb_terminal.cryptocurrency.discovery.test_discovery_controller" name="test_switch[h-expected_queue4]" time="0.012" /><testcase classname="tests.openbb_terminal.cryptocurrency.discovery.test_discovery_controller" name="test_switch[r-expected_queue5]" time="0.011" /><testcase classname="tests.openbb_terminal.cryptocurrency.discovery.test_discovery_controller" name="test_call_cls" time="0.012" /><testcase classname="tests.openbb_terminal.cryptocurrency.discovery.test_discovery_controller" name="test_call_func_expect_queue[call_exit-queue0-expected_queue0]" time="0.011" /><testcase classname="tests.openbb_terminal.cryptocurrency.discovery.test_discovery_controller" name="test_call_func_expect_queue[call_exit-queue1-expected_queue1]" time="0.012" /><testcase classname="tests.openbb_terminal.cryptocurrency.discovery.test_discovery_controller" name="test_call_func_expect_queue[call_home-queue2-expected_queue2]" time="0.011" /><testcase classname="tests.openbb_terminal.cryptocurrency.discovery.test_discovery_controller" name="test_call_func_expect_queue[call_help-queue3-expected_queue3]" time="0.010" /><testcase classname="tests.openbb_terminal.cryptocurrency.discovery.test_discovery_controller" name="test_call_func_expect_queue[call_quit-queue4-expected_queue4]" time="0.011" /><testcase classname="tests.openbb_terminal.cryptocurrency.discovery.test_discovery_controller" name="test_call_func_expect_queue[call_quit-queue5-expected_queue5]" time="0.012" /><testcase classname="tests.openbb_terminal.cryptocurrency.discovery.test_discovery_controller" name="test_call_func_expect_queue[call_reset-queue6-expected_queue6]" time="0.012" /><testcase classname="tests.openbb_terminal.cryptocurrency.discovery.test_discovery_controller" name="test_call_func_expect_queue[call_reset-queue7-expected_queue7]" time="0.011" /><testcase classname="tests.openbb_terminal.cryptocurrency.discovery.test_discovery_controller" name="test_call_func[call_cgtop-other_args0-pycoingecko_view.display_coins-called_args0-called_kwargs0]" time="0.012" /><testcase classname="tests.openbb_terminal.cryptocurrency.discovery.test_discovery_controller" name="test_call_func[call_drdapps-other_args1-dappradar_view.display_top_dapps-called_args1-called_kwargs1]" time="0.013" /><testcase classname="tests.openbb_terminal.cryptocurrency.discovery.test_discovery_controller" name="test_call_func[call_drgames-other_args2-dappradar_view.display_top_games-called_args2-called_kwargs2]" time="0.012" /><testcase classname="tests.openbb_terminal.cryptocurrency.discovery.test_discovery_controller" name="test_call_func[call_drdex-other_args3-dappradar_view.display_top_dexes-called_args3-called_kwargs3]" time="0.014" /><testcase classname="tests.openbb_terminal.cryptocurrency.discovery.test_discovery_controller" name="test_call_func[call_drnft-other_args4-dappradar_view.display_top_nfts-called_args4-called_kwargs4]" time="0.014" /><testcase classname="tests.openbb_terminal.cryptocurrency.discovery.test_discovery_controller" name="test_call_func[call_cggainers-other_args5-pycoingecko_view.display_gainers-called_args5-called_kwargs5]" time="0.014" /><testcase classname="tests.openbb_terminal.cryptocurrency.discovery.test_discovery_controller" name="test_call_func[call_cglosers-other_args6-pycoingecko_view.display_losers-called_args6-called_kwargs6]" time="0.014" /><testcase classname="tests.openbb_terminal.cryptocurrency.discovery.test_discovery_controller" name="test_call_func[call_cgtrending-other_args7-pycoingecko_view.display_trending-called_args7-called_kwargs7]" time="0.013" /><testcase classname="tests.openbb_terminal.cryptocurrency.discovery.test_discovery_controller" name="test_call_func[call_cmctop-other_args8-coinmarketcap_view.display_cmc_top_coins-called_args8-called_kwargs8]" time="0.013" /><testcase classname="tests.openbb_terminal.cryptocurrency.discovery.test_discovery_controller" name="test_call_func[call_cpsearch-other_args9-coinpaprika_view.display_search_results-called_args9-called_kwargs9]" time="0.016" /><testcase classname="tests.openbb_terminal.cryptocurrency.discovery.test_pycoingecko_model" name="test_get_categories_keys" time="0.010" /><testcase classname="tests.openbb_terminal.cryptocurrency.discovery.test_pycoingecko_model" name="test_get_coins[kwargs0]" time="0.041" /><testcase classname="tests.openbb_terminal.cryptocurrency.discovery.test_pycoingecko_model" name="test_get_coins[kwargs1]" time="0.049" /><testcase classname="tests.openbb_terminal.cryptocurrency.discovery.test_pycoingecko_model" name="test_call_func[get_categories_keys-kwargs0]" time="0.011" /><testcase classname="tests.openbb_terminal.cryptocurrency.discovery.test_pycoingecko_model" name="test_call_func[get_coins-kwargs1]" time="0.026" /><testcase classname="tests.openbb_terminal.cryptocurrency.discovery.test_pycoingecko_model" name="test_call_func[get_coins-kwargs2]" time="0.033" /><testcase classname="tests.openbb_terminal.cryptocurrency.discovery.test_pycoingecko_model" name="test_call_func[get_gainers_or_losers-kwargs3]" time="0.029" /><testcase classname="tests.openbb_terminal.cryptocurrency.discovery.test_pycoingecko_model" name="test_call_func[get_trending_coins-kwargs4]" time="0.041" /><testcase classname="tests.openbb_terminal.cryptocurrency.discovery.test_pycoingecko_model" name="test_call_func[get_coin_list-kwargs5]" time="0.080" /><testcase classname="tests.openbb_terminal.cryptocurrency.discovery.test_pycoingecko_model" name="test_call_func[get_coins_for_given_exchange-kwargs6]" time="0.021" /><testcase classname="tests.openbb_terminal.cryptocurrency.discovery.test_pycoingecko_model" name="test_call_func[get_mapping_matrix_for_exchange-kwargs7]" time="0.182" /><testcase classname="tests.openbb_terminal.cryptocurrency.discovery.test_pycoingecko_view" name="test_call_func[display_coins-kwargs0]" time="0.043" /><testcase classname="tests.openbb_terminal.cryptocurrency.discovery.test_pycoingecko_view" name="test_call_func[display_gainers-kwargs1]" time="0.045" /><testcase classname="tests.openbb_terminal.cryptocurrency.discovery.test_pycoingecko_view" name="test_call_func[display_losers-kwargs2]" time="0.041" /><testcase classname="tests.openbb_terminal.cryptocurrency.discovery.test_pycoingecko_view" name="test_call_func[display_trending-kwargs3]" time="0.049" /><testcase classname="tests.openbb_terminal.cryptocurrency.discovery.test_pycoingecko_view" name="test_call_func_empty_df[display_coins-kwargs0-get_coins]" time="0.014" /><testcase classname="tests.openbb_terminal.cryptocurrency.discovery.test_pycoingecko_view" name="test_call_func_empty_df[display_gainers-kwargs1-get_gainers_or_losers]" time="0.012" /><testcase classname="tests.openbb_terminal.cryptocurrency.discovery.test_pycoingecko_view" name="test_call_func_empty_df[display_losers-kwargs2-get_gainers_or_losers]" time="0.013" /><testcase classname="tests.openbb_terminal.cryptocurrency.discovery.test_pycoingecko_view" name="test_call_func_empty_df[display_trending-kwargs3-get_trending_coins]" time="0.013" /><testcase classname="tests.openbb_terminal.cryptocurrency.due_diligence.test_coinbase_model" name="test_call_func[show_available_pairs_for_given_symbol-kwargs0]" time="0.030" /><testcase classname="tests.openbb_terminal.cryptocurrency.due_diligence.test_coinbase_model" name="test_call_func[get_trading_pair_info-kwargs1]" time="0.044" /><testcase classname="tests.openbb_terminal.cryptocurrency.due_diligence.test_coinbase_model" name="test_call_func[get_trades-kwargs2]" time="0.044" /><testcase classname="tests.openbb_terminal.cryptocurrency.due_diligence.test_coinbase_model" name="test_call_func[get_candles-kwargs3]" time="0.011" /><testcase classname="tests.openbb_terminal.cryptocurrency.due_diligence.test_coinbase_model" name="test_call_func[get_product_stats-kwargs4]" time="0.036" /><testcase classname="tests.openbb_terminal.cryptocurrency.due_diligence.test_coinbase_model" name="test_get_order_book" time="0.059" /><testcase classname="tests.openbb_terminal.cryptocurrency.due_diligence.test_coinbase_view" name="test_call_func[display_order_book-kwargs0]" time="0.047" /><testcase classname="tests.openbb_terminal.cryptocurrency.due_diligence.test_coinbase_view" name="test_call_func[display_trades-kwargs1]" time="0.089" /><testcase classname="tests.openbb_terminal.cryptocurrency.due_diligence.test_coinbase_view" name="test_call_func[display_candles-kwargs2]" time="0.015" /><testcase classname="tests.openbb_terminal.cryptocurrency.due_diligence.test_coinbase_view" name="test_call_func[display_stats-kwargs3]" time="0.039" /><testcase classname="tests.openbb_terminal.cryptocurrency.due_diligence.test_coinpaprika_model" name="test_call_func[get_coin-kwargs0]" time="0.021" /><testcase classname="tests.openbb_terminal.cryptocurrency.due_diligence.test_coinpaprika_model" name="test_call_func[get_coin_twitter_timeline-kwargs1]" time="0.044" /><testcase classname="tests.openbb_terminal.cryptocurrency.due_diligence.test_coinpaprika_model" name="test_call_func[get_coin_events_by_id-kwargs2]" time="0.035" /><testcase classname="tests.openbb_terminal.cryptocurrency.due_diligence.test_coinpaprika_model" name="test_call_func[get_coin_markets_by_id-kwargs3]" time="0.119" /><testcase classname="tests.openbb_terminal.cryptocurrency.due_diligence.test_coinpaprika_model" name="test_call_func[get_ohlc_historical-kwargs4]" time="0.033" /><testcase classname="tests.openbb_terminal.cryptocurrency.due_diligence.test_coinpaprika_model" name="test_call_func[get_tickers_info_for_coin-kwargs5]" time="0.025" /><testcase classname="tests.openbb_terminal.cryptocurrency.due_diligence.test_coinpaprika_model" name="test_call_func[validate_coin-kwargs6]" time="0.010" /><testcase classname="tests.openbb_terminal.cryptocurrency.due_diligence.test_coinpaprika_model" name="test_call_func[basic_coin_info-kwargs7]" time="0.026" /><testcase classname="tests.openbb_terminal.cryptocurrency.due_diligence.test_coinpaprika_view" name="test_call_func[display_twitter-kwargs0]" time="0.045" /><testcase classname="tests.openbb_terminal.cryptocurrency.due_diligence.test_coinpaprika_view" name="test_call_func[display_events-kwargs1]" time="0.035" /><testcase classname="tests.openbb_terminal.cryptocurrency.due_diligence.test_coinpaprika_view" name="test_call_func[display_exchanges-kwargs2]" time="0.028" /><testcase classname="tests.openbb_terminal.cryptocurrency.due_diligence.test_coinpaprika_view" name="test_call_func[display_markets-kwargs3]" time="0.543" /><testcase classname="tests.openbb_terminal.cryptocurrency.due_diligence.test_coinpaprika_view" name="test_call_func[display_price_supply-kwargs4]" time="0.030" /><testc
[...]
s.test_sia_controller" name="test_call_func[call_cps-other_args7-financedatabase_view.display_companies_per_sector_in_country-called_args7-called_kwargs7]" time="0.015" /><testcase classname="tests.openbb_terminal.stocks.sector_industry_analysis.test_sia_controller" name="test_call_func[call_cpic-other_args8-financedatabase_view.display_companies_per_industry_in_country-called_args8-called_kwargs8]" time="0.015" /><testcase classname="tests.openbb_terminal.stocks.sector_industry_analysis.test_sia_controller" name="test_call_func[call_cpis-other_args9-financedatabase_view.display_companies_per_industry_in_sector-called_args9-called_kwargs9]" time="0.015" /><testcase classname="tests.openbb_terminal.stocks.sector_industry_analysis.test_sia_controller" name="test_call_func[call_cpcs-other_args10-financedatabase_view.display_companies_per_country_in_sector-called_args10-called_kwargs10]" time="0.015" /><testcase classname="tests.openbb_terminal.stocks.sector_industry_analysis.test_sia_controller" name="test_call_func[call_cpci-other_args11-financedatabase_view.display_companies_per_country_in_industry-called_args11-called_kwargs11]" time="0.015" /><testcase classname="tests.openbb_terminal.stocks.sector_industry_analysis.test_sia_controller" name="test_call_func[call_ca-other_args12--called_args12-called_kwargs12]" time="0.015" /><testcase classname="tests.openbb_terminal.stocks.sector_industry_analysis.test_sia_controller" name="test_call_func_no_parser[call_industry]" time="0.013" /><testcase classname="tests.openbb_terminal.stocks.sector_industry_analysis.test_sia_controller" name="test_call_func_no_parser[call_sector]" time="0.013" /><testcase classname="tests.openbb_terminal.stocks.sector_industry_analysis.test_sia_controller" name="test_call_func_no_parser[call_country]" time="0.013" /><testcase classname="tests.openbb_terminal.stocks.sector_industry_analysis.test_sia_controller" name="test_call_func_no_parser[call_mktcap]" time="0.014" /><testcase classname="tests.openbb_terminal.stocks.sector_industry_analysis.test_sia_controller" name="test_call_func_no_parser[call_exchange]" time="0.014" /><testcase classname="tests.openbb_terminal.stocks.sector_industry_analysis.test_sia_controller" name="test_call_func_no_parser[call_cps]" time="0.014" /><testcase classname="tests.openbb_terminal.stocks.sector_industry_analysis.test_sia_controller" name="test_call_func_no_parser[call_cpic]" time="0.014" /><testcase classname="tests.openbb_terminal.stocks.sector_industry_analysis.test_sia_controller" name="test_call_func_no_parser[call_cpis]" time="0.013" /><testcase classname="tests.openbb_terminal.stocks.sector_industry_analysis.test_sia_controller" name="test_call_func_no_parser[call_cpcs]" time="0.013" /><testcase classname="tests.openbb_terminal.stocks.sector_industry_analysis.test_sia_controller" name="test_call_func_no_parser[call_cpci]" time="0.014" /><testcase classname="tests.openbb_terminal.stocks.sector_industry_analysis.test_sia_controller" name="test_call_func_no_parser[call_sama]" time="0.014" /><testcase classname="tests.openbb_terminal.stocks.sector_industry_analysis.test_sia_controller" name="test_call_func_no_parser[call_metric]" time="0.014" /><testcase classname="tests.openbb_terminal.stocks.sector_industry_analysis.test_sia_controller" name="test_controller_init_summary_profile[countries0-sectors0-industries0]" time="0.019" /><testcase classname="tests.openbb_terminal.stocks.sector_industry_analysis.test_sia_controller" name="test_controller_init_summary_profile[countries1-sectors1-industries1]" time="0.018" /><testcase classname="tests.openbb_terminal.stocks.sector_industry_analysis.test_sia_controller" name="test_controller_init_market_cap[1]" time="0.013" /><testcase classname="tests.openbb_terminal.stocks.sector_industry_analysis.test_sia_controller" name="test_controller_init_market_cap[2000000001]" time="0.013" /><testcase classname="tests.openbb_terminal.stocks.sector_industry_analysis.test_sia_controller" name="test_controller_init_market_cap[10000000001]" time="0.014" /><testcase classname="tests.openbb_terminal.stocks.sector_industry_analysis.test_sia_controller" name="test_update_runtime_choices" time="0.014" /><testcase classname="tests.openbb_terminal.stocks.sector_industry_analysis.test_sia_controller" name="test_call_industry[MOCK_INDUSTRY_1]" time="0.015" /><testcase classname="tests.openbb_terminal.stocks.sector_industry_analysis.test_sia_controller" name="test_call_industry[MOCK_INDUS]" time="0.015" /><testcase classname="tests.openbb_terminal.stocks.sector_industry_analysis.test_sia_controller" name="test_custom_reset[None-expected0]" time="0.012" /><testcase classname="tests.openbb_terminal.stocks.sector_industry_analysis.test_sia_controller" name="test_custom_reset[MOCK_TICKER-expected1]" time="0.012" /><testcase classname="tests.openbb_terminal.stocks.sector_industry_analysis.test_sia_controller" name="test_call_load[countries0-sectors0-industries0]" time="0.019" /><testcase classname="tests.openbb_terminal.stocks.sector_industry_analysis.test_sia_controller" name="test_call_load[countries1-sectors1-industries1]" time="0.019" /><testcase classname="tests.openbb_terminal.stocks.sector_industry_analysis.test_sia_controller" name="test_call_load_market_cap[1]" time="0.016" /><testcase classname="tests.openbb_terminal.stocks.sector_industry_analysis.test_sia_controller" name="test_call_load_market_cap[2000000001]" time="0.015" /><testcase classname="tests.openbb_terminal.stocks.sector_industry_analysis.test_sia_controller" name="test_call_load_market_cap[10000000001]" time="0.017" /><testcase classname="tests.openbb_terminal.stocks.sector_industry_analysis.test_sia_controller" name="test_call_ca" time="0.014" /><testcase classname="tests.openbb_terminal.stocks.sector_industry_analysis.test_sia_controller" name="test_call_metric" time="0.013" /><testcase classname="tests.openbb_terminal.stocks.sector_industry_analysis.test_sia_controller" name="test_call_country[MOCK_COUNTRY_1]" time="0.014" /><testcase classname="tests.openbb_terminal.stocks.sector_industry_analysis.test_sia_controller" name="test_call_country[MOCK_COUNT]" time="0.014" /><testcase classname="tests.openbb_terminal.stocks.sector_industry_analysis.test_sia_controller" name="test_call_sector[MOCK_SECTOR_1]" time="0.014" /><testcase classname="tests.openbb_terminal.stocks.sector_industry_analysis.test_sia_controller" name="test_call_sector[MOCK_SECT]" time="0.021" /><testcase classname="tests.openbb_terminal.stocks.sector_industry_analysis.test_stockanalysis_model" name="test_get_stocks_data[stocks0-re-sa_keys0-annual-IS]" time="0.185" /><testcase classname="tests.openbb_terminal.stocks.sector_industry_analysis.test_stockanalysis_model" name="test_get_stocks_data[stocks1-rec-sa_keys1-quarterly-BS]" time="0.439" /><testcase classname="tests.openbb_terminal.stocks.sector_industry_analysis.test_stockanalysis_model" name="test_get_stocks_data[stocks2-ncf-sa_keys2-annual-CF]" time="0.425" /><testcase classname="tests.openbb_terminal.stocks.sector_industry_analysis.test_stockanalysis_model" name="test_get_stocks_data[stocks3-ni-sa_keys3-quarterly-IS]" time="1.105" /><testcase classname="tests.openbb_terminal.stocks.sector_industry_analysis.test_stockanalysis_model" name="test_get_stocks_data[stocks4-tle-sa_keys4-trailing-BS]" time="1.246" /><testcase classname="tests.openbb_terminal.stocks.sector_industry_analysis.test_stockanalysis_model" name="test_match_length_dataframes" time="0.014" /><testcase classname="tests.openbb_terminal.stocks.sector_industry_analysis.test_stockanalysis_model" name="test_change_type_dataframes" time="0.014" /><testcase classname="tests.openbb_terminal.stocks.sector_industry_analysis.test_stockanalysis_view" name="test_display_plots_financials[re-sa_keys0-United States-None-Credit Services-annual-12-Large-IS]" time="0.000"><skipped type="pytest.skip" message="unconditional skip">/home/runner/work/OpenBBTerminal/OpenBBTerminal/tests/openbb_terminal/stocks/sector_industry_analysis/test_stockanalysis_view.py:13: unconditional skip</skipped></testcase><testcase classname="tests.openbb_terminal.stocks.sector_industry_analysis.test_stockanalysis_view" name="test_display_plots_financials[rec-sa_keys1-Germany-Technology-None-trailing-13-Large-BS]" time="0.000"><skipped type="pytest.skip" message="unconditional skip">/home/runner/work/OpenBBTerminal/OpenBBTerminal/tests/openbb_terminal/stocks/sector_industry_analysis/test_stockanalysis_view.py:13: unconditional skip</skipped></testcase><testcase classname="tests.openbb_terminal.stocks.sector_industry_analysis.test_stockanalysis_view" name="test_display_plots_financials[ncf-sa_keys2-Netherlands-Technology-None-annual-3-Large-CF]" time="0.000"><skipped type="pytest.skip" message="unconditional skip">/home/runner/work/OpenBBTerminal/OpenBBTerminal/tests/openbb_terminal/stocks/sector_industry_analysis/test_stockanalysis_view.py:13: unconditional skip</skipped></testcase><testcase classname="tests.openbb_terminal.stocks.technical_analysis.test_finbrain_model" name="test_get_technical_summary_report" time="0.021" /><testcase classname="tests.openbb_terminal.stocks.technical_analysis.test_finbrain_model" name="test_get_technical_summary_report_invalid_status" time="0.010" /><testcase classname="tests.openbb_terminal.stocks.technical_analysis.test_finbrain_model" name="test_get_technical_summary_report_invalid_json" time="0.010" /><testcase classname="tests.openbb_terminal.stocks.technical_analysis.test_finbrain_view" name="test_technical_summary_report" time="0.020" /><testcase classname="tests.openbb_terminal.stocks.technical_analysis.test_finnhub_model" name="test_get_pattern_recognition" time="0.015" /><testcase classname="tests.openbb_terminal.stocks.technical_analysis.test_finnhub_model" name="test_get_pattern_recognition_invalid_status" time="0.010" /><testcase classname="tests.openbb_terminal.stocks.technical_analysis.test_finnhub_model" name="test_get_pattern_recognition_invalid_json" time="0.011" /><testcase classname="tests.openbb_terminal.stocks.technical_analysis.test_finnhub_view" name="test_plot_pattern_recognition" time="0.023" /><testcase classname="tests.openbb_terminal.stocks.technical_analysis.test_finviz_model" name="test_get_finviz_image" time="0.050" /><testcase classname="tests.openbb_terminal.stocks.technical_analysis.test_finviz_view" name="test_view" time="0.091" /><testcase classname="tests.openbb_terminal.stocks.technical_analysis.test_ta_api" name="test_models" time="0.003" /><testcase classname="tests.openbb_terminal.stocks.technical_analysis.test_ta_controller" name="test_menu_with_queue[queue0-expected0]" time="0.016" /><testcase classname="tests.openbb_terminal.stocks.technical_analysis.test_ta_controller" name="test_menu_with_queue[queue1-expected1]" time="0.013" /><testcase classname="tests.openbb_terminal.stocks.technical_analysis.test_ta_controller" name="test_menu_without_queue_completion" time="0.016" /><testcase classname="tests.openbb_terminal.stocks.technical_analysis.test_ta_controller" name="test_menu_without_queue_sys_exit[help]" time="0.015" /><testcase classname="tests.openbb_terminal.stocks.technical_analysis.test_ta_controller" name="test_menu_without_queue_sys_exit[homee help]" time="0.016" /><testcase classname="tests.openbb_terminal.stocks.technical_analysis.test_ta_controller" name="test_menu_without_queue_sys_exit[home help]" time="0.015" /><testcase classname="tests.openbb_terminal.stocks.technical_analysis.test_ta_controller" name="test_menu_without_queue_sys_exit[mock]" time="0.017" /><testcase classname="tests.openbb_terminal.stocks.technical_analysis.test_ta_controller" name="test_print_help[start0]" time="0.013" /><testcase classname="tests.openbb_terminal.stocks.technical_analysis.test_ta_controller" name="test_print_help[None]" time="0.012" /><testcase classname="tests.openbb_terminal.stocks.technical_analysis.test_ta_controller" name="test_switch[-expected_queue0]" time="0.013" /><testcase classname="tests.openbb_terminal.stocks.technical_analysis.test_ta_controller" name="test_switch[/help-expected_queue1]" time="0.012" /><testcase classname="tests.openbb_terminal.stocks.technical_analysis.test_ta_controller" name="test_switch[help/help-expected_queue2]" time="0.013" /><testcase classname="tests.openbb_terminal.stocks.technical_analysis.test_ta_controller" name="test_switch[q-expected_queue3]" time="0.013" /><testcase classname="tests.openbb_terminal.stocks.technical_analysis.test_ta_controller" name="test_switch[h-expected_queue4]" time="0.014" /><testcase classname="tests.openbb_terminal.stocks.technical_analysis.test_ta_controller" name="test_switch[r-expected_queue5]" time="0.014" /><testcase classname="tests.openbb_terminal.stocks.technical_analysis.test_ta_controller" name="test_call_cls" time="0.014" /><testcase classname="tests.openbb_terminal.stocks.technical_analysis.test_ta_controller" name="test_call_func_expect_queue[call_exit-queue0-expected_queue0]" time="0.013" /><testcase classname="tests.openbb_terminal.stocks.technical_analysis.test_ta_controller" name="test_call_func_expect_queue[call_exit-queue1-expected_queue1]" time="0.013" /><testcase classname="tests.openbb_terminal.stocks.technical_analysis.test_ta_controller" name="test_call_func_expect_queue[call_home-queue2-expected_queue2]" time="0.013" /><testcase classname="tests.openbb_terminal.stocks.technical_analysis.test_ta_controller" name="test_call_func_expect_queue[call_help-queue3-expected_queue3]" time="0.013" /><testcase classname="tests.openbb_terminal.stocks.technical_analysis.test_ta_controller" name="test_call_func_expect_queue[call_quit-queue4-expected_queue4]" time="0.012" /><testcase classname="tests.openbb_terminal.stocks.technical_analysis.test_ta_controller" name="test_call_func_expect_queue[call_quit-queue5-expected_queue5]" time="0.013" /><testcase classname="tests.openbb_terminal.stocks.technical_analysis.test_ta_controller" name="test_call_func_expect_queue[call_reset-queue6-expected_queue6]" time="0.013" /><testcase classname="tests.openbb_terminal.stocks.technical_analysis.test_ta_controller" name="test_call_func_expect_queue[call_reset-queue7-expected_queue7]" time="0.012" /><testcase classname="tests.openbb_terminal.stocks.technical_analysis.test_ta_controller" name="test_call_func[call_load-other_args0-stocks_helper.load-called_args0-called_kwargs0]" time="0.015" /><testcase classname="tests.openbb_terminal.stocks.technical_analysis.test_ta_controller" name="test_call_func[call_view-other_args1-finviz_view.view-called_args1-called_kwargs1]" time="0.016" /><testcase classname="tests.openbb_terminal.stocks.technical_analysis.test_ta_controller" name="test_call_func[call_summary-other_args2-finbrain_view.technical_summary_report-called_args2-called_kwargs2]" time="0.014" /><testcase classname="tests.openbb_terminal.stocks.technical_analysis.test_ta_controller" name="test_call_func[call_recom-other_args3-tradingview_view.print_recommendation-called_args3-called_kwargs3]" time="0.015" /><testcase classname="tests.openbb_terminal.stocks.technical_analysis.test_ta_controller" name="test_call_func[call_ema-other_args4-overlap_view.view_ma-called_args4-called_kwargs4]" time="0.014" /><testcase classname="tests.openbb_terminal.stocks.technical_analysis.test_ta_controller" name="test_call_func[call_sma-other_args5-overlap_view.view_ma-called_args5-called_kwargs5]" time="0.014" /><testcase classname="tests.openbb_terminal.stocks.technical_analysis.test_ta_controller" name="test_call_func[call_wma-other_args6-overlap_view.view_ma-called_args6-called_kwargs6]" time="0.014" /><testcase classname="tests.openbb_terminal.stocks.technical_analysis.test_ta_controller" name="test_call_func[call_hma-other_args7-overlap_view.view_ma-called_args7-called_kwargs7]" time="0.013" /><testcase classname="tests.openbb_terminal.stocks.technical_analysis.test_ta_controller" name="test_call_func[call_vwap-other_args8-overlap_view.view_vwap-called_args8-called_kwargs8]" time="0.014" /><testcase classname="tests.openbb_terminal.stocks.technical_analysis.test_ta_controller" name="test_call_func[call_zlma-other_args9-overlap_view.view_ma-called_args9-called_kwargs9]" time="0.014" /><testcase classname="tests.openbb_terminal.stocks.technical_analysis.test_ta_controller" name="test_call_func[call_cci-other_args10-momentum_view.display_cci-called_args10-called_kwargs10]" time="0.014" /><testcase classname="tests.openbb_terminal.stocks.technical_analysis.test_ta_controller" name="test_call_func[call_macd-other_args11-momentum_view.display_macd-called_args11-called_kwargs11]" time="0.013" /><testcase classname="tests.openbb_terminal.stocks.technical_analysis.test_ta_controller" name="test_call_func[call_rsi-other_args12-momentum_view.display_rsi-called_args12-called_kwargs12]" time="0.014" /><testcase classname="tests.openbb_terminal.stocks.technical_analysis.test_ta_controller" name="test_call_func[call_stoch-other_args13-momentum_view.display_stoch-called_args13-called_kwargs13]" time="0.015" /><testcase classname="tests.openbb_terminal.stocks.technical_analysis.test_ta_controller" name="test_call_func[call_fisher-other_args14-momentum_view.display_fisher-called_args14-called_kwargs14]" time="0.013" /><testcase classname="tests.openbb_terminal.stocks.technical_analysis.test_ta_controller" name="test_call_func[call_cg-other_args15-momentum_view.display_cg-called_args15-called_kwargs15]" time="0.014" /><testcase classname="tests.openbb_terminal.stocks.technical_analysis.test_ta_controller" name="test_call_func[call_adx-other_args16-trend_indicators_view.display_adx-called_args16-called_kwargs16]" time="0.014" /><testcase classname="tests.openbb_terminal.stocks.technical_analysis.test_ta_controller" name="test_call_func[call_aroon-other_args17-trend_indicators_view.display_aroon-called_args17-called_kwargs17]" time="0.014" /><testcase classname="tests.openbb_terminal.stocks.technical_analysis.test_ta_controller" name="test_call_func[call_bbands-other_args18-volatility_view.display_bbands-called_args18-called_kwargs18]" time="0.014" /><testcase classname="tests.openbb_terminal.stocks.technical_analysis.test_ta_controller" name="test_call_func[call_donchian-other_args19-volatility_view.display_donchian-called_args19-called_kwargs19]" time="0.014" /><testcase classname="tests.openbb_terminal.stocks.technical_analysis.test_ta_controller" name="test_call_func[call_kc-other_args20-volatility_view.view_kc-called_args20-called_kwargs20]" time="0.014" /><testcase classname="tests.openbb_terminal.stocks.technical_analysis.test_ta_controller" name="test_call_func[call_ad-other_args21-volume_view.display_ad-called_args21-called_kwargs21]" time="0.014" /><testcase classname="tests.openbb_terminal.stocks.technical_analysis.test_ta_controller" name="test_call_func[call_adosc-other_args22-volume_view.display_adosc-called_args22-called_kwargs22]" time="0.015" /><testcase classname="tests.openbb_terminal.stocks.technical_analysis.test_ta_controller" name="test_call_func[call_obv-other_args23-volume_view.display_obv-called_args23-called_kwargs23]" time="0.014" /><testcase classname="tests.openbb_terminal.stocks.technical_analysis.test_ta_controller" name="test_call_func[call_fib-other_args24-custom_indicators_view.fibonacci_retracement-called_args24-called_kwargs24]" time="0.014" /><testcase classname="tests.openbb_terminal.stocks.technical_analysis.test_ta_controller" name="test_call_load" time="0.860" /><testcase classname="tests.openbb_terminal.stocks.technical_analysis.test_tradingview_model" name="test_get_tradingview_recommendation[1d]" time="0.041" /><testcase classname="tests.openbb_terminal.stocks.technical_analysis.test_tradingview_model" name="test_get_tradingview_recommendation[]" time="0.156" /><testcase classname="tests.openbb_terminal.stocks.technical_analysis.test_tradingview_view" name="test_print_recommendation" time="1.492" /></testsuite></testsuites>