============================= test session starts ==============================
platform linux -- Python 3.9.12, pytest-6.2.5, py-1.11.0, pluggy-1.0.0
rootdir: /home/runner/work/OpenBBTerminal/OpenBBTerminal, configfile: pytest.ini
plugins: cov-3.0.0, recording-0.12.0, anyio-3.5.0, mock-3.7.0
collected 3552 items / 339 deselected / 3 skipped / 3210 selected

tests/test_terminal.py ssss                                              [  0%]
tests/openbb_terminal/test_debug_mode.py ..                              [  0%]
tests/openbb_terminal/test_keys_controller.py .......................... [  0%]
........................................................................ [  3%]
.........................                                                [  4%]
tests/openbb_terminal/test_settings_controller.py ...................... [  4%]
...........                                                              [  5%]
tests/openbb_terminal/test_terminal_helper.py .....                      [  5%]
tests/openbb_terminal/test_thought_of_the_day.py ..                      [  5%]
tests/openbb_terminal/alternative/test_alt_controller.py ............... [  5%]
.........                                                                [  6%]
tests/openbb_terminal/alternative/covid/test_covid_controller.py ....... [  6%]
.....................                                                    [  6%]
tests/openbb_terminal/alternative/oss/test_github_model.py ...           [  6%]
tests/openbb_terminal/alternative/oss/test_github_view.py ...            [  7%]
tests/openbb_terminal/alternative/oss/test_oss_controller.py ........... [  7%]
.............                                                            [  7%]
tests/openbb_terminal/alternative/oss/test_runa_model.py .               [  7%]
tests/openbb_terminal/alternative/oss/test_runa_view.py .                [  7%]
tests/openbb_terminal/api/test_api.py .                                  [  7%]
tests/openbb_terminal/common/behavioural_analysis/test_finbrain_model.py . [  7%]
                                                                         [  7%]
tests/openbb_terminal/common/behavioural_analysis/test_finbrain_view.py . [  7%]
..                                                                       [  8%]
tests/openbb_terminal/common/behavioural_analysis/test_sentimentinvestor_model.py . [  8%]
....                                                                     [  8%]
tests/openbb_terminal/common/behavioural_analysis/test_sentimentinvestor_view.py . [  8%]
....                                                                     [  8%]
tests/openbb_terminal/common/prediction_techniques/test_neural_networks_view.py . [  8%]
                                                                         [  8%]
tests/openbb_terminal/common/quantitative_analysis/test_qa_view.py ..... [  8%]
.......................                                                  [  9%]
tests/openbb_terminal/cryptocurrency/test_crypto_api.py .                [  9%]
tests/openbb_terminal/cryptocurrency/test_crypto_controller.py ......... [  9%]
............................                                             [ 10%]
tests/openbb_terminal/cryptocurrency/test_cryptocurrency_helpers.py .... [ 10%]
                                                                         [ 10%]
tests/openbb_terminal/cryptocurrency/defi/test_coindix_model.py ..       [ 10%]
tests/openbb_terminal/cryptocurrency/defi/test_coindix_view.py ..        [ 10%]
tests/openbb_terminal/cryptocurrency/defi/test_cryptosaurio_model.py .   [ 10%]
tests/openbb_terminal/cryptocurrency/defi/test_cryptosaurio_view.py .    [ 10%]
tests/openbb_terminal/cryptocurrency/defi/test_defi_api.py .             [ 10%]
tests/openbb_terminal/cryptocurrency/defi/test_defi_controller.py ...... [ 10%]
.........................................                                [ 12%]
tests/openbb_terminal/cryptocurrency/defi/test_defipulse_model.py .      [ 12%]
tests/openbb_terminal/cryptocurrency/defi/test_defipulse_view.py .       [ 12%]
tests/openbb_terminal/cryptocurrency/defi/test_defirate_model.py ...     [ 12%]
tests/openbb_terminal/cryptocurrency/defi/test_defirate_view.py ...      [ 12%]
tests/openbb_terminal/cryptocurrency/defi/test_graph_model.py .......... [ 12%]
.                                                                        [ 12%]
tests/openbb_terminal/cryptocurrency/defi/test_graph_view.py .....       [ 12%]
tests/openbb_terminal/cryptocurrency/defi/test_llama_model.py ..s        [ 13%]
tests/openbb_terminal/cryptocurrency/defi/test_llama_view.py ....        [ 13%]
tests/openbb_terminal/cryptocurrency/defi/test_smartstake_model.py sss   [ 13%]
tests/openbb_terminal/cryptocurrency/defi/test_smartstake_view.py .      [ 13%]
tests/openbb_terminal/cryptocurrency/defi/test_substack_model.py .       [ 13%]
tests/openbb_terminal/cryptocurrency/defi/test_substack_view.py .        [ 13%]
tests/openbb_terminal/cryptocurrency/defi/test_terraengineer_model.py .  [ 13%]
tests/openbb_terminal/cryptocurrency/defi/test_terraengineer_view.py ..  [ 13%]
tests/openbb_terminal/cryptocurrency/defi/test_terramoney_fcd_model.py . [ 13%]
.....                                                                    [ 13%]
tests/openbb_terminal/cryptocurrency/defi/test_terramoney_fcd_view.py .. [ 13%]
....                                                                     [ 13%]
tests/openbb_terminal/cryptocurrency/discovery/test_coinmarketcap_model.py . [ 13%]
                                                                         [ 13%]
tests/openbb_terminal/cryptocurrency/discovery/test_coinmarketcap_view.py . [ 13%]
.                                                                        [ 13%]
tests/openbb_terminal/cryptocurrency/discovery/test_coinpaprika_model.py . [ 13%]
                                                                         [ 13%]
tests/openbb_terminal/cryptocurrency/discovery/test_coinpaprika_view.py . [ 14%]
.                                                                        [ 14%]
tests/openbb_terminal/cryptocurrency/discovery/test_dappradar_model.py . [ 14%]
...                                                                      [ 14%]
tests/openbb_terminal/cryptocurrency/discovery/test_dappradar_view.py .. [ 14%]
......                                                                   [ 14%]
tests/openbb_terminal/cryptocurrency/discovery/test_discovery_api.py .   [ 14%]
tests/openbb_terminal/cryptocurrency/discovery/test_discovery_controller.py . [ 14%]
................................                                         [ 15%]
tests/openbb_terminal/cryptocurrency/discovery/test_pycoingecko_model.py . [ 15%]
..........                                                               [ 15%]
tests/openbb_terminal/cryptocurrency/discovery/test_pycoingecko_view.py . [ 15%]
.......                                                                  [ 16%]
tests/openbb_terminal/cryptocurrency/due_diligence/test_coinbase_model.py . [ 16%]
.....                                                                    [ 16%]
tests/openbb_terminal/cryptocurrency/due_diligence/test_coinbase_view.py . [ 16%]
...                                                                      [ 16%]
tests/openbb_terminal/cryptocurrency/due_diligence/test_coinpaprika_model.py . [ 16%]
.......                                                                  [ 16%]
tests/openbb_terminal/cryptocurrency/due_diligence/test_coinpaprika_view.py . [ 16%]
.....                                                                    [ 16%]
tests/openbb_terminal/cryptocurrency/due_diligence/test_dd_controller.py . [ 16%]
..............................................                           [ 18%]
tests/openbb_terminal/cryptocurrency/due_diligence/test_due_diligence_api.py . [ 18%]
                                                                         [ 18%]
tests/openbb_terminal/cryptocurrency/due_diligence/test_glassnode_model.py . [ 18%]
ssssss                                                                   [ 18%]
tests/openbb_terminal/cryptocurrency/due_diligence/test_glassnode_view.py . [ 18%]
                                                                         [ 18%]
tests/openbb_terminal/cryptocurrency/due_diligence/test_messari_model.py . [ 18%]
                                                                         [ 18%]
tests/openbb_terminal/cryptocurrency/due_diligence/test_pycoingecko_model.py s [ 18%]
s                                                                        [ 18%]
tests/openbb_terminal/cryptocurrency/due_diligence/test_pycoingecko_view.py s [ 18%]
.........                                                                [ 18%]
tests/openbb_terminal/cryptocurrency/nft/test_nft_controller.py ........ [ 19%]
....................                                                     [ 19%]
tests/openbb_terminal/cryptocurrency/nft/test_opensea_model.py ...       [ 19%]
tests/openbb_terminal/cryptocurrency/nft/test_opensea_view.py .          [ 19%]
tests/openbb_terminal/cryptocurrency/onchain/test_blockchain_model.py .. [ 20%]
                                                                         [ 20%]
tests/openbb_terminal/cryptocurrency/onchain/test_blockchain_view.py ..  [ 20%]
tests/openbb_terminal/cryptocurrency/onchain/test_ethplorer_model.py ... [ 20%]
......                                                                   [ 20%]
tests/openbb_terminal/cryptocurrency/onchain/test_ethplorer_view.py .... [ 20%]
....                                                                     [ 20%]
tests/openbb_terminal/cryptocurrency/onchain/test_onchain_controller.py . [ 20%]
.................................................                        [ 22%]
tests/openbb_terminal/cryptocurrency/overview/test_blockchaincenter_model.py s [ 22%]
ss                                                                       [ 22%]
tests/openbb_terminal/cryptocurrency/overview/test_blockchaincenter_view.py . [ 22%]
                                                                         [ 22%]
tests/openbb_terminal/cryptocurrency/overview/test_coinbase_view.py .... [ 22%]
...                                                                      [ 22%]
tests/openbb_terminal/cryptocurrency/overview/test_loanscan_model.py ..  [ 22%]
tests/openbb_terminal/cryptocurrency/overview/test_loanscan_view.py .    [ 22%]
tests/openbb_terminal/cryptocurrency/overview/test_overview_controller.py . [ 22%]
.............................................                            [ 24%]
tests/openbb_terminal/cryptocurrency/overview/test_pycoingecko_view.py . [ 24%]
.....s.s                                                                 [ 24%]
tests/openbb_terminal/cryptocurrency/overview/test_rekt_model.py .....   [ 24%]
tests/openbb_terminal/cryptocurrency/overview/test_rekt_view.py ..       [ 24%]
tests/openbb_terminal/cryptocurrency/tools/test_tools_controller.py .... [ 24%]
....................                                                     [ 25%]
tests/openbb_terminal/cryptocurrency/tools/test_tools_model.py ..        [ 25%]
tests/openbb_terminal/cryptocurrency/tools/test_tools_view.py ..         [ 25%]
tests/openbb_terminal/econometrics/test_econometrics_controller.py ..... [ 25%]
................................................................         [ 27%]
tests/openbb_terminal/econometrics/test_econometrics_model.py .......... [ 27%]
..................                                                       [ 28%]
tests/openbb_terminal/econometrics/test_econometrics_view.py ........... [ 28%]
...                                                                      [ 28%]
tests/openbb_terminal/econometrics/test_regression_model.py ............ [ 29%]
...                                                                      [ 29%]
tests/openbb_terminal/econometrics/test_regression_view.py ....          [ 29%]
tests/openbb_terminal/economy/test_alphavantage_model.py .               [ 29%]
tests/openbb_terminal/economy/test_alphavantage_view.py ...              [ 29%]
tests/openbb_terminal/economy/test_cnn_model.py ...                      [ 29%]
tests/openbb_terminal/economy/test_cnn_view.py .                         [ 29%]
tests/openbb_terminal/economy/test_econ_data_helper.py ...               [ 29%]
tests/openbb_terminal/economy/test_econdb_model.py ..........            [ 30%]
tests/openbb_terminal/economy/test_econdb_view.py .......                [ 30%]
tests/openbb_terminal/economy/test_economy_api.py .                      [ 30%]
tests/openbb_terminal/economy/test_economy_controller.py ............... [ 30%]
...........................                                              [ 31%]
tests/openbb_terminal/economy/test_finnhub_model.py ..                   [ 31%]
tests/openbb_terminal/economy/test_finnhub_view.py ....                  [ 31%]
tests/openbb_terminal/economy/test_finviz_model.py ....                  [ 31%]
tests/openbb_terminal/economy/test_finviz_view.py ........               [ 32%]
tests/openbb_terminal/economy/test_fred_model.py .....sss                [ 32%]
tests/openbb_terminal/economy/test_nasdaq_model.py ...                   [ 32%]
tests/openbb_terminal/economy/test_nasdaq_view.py ...                    [ 32%]
tests/openbb_terminal/economy/test_wsj_model.py ......                   [ 32%]
tests/openbb_terminal/economy/test_wsj_view.py ..................        [ 33%]
tests/openbb_terminal/economy/test_yfinance_model.py ....                [ 33%]
tests/openbb_terminal/economy/test_yfinance_view.py ....s...             [ 33%]
tests/openbb_terminal/etf/test_etf_api.py .                              [ 33%]
tests/openbb_terminal/etf/test_etf_controller.py ....................... [ 34%]
.................                                                        [ 35%]
tests/openbb_terminal/etf/test_financedatabase_model.py .......          [ 35%]
tests/openbb_terminal/etf/test_financedatabase_view.py ......            [ 35%]
tests/openbb_terminal/etf/test_stockanalysis_model.py ........           [ 35%]
tests/openbb_terminal/etf/test_stockanalysis_view.py ..........          [ 36%]
tests/openbb_terminal/etf/test_yfinance_model.py ....                    [ 36%]
tests/openbb_terminal/etf/test_yfinance_view.py ....                     [ 36%]
tests/openbb_terminal/etf/discovery/test_disc_controller.py ............ [ 36%]
..............                                                           [ 37%]
tests/openbb_terminal/etf/discovery/test_wsj_model.py ....               [ 37%]
tests/openbb_terminal/etf/discovery/test_wsj_view.py ...                 [ 37%]
tests/openbb_terminal/etf/screener/test_screener_controller.py ......... [ 37%]
...................                                                      [ 38%]
tests/openbb_terminal/etf/screener/test_screener_model.py .              [ 38%]
tests/openbb_terminal/etf/screener/test_screener_view.py ...             [ 38%]
tests/openbb_terminal/etf/technical_analysis/test_ta_controller.py ..... [ 38%]
.........................................                                [ 39%]
tests/openbb_terminal/forex/test_av_model.py ....                        [ 39%]
tests/openbb_terminal/forex/test_av_view.py ....                         [ 39%]
tests/openbb_terminal/forex/test_forex_api.py .                          [ 39%]
tests/openbb_terminal/forex/test_forex_controller.py ................... [ 40%]
.....................                                                    [ 41%]
tests/openbb_terminal/forex/test_fxempire_model.py ..                    [ 41%]
tests/openbb_terminal/forex/test_fxempire_view.py ..                     [ 41%]
tests/openbb_terminal/forex/quantitative_analysis/test_qa_api.py .       [ 41%]
tests/openbb_terminal/forex/quantitative_analysis/test_qa_controller.py . [ 41%]
...........................................                              [ 42%]
tests/openbb_terminal/forex/technical_analysis/test_ta_api.py .          [ 42%]
tests/openbb_terminal/forex/technical_analysis/test_ta_controller.py ... [ 42%]
..................................                                       [ 43%]
tests/openbb_terminal/jupyter/test_jupyter_controller.py ............... [ 44%]
....                                                                     [ 44%]
tests/openbb_terminal/jupyter/dashboards/test_dashboards_controller.py . [ 44%]
..................                                                       [ 45%]
tests/openbb_terminal/portfolio/test_portfolio_controller.py ........... [ 45%]
................                                                         [ 45%]
tests/openbb_terminal/portfolio/brokers/coinbase/test_coinbase_controller.py . [ 46%]
.......                                                                  [ 46%]
tests/openbb_terminal/portfolio/brokers/coinbase/test_coinbase_model.py . [ 46%]
..                                                                       [ 46%]
tests/openbb_terminal/portfolio/brokers/coinbase/test_coinbase_view.py . [ 46%]
..                                                                       [ 46%]
tests/openbb_terminal/portfolio/brokers/degiro/test_degiro_controller.py . [ 46%]
.................................                                        [ 47%]
tests/openbb_terminal/portfolio/brokers/degiro/test_degiro_model.py .... [ 47%]
.................                                                        [ 48%]
tests/openbb_terminal/portfolio/brokers/degiro/test_degiro_view.py .     [ 48%]
tests/openbb_terminal/portfolio/portfolio_analysis/test_pa_controller.py . [ 48%]
........................                                                 [ 48%]
tests/openbb_terminal/portfolio/portfolio_optimization/test_po_controller.py . [ 48%]
......................................                                   [ 50%]
tests/openbb_terminal/stocks/test_stocks_api.py .                        [ 50%]
tests/openbb_terminal/stocks/test_stocks_controller.py ................. [ 50%]
........................................                                 [ 51%]
tests/openbb_terminal/stocks/test_stocks_helper.py .................     [ 52%]
tests/openbb_terminal/stocks/backtesting/test_bt_api.py .                [ 52%]
tests/openbb_terminal/stocks/backtesting/test_bt_controller.py ......... [ 52%]
......................                                                   [ 53%]
tests/openbb_terminal/stocks/backtesting/test_bt_model.py .....          [ 53%]
tests/openbb_terminal/stocks/backtesting/test_bt_view.py ...             [ 53%]
tests/openbb_terminal/stocks/behavioural_analysis/test_ba_api.py .       [ 53%]
tests/openbb_terminal/stocks/behavioural_analysis/test_ba_controller.py . [ 53%]
........................................................................ [ 56%]
...                                                                      [ 56%]
tests/openbb_terminal/stocks/behavioural_analysis/test_cramer_model.py . [ 56%]
..                                                                       [ 56%]
tests/openbb_terminal/stocks/behavioural_analysis/test_cramer_view.py .. [ 56%]
..                                                                       [ 56%]
tests/openbb_terminal/stocks/behavioural_analysis/test_finnhub_model.py . [ 56%]
.                                                                        [ 56%]
tests/openbb_terminal/stocks/comparison_analysis/test_ca_api.py .        [ 56%]
tests/openbb_terminal/stocks/comparison_analysis/test_ca_controller.py . [ 56%]
....................................................................     [ 58%]
tests/openbb_terminal/stocks/comparison_analysis/test_finbrain_model.py . [ 58%]
                                                                         [ 58%]
tests/openbb_terminal/stocks/comparison_analysis/test_finbrain_view.py . [ 58%]
...                                                                      [ 58%]
tests/openbb_terminal/stocks/comparison_analysis/test_finnhub_model.py . [ 58%]
.                                                                        [ 58%]
tests/openbb_terminal/stocks/comparison_analysis/test_finviz_compare_model.py . [ 58%]
.........                                                                [ 59%]
tests/openbb_terminal/stocks/comparison_analysis/test_finviz_compare_view.py . [ 59%]
..                                                                       [ 59%]
tests/openbb_terminal/stocks/comparison_analysis/test_marketwatch_model.py . [ 59%]
.                                                                        [ 59%]
tests/openbb_terminal/stocks/comparison_analysis/test_marketwatch_view.py . [ 59%]
..                                                                       [ 59%]
tests/openbb_terminal/stocks/comparison_analysis/test_polygon_model.py . [ 59%]
.                                                                        [ 59%]
tests/openbb_terminal/stocks/comparison_analysis/test_yahoo_finance_model.py . [ 59%]
.                                                                        [ 59%]
tests/openbb_terminal/stocks/comparison_analysis/test_yahoo_finance_view.py . [ 59%]
..                                                                       [ 59%]
tests/openbb_terminal/stocks/dark_pool_shorts/test_dps_api.py .          [ 59%]
tests/openbb_terminal/stocks/dark_pool_shorts/test_dps_controller.py ... [ 59%]
.................................................                        [ 61%]
tests/openbb_terminal/stocks/dark_pool_shorts/test_finra_model.py ....   [ 61%]
tests/openbb_terminal/stocks/dark_pool_shorts/test_finra_view.py ..      [ 61%]
tests/openbb_terminal/stocks/dark_pool_shorts/test_nyse_model.py .       [ 61%]
tests/openbb_terminal/stocks/dark_pool_shorts/test_nyse_view.py ..       [ 61%]
tests/openbb_terminal/stocks/dark_pool_shorts/test_quandl_model.py ..    [ 61%]
tests/openbb_terminal/stocks/dark_pool_shorts/test_quandl_view.py ....   [ 61%]
tests/openbb_terminal/stocks/dark_pool_shorts/test_sec_model.py ..       [ 61%]
tests/openbb_terminal/stocks/dark_pool_shorts/test_sec_view.py ..        [ 61%]
tests/openbb_terminal/stocks/dark_pool_shorts/test_shortinterest_model.py . [ 61%]
                                                                         [ 61%]
tests/openbb_terminal/stocks/dark_pool_shorts/test_shortinterest_view.py . [ 61%]
                                                                         [ 61%]
tests/openbb_terminal/stocks/dark_pool_shorts/test_stockgrid_model.py .. [ 61%]
.                                                                        [ 61%]
tests/openbb_terminal/stocks/dark_pool_shorts/test_stockgrid_view.py ... [ 62%]
...                                                                      [ 62%]
tests/openbb_terminal/stocks/dark_pool_shorts/test_yahoofinance_model.py . [ 62%]
                                                                         [ 62%]
tests/openbb_terminal/stocks/dark_pool_shorts/test_yahoofinance_view.py . [ 62%]
                                                                         [ 62%]
tests/openbb_terminal/stocks/discovery/test_ark_model.py ..              [ 62%]
tests/openbb_terminal/stocks/discovery/test_ark_view.py ..........       [ 62%]
tests/openbb_terminal/stocks/discovery/test_disc_api.py .                [ 62%]
tests/openbb_terminal/stocks/discovery/test_disc_controller.py ......... [ 62%]
................................................                         [ 64%]
tests/openbb_terminal/stocks/discovery/test_fidelity_model.py .          [ 64%]
tests/openbb_terminal/stocks/discovery/test_fidelity_view.py .......     [ 64%]
tests/openbb_terminal/stocks/discovery/test_financedatabase_view.py ..   [ 64%]
tests/openbb_terminal/stocks/discovery/test_finnhub_model.py ..          [ 64%]
tests/openbb_terminal/stocks/discovery/test_finnhub_view.py ....         [ 64%]
tests/openbb_terminal/stocks/discovery/test_nasdaq_model.py ...          [ 64%]
tests/openbb_terminal/stocks/discovery/test_nasdaq_view.py ...           [ 65%]
tests/openbb_terminal/stocks/discovery/test_seeking_alpha_model.py ....  [ 65%]
tests/openbb_terminal/stocks/discovery/test_seeking_alpha_view.py ...    [ 65%]
tests/openbb_terminal/stocks/discovery/test_shortinterest_model.py ..    [ 65%]
tests/openbb_terminal/stocks/discovery/test_shortinterest_view.py ..     [ 65%]
tests/openbb_terminal/stocks/discovery/test_yahoofinance_model.py ...... [ 65%]
.                                                                        [ 65%]
tests/openbb_terminal/stocks/discovery/test_yahoofinance_view.py ....... [ 65%]
.......                                                                  [ 66%]
tests/openbb_terminal/stocks/due_diligence/test_ark_model.py .....       [ 66%]
tests/openbb_terminal/stocks/due_diligence/test_ark_view.py ....         [ 66%]
tests/openbb_terminal/stocks/due_diligence/test_business_insider_model.py . [ 66%]
...                                                                      [ 66%]
tests/openbb_terminal/stocks/due_diligence/test_business_insider_view.py . [ 66%]
..                                                                       [ 66%]
tests/openbb_terminal/stocks/due_diligence/test_csimarket_model.py ....  [ 66%]
tests/openbb_terminal/stocks/due_diligence/test_csimarket_view.py ....   [ 66%]
tests/openbb_terminal/stocks/due_diligence/test_dd_api.py .              [ 66%]
tests/openbb_terminal/stocks/due_diligence/test_dd_controller.py ....... [ 67%]
......................................                                   [ 68%]
tests/openbb_terminal/stocks/due_diligence/test_finnhub_model.py ...     [ 68%]
tests/openbb_terminal/stocks/due_diligence/test_finnhub_view.py ....     [ 68%]
tests/openbb_terminal/stocks/due_diligence/test_finviz_model.py ..       [ 68%]
tests/openbb_terminal/stocks/due_diligence/test_finviz_view.py ......    [ 68%]
tests/openbb_terminal/stocks/due_diligence/test_fmp_model.py .           [ 68%]
tests/openbb_terminal/stocks/due_diligence/test_fmp_view.py .            [ 68%]
tests/openbb_terminal/stocks/due_diligence/test_marketwatch_model.py .   [ 68%]
tests/openbb_terminal/stocks/due_diligence/test_marketwatch_view.py .    [ 68%]
tests/openbb_terminal/stocks/fundamental_analysis/test_av_model.py ..... [ 69%]
..........                                                               [ 69%]
tests/openbb_terminal/stocks/fundamental_analysis/test_av_view.py ...... [ 69%]
...................                                                      [ 70%]
tests/openbb_terminal/stocks/fundamental_analysis/test_business_insider_model.py . [ 70%]
                                                                         [ 70%]
tests/openbb_terminal/stocks/fundamental_analysis/test_business_insider_view.py . [ 70%]
.                                                                        [ 70%]
tests/openbb_terminal/stocks/fundamental_analysis/test_dcf_model.py .... [ 70%]
.....                                                                    [ 70%]
tests/openbb_terminal/stocks/fundamental_analysis/test_dcf_view.py ..    [ 70%]
tests/openbb_terminal/stocks/fundamental_analysis/test_eclect_us_model.py . [ 70%]
.                                                                        [ 70%]
tests/openbb_terminal/stocks/fundamental_analysis/test_eclect_us_view.py . [ 70%]
.                                                                        [ 70%]
tests/openbb_terminal/stocks/fundamental_analysis/test_fa_api.py .       [ 70%]
tests/openbb_terminal/stocks/fundamental_analysis/test_fa_controller.py . [ 70%]
.................................................................        [ 72%]
tests/openbb_terminal/stocks/fundamental_analysis/test_finviz_model.py . [ 72%]
                                                                         [ 72%]
tests/openbb_terminal/stocks/fundamental_analysis/test_finviz_view.py .. [ 72%]
                                                                         [ 72%]
tests/openbb_terminal/stocks/fundamental_analysis/test_market_watch_model.py . [ 72%]
...                                                                      [ 72%]
tests/openbb_terminal/stocks/fundamental_analysis/test_market_watch_view.py . [ 72%]
................                                                         [ 73%]
tests/openbb_terminal/stocks/fundamental_analysis/test_yahoo_finance_model.py . [ 73%]
.......                                                                  [ 73%]
tests/openbb_terminal/stocks/fundamental_analysis/test_yahoo_finance_view.py . [ 73%]
..........                                                               [ 74%]
tests/openbb_terminal/stocks/fundamental_analysis/test_yield_curve_model.py . [ 74%]
..                                                                       [ 74%]
tests/openbb_terminal/stocks/fundamental_analysis/financial_modeling_prep/test_fmp_api.py . [ 74%]
                                                                         [ 74%]
tests/openbb_terminal/stocks/fundamental_analysis/financial_modeling_prep/test_fmp_controller.py . [ 74%]
............................................                             [ 75%]
tests/openbb_terminal/stocks/fundamental_analysis/financial_modeling_prep/test_fmp_model.py . [ 75%]
..........                                                               [ 75%]
tests/openbb_terminal/stocks/fundamental_analysis/financial_modeling_prep/test_fmp_view.py . [ 75%]
....................                                                     [ 76%]
tests/openbb_terminal/stocks/government/test_gov_api.py .                [ 76%]
tests/openbb_terminal/stocks/government/test_gov_controller.py ......... [ 76%]
.........................................                                [ 78%]
tests/openbb_terminal/stocks/government/test_quiverquant_model.py ...... [ 78%]
...                                                                      [ 78%]
tests/openbb_terminal/stocks/government/test_quiverquant_view.py ....... [ 78%]
..............                                                           [ 79%]
tests/openbb_terminal/stocks/insider/test_businessinsider_model.py .     [ 79%]
tests/openbb_terminal/stocks/insider/test_businessinsider_view.py ..     [ 79%]
tests/openbb_terminal/stocks/insider/test_finviz_model.py .              [ 79%]
tests/openbb_terminal/stocks/insider/test_finviz_view.py ..              [ 79%]
tests/openbb_terminal/stocks/insider/test_insider_api.py .               [ 79%]
tests/openbb_terminal/stocks/insider/test_insider_controller.py ........ [ 79%]
...................................................                      [ 81%]
tests/openbb_terminal/stocks/insider/test_openinsider_model.py ......... [ 81%]
...                                                                      [ 81%]
tests/openbb_terminal/stocks/insider/test_openinsider_view.py .........  [ 81%]
tests/openbb_terminal/stocks/options/test_alphaquery_model.py ..         [ 81%]
tests/openbb_terminal/stocks/options/test_alphaquery_view.py ..          [ 81%]
tests/openbb_terminal/stocks/options/test_barchart_model.py .            [ 81%]
tests/openbb_terminal/stocks/options/test_barchart_view.py .             [ 82%]
tests/openbb_terminal/stocks/options/test_calculator_model.py ..         [ 82%]
tests/openbb_terminal/stocks/options/test_calculator_view.py ..          [ 82%]
tests/openbb_terminal/stocks/options/test_chartexchange_model.py .       [ 82%]
tests/openbb_terminal/stocks/options/test_chartexchange_view.py ..       [ 82%]
tests/openbb_terminal/stocks/options/test_fdscanner_model.py ..          [ 82%]
tests/openbb_terminal/stocks/options/test_fdscanner_view.py ..           [ 82%]
tests/openbb_terminal/stocks/options/test_options_api.py .               [ 82%]
tests/openbb_terminal/stocks/options/test_options_controller.py ........ [ 82%]
......................................................................   [ 84%]
tests/openbb_terminal/stocks/options/test_payoff_controller.py ......... [ 85%]
........................                                                 [ 85%]
tests/openbb_terminal/stocks/options/test_pricing_controller.py ........ [ 86%]
........................                                                 [ 86%]
tests/openbb_terminal/stocks/options/test_screener_controller.py ....... [ 87%]
.....................                                                    [ 87%]
tests/openbb_terminal/stocks/options/test_syncretism_model.py .....      [ 87%]
tests/openbb_terminal/stocks/options/test_syncretism_view.py .....       [ 88%]
tests/openbb_terminal/stocks/options/test_tradier_model.py ..........    [ 88%]
tests/openbb_terminal/stocks/options/test_tradier_view.py .............. [ 88%]
.........                                                                [ 89%]
tests/openbb_terminal/stocks/options/test_yfinance_model.py ........     [ 89%]
tests/openbb_terminal/stocks/options/test_yfinance_view.py ............  [ 89%]
tests/openbb_terminal/stocks/quantitative_analysis/test_factors_model.py . [ 89%]
                                                                         [ 89%]
tests/openbb_terminal/stocks/quantitative_analysis/test_factors_view.py . [ 89%]
                                                                         [ 89%]
tests/openbb_terminal/stocks/quantitative_analysis/test_qa_api.py .      [ 89%]
tests/openbb_terminal/stocks/quantitative_analysis/test_qa_controller.py . [ 89%]
...........................................                              [ 91%]
tests/openbb_terminal/stocks/research/test_res_controller.py ........... [ 91%]
................................                                         [ 92%]
tests/openbb_terminal/stocks/screener/test_finviz_model.py .........     [ 92%]
tests/openbb_terminal/stocks/screener/test_finviz_view.py ......         [ 92%]
tests/openbb_terminal/stocks/screener/test_screener_api.py .             [ 92%]
tests/openbb_terminal/stocks/screener/test_screener_controller.py ...... [ 93%]
...............................                                          [ 94%]
tests/openbb_terminal/stocks/screener/test_yahoofinance_view.py ..       [ 94%]
tests/openbb_terminal/stocks/sector_industry_analysis/test_financedatabase_model.py . [ 94%]
...........................                                              [ 95%]
tests/openbb_terminal/stocks/sector_industry_analysis/test_financedatabase_view.py . [ 95%]
..............                                                           [ 95%]
tests/openbb_terminal/stocks/sector_industry_analysis/test_sia_api.py .  [ 95%]
tests/openbb_terminal/stocks/sector_industry_analysis/test_sia_controller.py . [ 95%]
....................................................................     [ 97%]
tests/openbb_terminal/stocks/sector_industry_analysis/test_stockanalysis_model.py . [ 97%]
......                                                                   [ 97%]
tests/openbb_terminal/stocks/sector_industry_analysis/test_stockanalysis_view.py s [ 97%]
ss                                                                       [ 98%]
tests/openbb_terminal/stocks/technical_analysis/test_finbrain_model.py . [ 98%]
..                                                                       [ 98%]
tests/openbb_terminal/stocks/technical_analysis/test_finbrain_view.py .  [ 98%]
tests/openbb_terminal/stocks/technical_analysis/test_finnhub_model.py .. [ 98%]
.                                                                        [ 98%]
tests/openbb_terminal/stocks/technical_analysis/test_finnhub_view.py .   [ 98%]
tests/openbb_terminal/stocks/technical_analysis/test_finviz_model.py .   [ 98%]
tests/openbb_terminal/stocks/technical_analysis/test_finviz_view.py .    [ 98%]
tests/openbb_terminal/stocks/technical_analysis/test_ta_api.py .         [ 98%]
tests/openbb_terminal/stocks/technical_analysis/test_ta_controller.py .. [ 98%]
................................................                         [ 99%]
tests/openbb_terminal/stocks/technical_analysis/test_tradingview_model.py . [ 99%]
.                                                                        [ 99%]
tests/openbb_terminal/stocks/technical_analysis/test_tradingview_view.py . [100%]

- generated xml file: /home/runner/work/OpenBBTerminal/OpenBBTerminal/pytest.xml -

---------- coverage: platform linux, python 3.9.12-final-0 -----------
Name                                                                               Stmts   Miss  Cover   Missing
----------------------------------------------------------------------------------------------------------------
openbb_terminal/alternative/alt_controller.py                                         30      2    93%   52-54
openbb_terminal/alternative/covid/covid_controller.py                                 83      9    89%   93-95, 99-100, 105-119
openbb_terminal/alternative/covid/covid_model.py                                      40     25    38%   38-50, 67-79, 98-116
openbb_terminal/alternative/covid/covid_view.py                                       97     78    20%   48-98, 127-180, 206-217
openbb_terminal/alternative/oss/github_model.py                                       83     18    78%   44-50, 72-73, 79, 125, 161-166, 185, 188
openbb_terminal/alternative/oss/github_view.py                                        69     11    84%   47-51, 92, 98-102
openbb_terminal/alternative/oss/oss_controller.py                                     77     34    56%   60-92, 97-126, 131-192, 230
openbb_terminal/alternative/oss/runa_model.py                                         58      7    88%   83-86, 92, 95, 161
openbb_terminal/alternative/oss/runa_view.py                                          67     26    61%   58, 61, 67-71, 91-117
openbb_terminal/common/behavioural_analysis/finbrain_view.py                          60      5    92%   51-55
openbb_terminal/common/behavioural_analysis/finnhub_model.py                          23     23     0%   2-49
openbb_terminal/common/behavioural_analysis/finnhub_view.py                           22     22     0%   2-62
openbb_terminal/common/behavioural_analysis/google_model.py                           27     13    52%   28-30, 47-49, 66-68, 85-88
openbb_terminal/common/behavioural_analysis/google_view.py                           102     79    23%   45-80, 110-150, 175-208, 225-237, 253-263
openbb_terminal/common/behavioural_analysis/reddit_helpers.py                         14      9    36%   23-33
openbb_terminal/common/behavioural_analysis/reddit_model.py                          201    173    14%   56-113, 136-255, 278-336, 359-423, 444-474, 499-569
openbb_terminal/common/behavioural_analysis/reddit_view.py                           119     84    29%   37-74, 95-121, 150-164, 192-219, 240-266, 289-292, 321-325
openbb_terminal/common/behavioural_analysis/sentimentinvestor_model.py                56      8    86%   65-69, 107, 113, 163, 167
openbb_terminal/common/behavioural_analysis/sentimentinvestor_view.py                 72      5    93%   85-89
openbb_terminal/common/behavioural_analysis/stocktwits_model.py                       45     30    33%   35-51, 70-76, 88-101, 115-119
openbb_terminal/common/behavioural_analysis/stocktwits_view.py                        35     19    46%   27-35, 49-51, 62-69, 83-90
openbb_terminal/common/behavioural_analysis/twitter_model.py                          51     37    27%   46-117
openbb_terminal/common/behavioural_analysis/twitter_view.py                           90     70    22%   37-69, 94-205
openbb_terminal/common/newsapi_model.py                                               29     19    34%   40-77
openbb_terminal/common/newsapi_view.py                                                17      7    59%   38-51
openbb_terminal/common/prediction_techniques/arima_model.py                           19      8    58%   48-76
openbb_terminal/common/prediction_techniques/arima_view.py                           112    103     8%   18-315
openbb_terminal/common/prediction_techniques/ets_model.py                             55     43    22%   51-176
openbb_terminal/common/prediction_techniques/ets_view.py                             114    102    11%   21-313
openbb_terminal/common/prediction_techniques/knn_model.py                             25     25     0%   2-101
openbb_terminal/common/prediction_techniques/knn_view.py                              21     21     0%   2-92
openbb_terminal/common/prediction_techniques/mc_model.py                              25     25     0%   2-59
openbb_terminal/common/prediction_techniques/mc_view.py                               45     45     0%   2-96
openbb_terminal/common/prediction_techniques/neural_networks_model.py                126    126     0%   2-605
openbb_terminal/common/prediction_techniques/neural_networks_view.py                  54     54     0%   2-350
openbb_terminal/common/prediction_techniques/pred_helper.py                          198    183     8%   22-639
openbb_terminal/common/prediction_techniques/regression_model.py                      37     37     0%   2-127
openbb_terminal/common/prediction_techniques/regression_view.py                       97     97     0%   2-268
openbb_terminal/common/quantitative_analysis/qa_model.py                             179     90    50%   153-155, 253-254, 266, 287-304, 310-311, 353-475, 489-494, 515-532, 548-559
openbb_terminal/common/quantitative_analysis/qa_view.py                              400     97    76%   296, 384-390, 396-435, 473, 538, 542-544, 557-559, 565-591, 707-711, 936, 964, 991, 1042-1047, 1092-1126, 1140-1150, 1168-1182, 1198-1214
openbb_terminal/common/quantitative_analysis/rolling_model.py                         30     13    57%   33-36, 55-64, 89-96, 115-116, 135-136
openbb_terminal/common/quantitative_analysis/rolling_view.py                         148    125    16%   47-124, 158-234, 271-332, 366-418, 450-505
openbb_terminal/common/technical_analysis/custom_indicators_model.py                  40     31    22%   48-90
openbb_terminal/common/technical_analysis/custom_indicators_view.py                   50     35    30%   56-129
openbb_terminal/common/technical_analysis/momentum_model.py                           24      6    75%   42, 77, 102, 137, 167, 185
openbb_terminal/common/technical_analysis/momentum_view.py                           202    174    14%   52-108, 145-196, 233-282, 319-378, 409-468, 499-540
openbb_terminal/common/technical_analysis/overlap_model.py                            27      7    74%   35, 56, 77, 98, 119, 138-146
openbb_terminal/common/technical_analysis/overlap_view.py                             85     65    24%   58-111, 146-196
openbb_terminal/common/technical_analysis/trend_indicators_model.py                   12      2    83%   45, 80
openbb_terminal/common/technical_analysis/trend_indicators_view.py                    76     57    25%   53-111, 145-201
openbb_terminal/common/technical_analysis/volatility_model.py                         16      3    81%   38, 73, 116
openbb_terminal/common/technical_analysis/volatility_view.py                          88     69    22%   50-97, 131-180, 219-274
openbb_terminal/common/technical_analysis/volume_model.py                             21      9    57%   30-46, 67-86, 103
openbb_terminal/common/technical_analysis/volume_view.py                             125    106    15%   44-118, 155-228, 256-330
openbb_terminal/config_neural_network_models.py                                        8      8     0%   21-70
openbb_terminal/config_terminal.py                                                    61      1    98%   13
openbb_terminal/core/log/collection/log_sender.py                                     71     34    52%   25, 29, 32-33, 36, 50, 54, 58, 62-97, 116, 119, 122, 125, 130-131
openbb_terminal/core/log/collection/logging_clock.py                                  56     28    50%   41-48, 52-60, 64-73, 81-99, 103-106, 131-135
openbb_terminal/core/log/collection/s3_sender.py                                      44     31    30%   11-12, 33-41, 45-54, 62-77, 88-122
openbb_terminal/core/log/generation/expired_files.py                                  16      4    75%   20-22, 29
openbb_terminal/core/log/generation/formatter_with_exceptions.py                      80      5    94%   25, 29, 44, 57, 59
openbb_terminal/core/log/generation/path_tracking_file_handler.py                     93     32    66%   40, 80-83, 92, 106-115, 119, 123, 127, 161-162, 166-173, 179-192
openbb_terminal/core/log/generation/settings.py                                       66      3    95%   13, 17, 122
openbb_terminal/cryptocurrency/coinbase_helpers.py                                    71     20    72%   38-40, 58-59, 62, 93, 128-130, 143-147, 164-173
openbb_terminal/cryptocurrency/crypto_controller.py                                  184     75    59%   176-179, 188, 196-414, 432-433, 500, 533-541, 553-569, 576, 601-686
openbb_terminal/cryptocurrency/cryptocurrency_helpers.py                             476    324    32%   131-139, 144, 158, 168, 175, 298-302, 340-341, 343-346, 356, 359-370, 383-391, 415, 432-433, 436-437, 448-458, 460-657, 691-760, 796-873, 913-959, 962-985, 991, 1005-1060, 1095-1142, 1149-1180, 1187, 1212-1237, 1240-1270, 1323-1340, 1364-1387
openbb_terminal/cryptocurrency/dataframe_helpers.py                                   57     14    75%   42-52, 113, 166, 185
openbb_terminal/cryptocurrency/defi/coindix_model.py                                  39      5    87%   108, 148, 157-159
openbb_terminal/cryptocurrency/defi/cryptosaurio_model.py                             28      2    93%   34, 40
openbb_terminal/cryptocurrency/defi/cryptosaurio_view.py                              34      6    82%   53-57, 63
openbb_terminal/cryptocurrency/defi/defi_controller.py                               255      8    97%   144-177
openbb_terminal/cryptocurrency/defi/llama_model.py                                    47      8    83%   56, 68-70, 105, 110-112
openbb_terminal/cryptocurrency/defi/llama_view.py                                    105     17    84%   56-60, 132, 187-191, 202, 246-250
openbb_terminal/cryptocurrency/defi/smartstake_model.py                               23      4    83%   46-49, 62
openbb_terminal/cryptocurrency/defi/smartstake_view.py                                45      6    87%   62, 68-72
openbb_terminal/cryptocurrency/defi/substack_model.py                                 40      4    90%   77-80
openbb_terminal/cryptocurrency/defi/terraengineer_model.py                            21      3    86%   38, 41, 49
openbb_terminal/cryptocurrency/defi/terraengineer_view.py                             49     10    80%   58-62, 107-111
openbb_terminal/cryptocurrency/defi/terramoney_fcd_model.py                          108      6    94%   61, 64-66, 129-130
openbb_terminal/cryptocurrency/defi/terramoney_fcd_view.py                           108     17    84%   177, 187-191, 199, 250-254, 295-299
openbb_terminal/cryptocurrency/discovery/coinmarketcap_model.py                       29      4    86%   51-55
openbb_terminal/cryptocurrency/discovery/dappradar_model.py                           65     10    85%   59-60, 63-66, 106, 136, 169, 205
openbb_terminal/cryptocurrency/discovery/dappradar_view.py                            65      4    94%   38, 82, 121, 160
openbb_terminal/cryptocurrency/discovery/pycoingecko_model.py                         90      2    98%   86, 183
openbb_terminal/cryptocurrency/due_diligence/binance_model.py                         45     24    47%   49-52, 69-70, 84-88, 94-100, 124-129
openbb_terminal/cryptocurrency/due_diligence/binance_view.py                          48     29    40%   48-67, 84-106
openbb_terminal/cryptocurrency/due_diligence/coinbase_model.py                        68      2    97%   26-29
openbb_terminal/cryptocurrency/due_diligence/coinglass_model.py                       38     25    34%   37-82
openbb_terminal/cryptocurrency/due_diligence/coinglass_view.py                        48     29    40%   40-47, 63-100
openbb_terminal/cryptocurrency/due_diligence/coinpaprika_model.py                    134     21    84%   56-57, 59, 108, 175-176, 222, 225, 241, 310-312, 318-320, 326-328, 354, 392-393
openbb_terminal/cryptocurrency/due_diligence/coinpaprika_view.py                      85     15    82%   112-113, 166-167, 174, 218-219, 267, 272-273, 280, 319-320, 356-357
openbb_terminal/cryptocurrency/due_diligence/dd_controller.py                        321     31    90%   193, 254, 313, 386, 450, 468, 527, 552, 576, 586-603, 626, 657, 686, 712, 736, 796, 860, 898, 1238-1281
openbb_terminal/cryptocurrency/due_diligence/finbrain_crypto_view.py                  29     12    59%   26-27, 49-70
openbb_terminal/cryptocurrency/due_diligence/glassnode_model.py                      135     96    29%   217, 222-225, 254-282, 309-336, 361-399, 428-477, 506-533
openbb_terminal/cryptocurrency/due_diligence/glassnode_view.py                       189    113    40%   55, 61-65, 171-197, 234-260, 300-341, 384-421, 458-499
openbb_terminal/cryptocurrency/due_diligence/messari_model.py                         26      4    85%   62, 67-70
openbb_terminal/cryptocurrency/due_diligence/messari_view.py                          33     18    45%   49-75
openbb_terminal/cryptocurrency/due_diligence/pycoingecko_model.py                    260     48    82%   76-192, 200, 203, 286, 298, 336, 388, 411, 460, 563-565, 588, 624, 742-747
openbb_terminal/cryptocurrency/due_diligence/pycoingecko_view.py                      83      6    93%   42-57
openbb_terminal/cryptocurrency/nft/nftcalendar_model.py                               37     19    49%   30-60, 75, 87, 99, 111
openbb_terminal/cryptocurrency/nft/nftcalendar_view.py                                52     36    31%   26-37, 56-67, 86-97, 116-127
openbb_terminal/cryptocurrency/nft/opensea_model.py                                   19      1    95%   79
openbb_terminal/cryptocurrency/nft/opensea_view.py                                    15      6    60%   27-39
openbb_terminal/cryptocurrency/onchain/bitquery_model.py                             218    155    29%   28-29, 33, 149-152, 172-202, 243-257, 280-312, 337-375, 401-466, 502-541, 563-604, 628-659, 684-732
openbb_terminal/cryptocurrency/onchain/bitquery_view.py                               86     58    33%   52-78, 119-144, 184-205, 246-266, 305-322, 364-378
openbb_terminal/cryptocurrency/onchain/blockchain_model.py                            31      4    87%   33, 36-38
openbb_terminal/cryptocurrency/onchain/blockchain_view.py                             51     10    80%   57-61, 112-116
openbb_terminal/cryptocurrency/onchain/ethgasstation_model.py                         19     12    37%   29-61
openbb_terminal/cryptocurrency/onchain/ethgasstation_view.py                          16      7    56%   24-39
openbb_terminal/cryptocurrency/onchain/ethplorer_model.py                            205     22    89%   167-170, 192, 228-229, 345-346, 378-380, 454-456, 486-489, 500-501, 529-531
openbb_terminal/cryptocurrency/onchain/ethplorer_view.py                             104      6    94%   237, 319-320, 326, 375-376
openbb_terminal/cryptocurrency/onchain/onchain_controller.py                         307     39    87%   480, 483-486, 489, 1267-1294, 1308-1409
openbb_terminal/cryptocurrency/onchain/whale_alert_model.py                           57     36    37%   34-35, 39, 57-78, 99-150
openbb_terminal/cryptocurrency/onchain/whale_alert_view.py                            25     13    48%   48-73
openbb_terminal/cryptocurrency/overview/blockchaincenter_model.py                     26      1    96%   40
openbb_terminal/cryptocurrency/overview/blockchaincenter_view.py                      34     21    38%   47-77
openbb_terminal/cryptocurrency/overview/coinpaprika_model.py                         103     65    37%   85-104, 179-198, 217-230, 249-261, 281-315, 338-357, 370-378, 395-400
openbb_terminal/cryptocurrency/overview/coinpaprika_view.py                           88     62    30%   86-97, 127-150, 180-202, 233-252, 282-305, 323-330, 358-374
openbb_terminal/cryptocurrency/overview/cryptopanic_model.py                          84     57    32%   47-48, 52, 69-109, 128, 165-211
openbb_terminal/cryptocurrency/overview/cryptopanic_view.py                           22      9    59%   52-70
openbb_terminal/cryptocurrency/overview/loanscan_model.py                             46      4    91%   280, 287, 311, 325
openbb_terminal/cryptocurrency/overview/loanscan_view.py                              54      6    89%   49, 57-61
openbb_terminal/cryptocurrency/overview/overview_controller.py                       313     59    81%   97-146, 191-224, 279, 375, 445-501, 546, 713
openbb_terminal/cryptocurrency/overview/pycoingecko_model.py                         145     45    69%   114-130, 145-151, 164-177, 192-193, 243-248, 261-273, 399-412
openbb_terminal/cryptocurrency/overview/pycoingecko_view.py                          218    135    38%   55-103, 123-158, 200-202, 224-251, 264-266, 297-299, 320-385, 407-438, 474, 493-495, 514-536, 555-577, 615-617, 656-658
openbb_terminal/cryptocurrency/overview/rekt_model.py                                 75     10    87%   72-75, 81, 84, 128, 149-150, 191
openbb_terminal/cryptocurrency/overview/rekt_view.py                                  24      1    96%   52
openbb_terminal/cryptocurrency/overview/withdrawalfees_model.py                       64     48    25%   134-177, 193-205, 225-261
openbb_terminal/cryptocurrency/overview/withdrawalfees_view.py                        37     24    35%   30-45, 64-79, 100-118
openbb_terminal/cryptocurrency/prediction_techniques/pred_api.py                       9      8    11%   10-31
openbb_terminal/cryptocurrency/prediction_techniques/pred_controller.py              169    169     0%   2-701
openbb_terminal/cryptocurrency/pycoingecko_helpers.py                                114     58    49%   28-37, 42-47, 59-65, 89-99, 114-131, 148, 158, 163-167, 173, 177-180, 194-197, 201-202, 220, 224, 245-248, 252-257, 281
openbb_terminal/cryptocurrency/quantitative_analysis/qa_controller.py                173    173     0%   2-693
openbb_terminal/cryptocurrency/technical_analysis/ta_controller.py                   187    132    29%   72-82, 86-117, 121-123, 130-173, 185-226, 238-280, 292-319, 331-367, 378-425, 437-485, 497-541, 553-582, 592-621, 631-676, 688-740, 751-802, 814-852, 863-893, 903-922, 931-967
openbb_terminal/cryptocurrency/tools/tools_api.py                                      5      5     0%   2-13
openbb_terminal/cryptocurrency/tools/tools_controller.py                              48     12    75%   57-119, 168
openbb_terminal/cryptocurrency/tools/tools_view.py                                    24      2    92%   36, 90
openbb_terminal/custom/custom_api.py                                                   6      6     0%   6-13
openbb_terminal/custom/custom_controller.py                                          119    119     0%   2-251
openbb_terminal/custom/custom_model.py                                                14     14     0%   2-34
openbb_terminal/custom/custom_view.py                                                 23     23     0%   2-59
openbb_terminal/custom/prediction_techniques/pred_api.py                               9      9     0%   7-31
openbb_terminal/custom/prediction_techniques/pred_controller.py                      192    192     0%   2-737
openbb_terminal/custom/quantitative_analysis/qa_api.py                                17     17     0%   7-43
openbb_terminal/custom/quantitative_analysis/qa_controller.py                        195    195     0%   2-726
openbb_terminal/decorators.py                                                         53     11    79%   63-64, 90-107
openbb_terminal/econometrics/econometrics_controller.py                              421     71    83%   713-719, 722-723, 857-889, 905-911, 914-936, 939-954, 988-989, 1042, 1049, 1053-1057, 1110, 1116, 1120, 1217-1227, 1286-1297, 1330, 1355, 1405-1417, 1469-1474
openbb_terminal/econometrics/econometrics_model.py                                   102      8    92%   55, 61-73
openbb_terminal/econometrics/econometrics_view.py                                    124     32    74%   95, 103, 106, 150, 165-177, 180, 217, 232, 266, 271, 313, 368, 373, 378, 416-430, 433
openbb_terminal/econometrics/regression_model.py                                     169     47    72%   64-79, 127-136, 181, 192-194, 197-200, 243, 251-253, 290, 298-300, 337, 345-347, 390, 403-405, 444, 453-455, 495-498
openbb_terminal/econometrics/regression_view.py                                       62     26    58%   59-84, 110-146, 182, 227
openbb_terminal/economy/alphavantage_model.py                                        140    113    19%   48-75, 87-110, 122-145, 162-188, 207-236, 248-272
openbb_terminal/economy/alphavantage_view.py                                         185    136    26%   47, 104-136, 162-198, 222-258, 285-320, 350-386, 411-451
openbb_terminal/economy/cnn_model.py                                                  22      1    95%   59
openbb_terminal/economy/cnn_view.py                                                   31      5    84%   44-48
openbb_terminal/economy/econdb_model.py                                              103     21    80%   503-504, 506-507, 528-532, 542-569, 621-622, 666
openbb_terminal/economy/econdb_view.py                                                91     13    86%   70, 83-88, 108-109, 128, 136, 195, 221, 229
openbb_terminal/economy/economy_controller.py                                        371    196    47%   205-220, 275, 339, 481-605, 610-713, 718-865, 870-991, 996-1013, 1018-1167, 1172-1203, 1208-1225, 1381-1392, 1399-1410
openbb_terminal/economy/finnhub_model.py                                              22      3    86%   34, 37, 39
openbb_terminal/economy/finviz_model.py                                               36      4    89%   40-43
openbb_terminal/economy/finviz_view.py                                                61      2    97%   62, 123
openbb_terminal/economy/fred_model.py                                                101     49    51%   46, 51-52, 54-55, 82-85, 93-95, 116-136, 162-163, 187-199, 218-261
openbb_terminal/economy/fred_view.py                                                 101     71    30%   35-46, 61-77, 112-175, 195-217
openbb_terminal/economy/nasdaq_model.py                                               39      5    87%   33, 66-70
openbb_terminal/economy/nasdaq_view.py                                                48      7    85%   62-66, 90-91
openbb_terminal/economy/plot_view.py                                                  43     33    23%   40-96, 125-148
openbb_terminal/economy/prediction/pred_controller.py                                208    208     0%   2-756
openbb_terminal/economy/quantitative_analysis/qa_controller.py                       189    189     0%   2-701
openbb_terminal/economy/yfinance_model.py                                             21      3    86%   199-203, 211
openbb_terminal/economy/yfinance_view.py                                              58     15    74%   74-76, 82, 92-98, 102, 113-118, 125, 133
openbb_terminal/etf/discovery/disc_controller.py                                      51      3    94%   70, 94, 118
openbb_terminal/etf/discovery/wsj_model.py                                            31      1    97%   67
openbb_terminal/etf/discovery/wsj_view.py                                             18      2    89%   30-31
openbb_terminal/etf/etf_controller.py                                                227     28    88%   123, 183, 279-280, 289, 294-299, 405, 426, 516, 542, 616, 659, 664-692, 705, 738
openbb_terminal/etf/financedatabase_view.py                                           45      6    87%   36-37, 75-76, 114-115
openbb_terminal/etf/prediction_techniques/pred_api.py                                  9      8    11%   10-31
openbb_terminal/etf/prediction_techniques/pred_controller.py                         198    188     5%   26-801
openbb_terminal/etf/screener/screener_controller.py                                  103      2    98%   225, 280
openbb_terminal/etf/screener/screener_model.py                                        22      4    82%   49-50, 52-53
openbb_terminal/etf/stockanalysis_model.py                                            74      1    99%   109
openbb_terminal/etf/stockanalysis_view.py                                             44      6    86%   29-30, 86-87, 91-92
openbb_terminal/etf/yfinance_model.py                                                 25      2    92%   40, 62
openbb_terminal/etf/yfinance_view.py                                                  52     22    58%   50-51, 69-100, 118-119
openbb_terminal/feature_flags.py                                                      29      1    97%   12
openbb_terminal/forex/av_model.py                                                     59     12    80%   47-50, 84-85, 89, 129, 135, 141, 143, 147, 154
openbb_terminal/forex/av_view.py                                                      23      4    83%   32-40
openbb_terminal/forex/forex_controller.py                                            144     37    74%   211-244, 260, 272-286, 293-311, 358-379, 385, 394-401
openbb_terminal/forex/forex_helper.py                                                 58     27    53%   75-104, 140, 165-202
openbb_terminal/forex/oanda/oanda_controller.py                                      168    116    31%   55-71, 75-103, 108-135, 144-172, 181-188, 193-200, 205-212, 217-224, 229-258, 263-291, 296-316, 321-328, 333-340, 345-352, 357-387, 392-477, 496-515
openbb_terminal/forex/oanda/oanda_model.py                                           323    281    13%   29, 53-70, 87-133, 154-178, 199-221, 239-266, 294-342, 358-374, 386-419, 436-468, 485-524, 547-579, 602-643, 664-735
openbb_terminal/forex/oanda/oanda_view.py                                            237    177    25%   51-59, 72-76, 98-114, 133-152, 169-174, 193-198, 213-218, 231-236, 249-256, 272-279, 296-303, 332-392, 407-414, 436-496, 519-564
openbb_terminal/forex/prediction_techniques/pred_api.py                                9      9     0%   7-31
openbb_terminal/forex/prediction_techniques/pred_controller.py                       173    173     0%   2-710
openbb_terminal/forex/quantitative_analysis/qa_controller.py                         173     10    94%   128, 215-255, 434
openbb_terminal/forex/technical_analysis/ta_controller.py                            181     10    94%   117, 820-850, 860-879
openbb_terminal/helper_classes.py                                                    152     25    84%   18, 22-41, 82, 150, 155-156, 162-164, 171-172, 287, 367
openbb_terminal/helper_funcs.py                                                      589    241    59%   36, 75-77, 94-106, 110-111, 130, 159-197, 239, 252, 271, 281-284, 294, 305, 313-318, 338-343, 367, 373-384, 400-408, 415-417, 422-429, 438, 457-522, 578, 644, 648, 654, 669-670, 687, 690, 713, 738, 746-754, 759-769, 812, 827-829, 844, 932, 942-944, 955, 966-968, 973-976, 1019, 1023, 1057, 1071, 1082-1096, 1101-1107, 1112-1122, 1129-1135, 1145-1154, 1225, 1228-1239, 1248, 1256, 1258, 1261-1270, 1299, 1314-1335, 1375-1377
openbb_terminal/jupyter/dashboards/dashboards_controller.py                           63     25    60%   61, 66, 71, 76, 81, 86, 90-147
openbb_terminal/jupyter/jupyter_controller.py                                         29      4    86%   49-53, 58-62
openbb_terminal/jupyter/widget_helpers.py                                             29     19    34%   14-18, 38-43, 48-54, 74-79, 84, 89, 93-97
openbb_terminal/keys_controller.py                                                   897     79    91%   80-84, 111-112, 134-135, 140-141, 164-166, 185-190, 208-213, 231-236, 259-264, 280-281, 302-307, 323-325, 355-356, 387-388, 393-394, 476-477, 499-500, 504-506, 528-533, 557-559, 583-584, 609-610, 631-633, 655-657, 685-687, 731, 733
openbb_terminal/loggers.py                                                           100     30    70%   14-15, 57-66, 75, 85, 91-95, 99-103, 107-111, 136, 138, 140, 144
openbb_terminal/menu.py                                                               24      8    67%   14-20, 27
openbb_terminal/mutual_funds/avanza_model.py                                          16      7    56%   26-35
openbb_terminal/mutual_funds/avanza_view.py                                           59     59     0%   2-112
openbb_terminal/mutual_funds/investpy_model.py                                        63     42    33%   33-37, 51, 72-80, 99-107, 126, 163-193
openbb_terminal/mutual_funds/investpy_view.py                                         58     36    38%   52-71, 87-99, 113-125, 148-162
openbb_terminal/mutual_funds/mutual_fund_controller.py                               197    197     0%   2-525
openbb_terminal/mutual_funds/yfinance_model.py                                         9      1    89%   28
openbb_terminal/mutual_funds/yfinance_view.py                                         53     37    30%   37-88, 100-126
openbb_terminal/parent_classes.py                                                    297     64    78%   95, 109, 111, 113, 122-124, 138, 142, 274-279, 292, 298, 330-332, 490-493, 509-527, 537, 543, 579-688
openbb_terminal/portfolio/brokers/ally/ally_controller.py                             63     34    46%   41-46, 50-59, 64-74, 79-97, 104-114, 119-137, 142-177
openbb_terminal/portfolio/brokers/ally/ally_model.py                                  34     16    53%   23-24, 41-53, 65-66, 78-79, 95-96, 121-122
openbb_terminal/portfolio/brokers/ally/ally_view.py                                   40     22    45%   17-26, 40-46, 63-87, 99-103, 125-133
openbb_terminal/portfolio/brokers/bro_controller.py                                   40     12    70%   32-39, 43-49, 54, 59, 64, 71
openbb_terminal/portfolio/brokers/brokers_helpers.py                                  17     17     0%   1-38
openbb_terminal/portfolio/brokers/coinbase/coinbase_controller.py                     71     39    45%   51-56, 71-101, 109-141, 148-186, 193-236
openbb_terminal/portfolio/brokers/coinbase/coinbase_model.py                         106     38    64%   58-64, 67-68, 93-96, 116, 159-165, 168-169, 172-176, 185-187, 232-238, 241-243, 280, 283-289, 292-293, 302
openbb_terminal/portfolio/brokers/coinbase/coinbase_view.py                           53      4    92%   31, 68, 105, 151
openbb_terminal/portfolio/brokers/degiro/degiro_model.py                             135     19    86%   69-93, 120-129, 150-161
openbb_terminal/portfolio/brokers/degiro/degiro_view.py                              239    132    45%   77-86, 91, 96, 101-107, 112-120, 125-176, 181, 189-204, 216-228, 236, 240-251, 256, 261-285, 290-294, 299-306, 312-319, 324, 329-335, 340, 345, 350-363, 368-384, 389, 393-405, 410-424, 429, 433-442, 447-456, 461-477, 482, 487, 492
openbb_terminal/portfolio/brokers/robinhood/robinhood_controller.py                   49     21    57%   37-45, 49-55, 61, 66-76, 81-109
openbb_terminal/portfolio/brokers/robinhood/robinhood_model.py                        61     39    36%   24-25, 31, 43-44, 61-75, 94-116
openbb_terminal/portfolio/brokers/robinhood/robinhood_view.py                         27     10    63%   43-48, 69-93
openbb_terminal/portfolio/portfolio_analysis/pa_controller.py                         71     17    76%   69-130, 142, 179, 211
openbb_terminal/portfolio/portfolio_analysis/portfolio_model.py                       30     19    37%   48-85
openbb_terminal/portfolio/portfolio_analysis/portfolio_view.py                        17      8    53%   30-38
openbb_terminal/portfolio/portfolio_analysis/yfinance_model.py                        18      9    50%   17-31
openbb_terminal/portfolio/portfolio_controller.py                                    269    179    33%   146, 170-179, 184-211, 242, 253-254, 259-326, 331-391, 396-409, 441-499, 512-557, 569-604, 609-653, 660-700, 709-731, 736-752, 757-795
openbb_terminal/portfolio/portfolio_helper.py                                         16     11    31%   20-21, 37-46, 62
openbb_terminal/portfolio/portfolio_model.py                                         205    152    26%   39-46, 71-92, 109-135, 152-165, 196-200, 238-270, 276-277, 282, 288-388, 394-421, 428-444, 451-454, 473-479, 513-549
openbb_terminal/portfolio/portfolio_optimization/optimizer_helper.py                   7      1    86%   107
openbb_terminal/portfolio/portfolio_optimization/optimizer_model.py                   70     40    43%   36, 59-72, 97-99, 122-124, 154-156, 186-188, 218-220, 238-240, 258-269
openbb_terminal/portfolio/portfolio_optimization/optimizer_view.py                   188    148    21%   52-74, 97-101, 127-134, 163-173, 199-208, 240-255, 287-306, 338-359, 383-426, 432-435, 453-528
openbb_terminal/portfolio/portfolio_optimization/po_controller.py                    216     36    83%   247-250, 283-286, 322-325, 370-373, 427-430, 476-479, 541-544, 547, 605, 618-621, 624-627, 681, 694-697, 700-703, 733, 754-757, 788-789, 795, 798, 821-822, 828, 831
openbb_terminal/portfolio/portfolio_optimization/yahoo_finance_model.py               14      5    64%   32-38
openbb_terminal/portfolio/portfolio_view.py                                          112     88    21%   42-56, 76-93, 113-142, 175-239, 263-278
openbb_terminal/portfolio/reportlab_helpers.py                                        36     36     0%   2-107
openbb_terminal/portfolio/yfinance_model.py                                           40     29    28%   28-43, 59-64, 82-87, 91-105
openbb_terminal/rich_config.py                                                        32      6    81%   35, 45, 57-67, 72
openbb_terminal/stocks/backtesting/bt_controller.py                                   80      8    90%   77-103
openbb_terminal/stocks/backtesting/bt_view.py                                         97     45    54%   46-104, 144-148, 204-208, 268-272
openbb_terminal/stocks/behavioural_analysis/ba_controller.py                         269     43    84%   135, 156, 174, 197, 229, 262, 309, 357, 408, 459, 488, 519, 534-588, 611, 642, 677, 721, 866-888, 893-914
openbb_terminal/stocks/behavioural_analysis/cramer_model.py                           44      1    98%   46
openbb_terminal/stocks/behavioural_analysis/cramer_view.py                            58      9    84%   41-42, 74-75, 83-87
openbb_terminal/stocks/behavioural_analysis/finnhub_model.py                          34     18    47%   41-48, 67-83
openbb_terminal/stocks/behavioural_analysis/finnhub_view.py                           48     28    42%   45-129
openbb_terminal/stocks/comparison_analysis/ca_controller.py                          316     35    89%   175, 186, 218, 235, 265, 272, 279, 296, 327, 337, 354, 377, 386, 404, 426, 432, 457, 463, 474, 497, 542, 557, 591, 603, 634, 664, 677, 785, 819, 843, 869, 895, 921, 947, 973
openbb_terminal/stocks/comparison_analysis/finbrain_model.py                          30      5    83%   45-52, 55
openbb_terminal/stocks/comparison_analysis/finbrain_view.py                           75     12    84%   52, 60-64, 145, 153-157
openbb_terminal/stocks/comparison_analysis/finnhub_model.py                           24      3    88%   30, 32, 34
openbb_terminal/stocks/comparison_analysis/finviz_compare_model.py                    45      6    87%   90-95
openbb_terminal/stocks/comparison_analysis/marketwatch_model.py                       81      7    91%   51, 56, 106, 135, 204-206
openbb_terminal/stocks/comparison_analysis/marketwatch_view.py                        43      3    93%   60, 109, 161
openbb_terminal/stocks/comparison_analysis/polygon_model.py                           31      2    94%   52, 54
openbb_terminal/stocks/comparison_analysis/yahoo_finance_model.py                     68      5    93%   137-141
openbb_terminal/stocks/comparison_analysis/yahoo_finance_view.py                      95     21    78%   68-72, 87-91, 138-142, 192-196, 207-211
openbb_terminal/stocks/dark_pool_shorts/dps_controller.py                            145      9    94%   131, 144-165, 241
openbb_terminal/stocks/dark_pool_shorts/finra_model.py                                93      6    94%   231, 244-248, 285-286
openbb_terminal/stocks/dark_pool_shorts/finra_view.py                                 88     19    78%   50-54, 68-80, 102-107, 136, 178-182
openbb_terminal/stocks/dark_pool_shorts/ibkr_model.py                                 22     13    41%   24-38
openbb_terminal/stocks/dark_pool_shorts/ibkr_view.py                                  16      6    62%   26-39
openbb_terminal/stocks/dark_pool_shorts/nyse_model.py                                 30      7    77%   43-44, 49-61
openbb_terminal/stocks/dark_pool_shorts/nyse_view.py                                  45     10    78%   61, 64-67, 77-81, 121
openbb_terminal/stocks/dark_pool_shorts/quandl_model.py                               22      4    82%   46-50
openbb_terminal/stocks/dark_pool_shorts/quandl_view.py                                55     22    60%   55-96
openbb_terminal/stocks/dark_pool_shorts/sec_model.py                                  62     10    84%   53, 87-96, 105
openbb_terminal/stocks/dark_pool_shorts/sec_view.py                                   43      7    84%   66-70, 84-85
openbb_terminal/stocks/dark_pool_shorts/shortinterest_model.py                        31      1    97%   45
openbb_terminal/stocks/dark_pool_shorts/shortinterest_view.py                         18      2    89%   29-30
openbb_terminal/stocks/dark_pool_shorts/stockgrid_model.py                            42      1    98%   48
openbb_terminal/stocks/dark_pool_shorts/stockgrid_view.py                            114     10    91%   190-194, 320-324
openbb_terminal/stocks/dark_pool_shorts/yahoofinance_view.py                          18      1    94%   31
openbb_terminal/stocks/discovery/ark_model.py                                         45      4    91%   45, 113-115
openbb_terminal/stocks/discovery/disc_controller.py                                  218     30    86%   170-211, 261, 316, 348, 377, 409, 439, 470, 501, 532, 566, 639, 683, 731, 767, 805, 844, 878
openbb_terminal/stocks/discovery/fidelity_model.py                                    39      3    92%   47, 51-52
openbb_terminal/stocks/discovery/financedatabase_view.py                              30      6    80%   56-58, 75, 77, 79
openbb_terminal/stocks/discovery/finnhub_model.py                                     23      2    91%   49, 53
openbb_terminal/stocks/discovery/nasdaq_model.py                                      46     14    70%   41-47, 78, 95-103
openbb_terminal/stocks/discovery/nasdaq_view.py                                       34      3    91%   34, 85-89
openbb_terminal/stocks/discovery/seeking_alpha_model.py                               73     11    85%   94-98, 122, 127, 156-169
openbb_terminal/stocks/discovery/seeking_alpha_view.py                                64     19    70%   39-40, 58-59, 72-77, 104, 122-136, 139, 164
openbb_terminal/stocks/due_diligence/business_insider_model.py                        94      1    99%   191
openbb_terminal/stocks/due_diligence/business_insider_view.py                         60      8    87%   78-82, 89-90, 99
openbb_terminal/stocks/due_diligence/dd_controller.py                                108      6    94%   148, 208, 244, 278, 321, 353
openbb_terminal/stocks/due_diligence/finnhub_model.py                                 22      1    95%   43
openbb_terminal/stocks/due_diligence/finnhub_view.py                                  50      5    90%   52-56
openbb_terminal/stocks/due_diligence/finviz_view.py                                   35      1    97%   61
openbb_terminal/stocks/due_diligence/fmp_model.py                                     17      4    76%   32-36
openbb_terminal/stocks/fundamental_analysis/av_model.py                              240     73    70%   48, 176, 180, 200, 229, 233, 243, 253, 280, 284, 291, 294, 300-304, 425-426, 433-515, 539-541, 564-565
openbb_terminal/stocks/fundamental_analysis/av_view.py                               111     30    73%   173-185, 211-218, 240-244, 256, 285-308
openbb_terminal/stocks/fundamental_analysis/business_insider_model.py                 42     19    55%   57-97
openbb_terminal/stocks/fundamental_analysis/business_insider_view.py                  19      3    84%   34-43
openbb_terminal/stocks/fundamental_analysis/dcf_model.py                             199     22    89%   395, 397, 409, 414, 417, 420, 429, 432-435, 457, 476, 508-514, 604-612
openbb_terminal/stocks/fundamental_analysis/dcf_view.py                              365     28    92%   108, 118, 124, 459-463, 618-757
openbb_terminal/stocks/fundamental_analysis/fa_controller.py                         224     29    87%   266-284, 291-301, 322, 349, 372, 392, 412, 417-451, 918-924
openbb_terminal/stocks/fundamental_analysis/financial_modeling_prep/fmp_model.py     170     44    74%   46-47, 59-63, 76-80, 124, 133-134, 164, 174-175, 203, 210-214, 242, 252-256, 283, 291-295, 322, 330-334, 361, 369-373, 402, 415-416
openbb_terminal/stocks/fundamental_analysis/financial_modeling_prep/fmp_view.py      137     16    88%   34-35, 63-64, 82, 144, 192-193, 235-236, 276-277, 313-314, 350-351
openbb_terminal/stocks/fundamental_analysis/market_watch_model.py                    139     15    89%   65, 90, 101, 191, 315-326, 331-338
openbb_terminal/stocks/fundamental_analysis/market_watch_view.py                      75      2    97%   271-272
openbb_terminal/stocks/fundamental_analysis/yahoo_finance_model.py                    95      3    97%   39, 141, 180
openbb_terminal/stocks/fundamental_analysis/yahoo_finance_view.py                    163     60    63%   38-39, 50-51, 78-80, 172-173, 237-265, 304-357, 382-383, 389-393
openbb_terminal/stocks/government/gov_controller.py                                  148      8    95%   136, 191, 247, 296, 345, 424, 466, 527
openbb_terminal/stocks/government/quiverquant_model.py                                59      5    92%   50, 56, 79, 94, 139
openbb_terminal/stocks/government/quiverquant_view.py                                314     98    69%   80, 91-102, 187-194, 202-206, 306-314, 322-326, 401-418, 445-472, 519-554, 605-623, 663, 674-678, 773, 785-789, 859-877
openbb_terminal/stocks/insider/businessinsider_view.py                                68     12    82%   64-65, 69, 89-93, 98, 139, 162, 168
openbb_terminal/stocks/insider/insider_controller.py                                 310     10    97%   207-221
openbb_terminal/stocks/insider/openinsider_model.py                                  346     43    88%   570-572, 672-673, 702, 733, 775-777, 912, 1078, 1120-1121, 1162, 1167, 1178, 1180, 1182, 1184, 1186, 1188, 1190, 1192, 1194, 1196, 1207, 1209, 1211, 1213, 1215, 1217, 1219, 1221, 1223, 1225, 1227, 1271-1272, 1287, 1321-1322, 1370
openbb_terminal/stocks/insider/openinsider_view.py                                   109      9    92%   181, 193, 255-256, 259, 273, 277, 281, 294
openbb_terminal/stocks/options/alphaquery_view.py                                     32      5    84%   52-56
openbb_terminal/stocks/options/calculator_view.py                                     39      5    87%   49-53
openbb_terminal/stocks/options/chartexchange_model.py                                 36      2    94%   54-55
openbb_terminal/stocks/options/chartexchange_view.py                                  41      7    83%   92-98
openbb_terminal/stocks/options/op_helpers.py                                          95     17    82%   57-58, 86, 112, 190-191, 194-202, 210, 242-243, 253, 273-275, 304, 327
openbb_terminal/stocks/options/options_controller.py                                 376     33    91%   591, 597-600, 607-612, 718, 794, 1102, 1123-1143, 1150-1214
openbb_terminal/stocks/options/payoff_controller.py                                  141     25    82%   81-82, 117, 203, 208-252, 275
openbb_terminal/stocks/options/pricing_controller.py                                  85      3    96%   76, 148, 226
openbb_terminal/stocks/options/screener_controller.py                                 79      5    94%   105-107, 188, 200
openbb_terminal/stocks/options/syncretism_model.py                                   100     18    82%   173, 186, 294-296, 300, 303-309, 312-315, 319, 321
openbb_terminal/stocks/options/syncretism_view.py                                     73      7    90%   154-158, 169-170
openbb_terminal/stocks/options/tradier_view.py                                       243     16    93%   85, 255-259, 346, 490, 657-664
openbb_terminal/stocks/options/yfinance_model.py                                      93     14    85%   87-91, 106-111, 125-128, 191
openbb_terminal/stocks/options/yfinance_view.py                                      466    119    74%   115-119, 209-213, 341-344, 350-354, 495-496, 504-508, 520-521, 525-526, 551-555, 558-559, 610, 615-617, 621, 649, 651, 709, 773-777, 819-851, 916-921, 927, 931-952, 955, 984-1013, 1084, 1102
openbb_terminal/stocks/prediction_techniques/pred_api.py                              12      9    25%   12-40
openbb_terminal/stocks/prediction_techniques/pred_controller.py                      176    166     6%   26-710
openbb_terminal/stocks/quantitative_analysis/qa_controller.py                        245     48    80%   157, 246-286, 757-809, 822-862, 874-903, 908-946, 953-987
openbb_terminal/stocks/screener/finviz_model.py                                       63     14    78%   105-110, 127-130, 133-137, 151-159
openbb_terminal/stocks/screener/finviz_view.py                                        57     19    67%   186-189, 202-203, 211-233
openbb_terminal/stocks/screener/screener_controller.py                               210     12    94%   331, 344, 408, 421, 486, 499, 564, 577, 642, 655, 720, 733
openbb_terminal/stocks/screener/yahoofinance_view.py                                  76     12    84%   90, 111-115, 121-126, 143, 166-167
openbb_terminal/stocks/sector_industry_analysis/financedatabase_view.py              348    178    49%   129, 147-152, 156-157, 165-166, 176, 194, 196, 229-232, 315-321, 326-335, 344-348, 363-368, 412-523, 581-676, 734-822, 877-878, 907-915, 921-932, 941-945, 960-965
openbb_terminal/stocks/sector_industry_analysis/sia_controller.py                    387     71    82%   344, 417, 451-461, 484, 511-522, 545, 570-580, 609, 667-670, 681-705, 815-857, 862-923, 964, 1015, 1066, 1117, 1168
openbb_terminal/stocks/sector_industry_analysis/stockanalysis_model.py                54      8    85%   130-131, 138-148, 156-157, 166
openbb_terminal/stocks/sector_industry_analysis/stockanalysis_view.py                 78     60    23%   91-210
openbb_terminal/stocks/stocks_controller.py                                          205     15    93%   99, 205, 334-335, 398, 610, 619-646, 650
openbb_terminal/stocks/stocks_helper.py                                              381    122    68%   128-136, 143, 155-174, 179-180, 187, 190-191, 195-200, 221, 225-227, 229, 318-340, 381-382, 387, 391-405, 429-430, 435, 486-488, 493-503, 547-554, 558-565, 589-602, 617-630, 708, 745, 770-774, 780-783, 827-829, 925-935, 943, 973-1023, 1047, 1080-1081, 1109, 1136, 1160
openbb_terminal/stocks/technical_analysis/finnhub_model.py                            23      2    91%   46, 48
openbb_terminal/stocks/technical_analysis/finnhub_view.py                             73      7    90%   148-154
openbb_terminal/stocks/technical_analysis/finviz_view.py                              30      5    83%   42-46
openbb_terminal/stocks/technical_analysis/ta_controller.py                           274      8    97%   159, 166-175, 554-555
openbb_terminal/terminal_helper.py                                                   119     50    58%   27-28, 49, 51, 54-57, 82-83, 91-106, 143-149, 153-168, 179-185, 195, 237-243
openbb_terminal/thought_of_the_day.py                                                 61     25    59%   24-34, 107-124, 129-139
----------------------------------------------------------------------------------------------------------------
TOTAL                                                                              37117  12437    66%

191 files skipped due to complete coverage.

========= 3184 passed, 32 skipped, 339 deselected in 277.34s (0:04:37) =========